#
# There is insufficient memory for the Java Runtime Environment to continue.
# Native memory allocation (malloc) failed to allocate 1086096 bytes for Chunk::new
# Possible reasons:
#   The system is out of physical RAM or swap space
#   The process is running with CompressedOops enabled, and the Java Heap may be blocking the growth of the native heap
# Possible solutions:
#   Reduce memory load on the system
#   Increase physical memory or swap space
#   Check if swap backing store is full
#   Decrease Java heap size (-Xmx/-Xms)
#   Decrease number of Java threads
#   Decrease Java thread stack sizes (-Xss)
#   Set larger code cache with -XX:ReservedCodeCacheSize=
#   JVM is running with Unscaled Compressed Oops mode in which the Java heap is
#     placed in the first 4GB address space. The Java Heap base address is the
#     maximum limit for the native heap growth. Please use -XX:HeapBaseMinAddress
#     to set the Java Heap base and to place the Java Heap above 4GB virtual address.
# This output file may be truncated or incomplete.
#
#  Out of Memory Error (./src/hotspot/share/memory/arena.cpp:197), pid=15184, tid=6484
#
# JRE version: OpenJDK Runtime Environment (11.0.13) (build 11.0.13+0-b1751.21-8125866)
# Java VM: OpenJDK 64-Bit Server VM (11.0.13+0-b1751.21-8125866, mixed mode, tiered, compressed oops, g1 gc, windows-amd64)
# No core dump will be written. Minidumps are not enabled by default on client versions of Windows
#

---------------  S U M M A R Y ------------

Command Line: --add-opens=java.base/java.util=ALL-UNNAMED --add-opens=java.base/java.lang=ALL-UNNAMED --add-opens=java.base/java.lang.invoke=ALL-UNNAMED --add-opens=java.base/java.util=ALL-UNNAMED --add-opens=java.prefs/java.util.prefs=ALL-UNNAMED --add-opens=java.prefs/java.util.prefs=ALL-UNNAMED --add-opens=java.base/java.nio.charset=ALL-UNNAMED --add-opens=java.base/java.net=ALL-UNNAMED --add-opens=java.base/java.util.concurrent.atomic=ALL-UNNAMED -Xmx2048m -Dfile.encoding=UTF-8 -Duser.country=KR -Duser.language=ko -Duser.variant org.gradle.launcher.daemon.bootstrap.GradleDaemon 7.4

Host: 11th Gen Intel(R) Core(TM) i5-1155G7 @ 2.50GHz, 8 cores, 15G,  Windows 11 , 64 bit Build 22621 (10.0.22621.755)
Time: Fri Nov 25 22:42:21 2022 대한민국 표준시 elapsed time: 2.462573 seconds (0d 0h 0m 2s)

---------------  T H R E A D  ---------------

Current thread (0x0000029027a4f000):  JavaThread "C2 CompilerThread1" daemon [_thread_in_native, id=6484, stack(0x0000009409500000,0x0000009409600000)]


Current CompileTask:
C2:   2462 2079   !   4       java.net.URLClassLoader$1::run (81 bytes)

Stack: [0x0000009409500000,0x0000009409600000]
Native frames: (J=compiled Java code, j=interpreted, Vv=VM code, C=native code)
V  [jvm.dll+0x6100fa]
V  [jvm.dll+0x747090]
V  [jvm.dll+0x7486ad]
V  [jvm.dll+0x748d83]
V  [jvm.dll+0x24ab48]
V  [jvm.dll+0xc04dc]
V  [jvm.dll+0xc0a0c]
V  [jvm.dll+0x2bfab4]
V  [jvm.dll+0x524238]
V  [jvm.dll+0x20b193]
V  [jvm.dll+0x204ca0]
V  [jvm.dll+0x2023c2]
V  [jvm.dll+0x188e01]
V  [jvm.dll+0x21106b]
V  [jvm.dll+0x20f8c1]
V  [jvm.dll+0x70de0f]
V  [jvm.dll+0x706a75]
V  [jvm.dll+0x60ed66]
C  [ucrtbase.dll+0x29363]
C  [KERNEL32.DLL+0x1244d]
C  [ntdll.dll+0x5dfb8]


---------------  P R O C E S S  ---------------

Threads class SMR info:
_java_thread_list=0x000002902a389b10, length=25, elements={
0x000002900ca76800, 0x000002902777d000, 0x000002902777e000, 0x00000290277a0000,
0x00000290277a1000, 0x00000290277a2800, 0x00000290277a4800, 0x00000290277a5800,
0x00000290277fe800, 0x0000029027970000, 0x0000029027a4f000, 0x0000029027cf3000,
0x000002902a9ce000, 0x000002902a724000, 0x000002902a091000, 0x000002902a780800,
0x0000029029c02000, 0x000002902a77d800, 0x0000029028f3b800, 0x000002902af73000,
0x0000029029f72000, 0x0000029028e8d000, 0x0000029029f63000, 0x0000029029f64000,
0x0000029029f66800
}

Java Threads: ( => current thread )
  0x000002900ca76800 JavaThread "main" [_thread_blocked, id=21556, stack(0x0000009408400000,0x0000009408500000)]
  0x000002902777d000 JavaThread "Reference Handler" daemon [_thread_blocked, id=5184, stack(0x0000009408b00000,0x0000009408c00000)]
  0x000002902777e000 JavaThread "Finalizer" daemon [_thread_blocked, id=3524, stack(0x0000009408c00000,0x0000009408d00000)]
  0x00000290277a0000 JavaThread "Signal Dispatcher" daemon [_thread_blocked, id=17624, stack(0x0000009408d00000,0x0000009408e00000)]
  0x00000290277a1000 JavaThread "Attach Listener" daemon [_thread_blocked, id=22048, stack(0x0000009408e00000,0x0000009408f00000)]
  0x00000290277a2800 JavaThread "Service Thread" daemon [_thread_blocked, id=20028, stack(0x0000009408f00000,0x0000009409000000)]
  0x00000290277a4800 JavaThread "C2 CompilerThread0" daemon [_thread_in_native, id=14592, stack(0x0000009409000000,0x0000009409100000)]
  0x00000290277a5800 JavaThread "C1 CompilerThread0" daemon [_thread_in_vm, id=13568, stack(0x0000009409100000,0x0000009409200000)]
  0x00000290277fe800 JavaThread "Sweeper thread" daemon [_thread_blocked, id=18548, stack(0x0000009409200000,0x0000009409300000)]
  0x0000029027970000 JavaThread "Common-Cleaner" daemon [_thread_blocked, id=5524, stack(0x0000009409300000,0x0000009409400000)]
=>0x0000029027a4f000 JavaThread "C2 CompilerThread1" daemon [_thread_in_native, id=6484, stack(0x0000009409500000,0x0000009409600000)]
  0x0000029027cf3000 JavaThread "C2 CompilerThread2" daemon [_thread_in_native, id=11076, stack(0x0000009409600000,0x0000009409700000)]
  0x000002902a9ce000 JavaThread "Daemon health stats" [_thread_blocked, id=8796, stack(0x0000009409c00000,0x0000009409d00000)]
  0x000002902a724000 JavaThread "Incoming local TCP Connector on port 51807" [_thread_in_native, id=11208, stack(0x0000009409d00000,0x0000009409e00000)]
  0x000002902a091000 JavaThread "Daemon periodic checks" [_thread_blocked, id=15520, stack(0x0000009409e00000,0x0000009409f00000)]
  0x000002902a780800 JavaThread "Daemon" [_thread_blocked, id=20928, stack(0x0000009409f00000,0x000000940a000000)]
  0x0000029029c02000 JavaThread "Handler for socket connection from /127.0.0.1:51807 to /127.0.0.1:51808" [_thread_in_native, id=15984, stack(0x000000940a000000,0x000000940a100000)]
  0x000002902a77d800 JavaThread "Cancel handler" [_thread_blocked, id=18884, stack(0x000000940a100000,0x000000940a200000)]
  0x0000029028f3b800 JavaThread "Daemon worker" [_thread_in_vm, id=17580, stack(0x000000940a200000,0x000000940a300000)]
  0x000002902af73000 JavaThread "Asynchronous log dispatcher for DefaultDaemonConnection: socket connection from /127.0.0.1:51807 to /127.0.0.1:51808" [_thread_blocked, id=21640, stack(0x000000940a300000,0x000000940a400000)]
  0x0000029029f72000 JavaThread "Stdin handler" [_thread_blocked, id=16652, stack(0x000000940a400000,0x000000940a500000)]
  0x0000029028e8d000 JavaThread "Daemon client event forwarder" [_thread_blocked, id=15924, stack(0x000000940a500000,0x000000940a600000)]
  0x0000029029f63000 JavaThread "Cache worker for journal cache (C:\Users\junni\.gradle\caches\journal-1)" [_thread_blocked, id=22300, stack(0x000000940a600000,0x000000940a700000)]
  0x0000029029f64000 JavaThread "File lock request listener" [_thread_in_native, id=18216, stack(0x000000940a700000,0x000000940a800000)]
  0x0000029029f66800 JavaThread "Cache worker for file hash cache (C:\Users\junni\.gradle\caches\7.4\fileHashes)" [_thread_blocked, id=5312, stack(0x000000940a800000,0x000000940a900000)]

Other Threads:
  0x0000029027779000 VMThread "VM Thread" [stack: 0x0000009408a00000,0x0000009408b00000] [id=16536]
  0x000002902798c800 WatcherThread [stack: 0x0000009409400000,0x0000009409500000] [id=22516]
  0x000002900ca92800 GCTaskThread "GC Thread#0" [stack: 0x0000009408500000,0x0000009408600000] [id=1900]
  0x00000290288b2000 GCTaskThread "GC Thread#1" [stack: 0x0000009409700000,0x0000009409800000] [id=9388]
  0x0000029028c06000 GCTaskThread "GC Thread#2" [stack: 0x0000009409800000,0x0000009409900000] [id=22412]
  0x0000029027ffb000 GCTaskThread "GC Thread#3" [stack: 0x0000009409900000,0x0000009409a00000] [id=14616]
  0x00000290282e7800 GCTaskThread "GC Thread#4" [stack: 0x0000009409a00000,0x0000009409b00000] [id=20876]
  0x00000290282e8000 GCTaskThread "GC Thread#5" [stack: 0x0000009409b00000,0x0000009409c00000] [id=14024]
  0x00000290297ff000 GCTaskThread "GC Thread#6" [stack: 0x000000940a900000,0x000000940aa00000] [id=21156]
  0x00000290298da800 GCTaskThread "GC Thread#7" [stack: 0x000000940aa00000,0x000000940ab00000] [id=4124]
  0x000002900cac3800 ConcurrentGCThread "G1 Main Marker" [stack: 0x0000009408600000,0x0000009408700000] [id=11680]
  0x000002900cac4800 ConcurrentGCThread "G1 Conc#0" [stack: 0x0000009408700000,0x0000009408800000] [id=2476]
  0x0000029028c6c800 ConcurrentGCThread "G1 Conc#1" [stack: 0x000000940ab00000,0x000000940ac00000] [id=14424]
  0x0000029026dc7000 ConcurrentGCThread "G1 Refine#0" [stack: 0x0000009408800000,0x0000009408900000] [id=20016]
  0x000002900cb4d000 ConcurrentGCThread "G1 Young RemSet Sampling" [stack: 0x0000009408900000,0x0000009408a00000] [id=10112]

Threads with active compile tasks:
C2 CompilerThread0   2473 1943       4       java.net.URLClassLoader$1::run (5 bytes)
C2 CompilerThread1   2473 2079   !   4       java.net.URLClassLoader$1::run (81 bytes)
C2 CompilerThread2   2473 2175       4       java.util.Arrays::copyOf (40 bytes)

VM state:not at safepoint (normal execution)

VM Mutex/Monitor currently owned by a thread: None

Heap address: 0x0000000080000000, size: 2048 MB, Compressed Oops mode: 32-bit
Narrow klass base: 0x0000000000000000, Narrow klass shift: 3
Compressed class space size: 1073741824 Address: 0x0000000100000000

Heap:
 garbage-first heap   total 258048K, used 64658K [0x0000000080000000, 0x0000000100000000)
  region size 1024K, 58 young (59392K), 11 survivors (11264K)
 Metaspace       used 25635K, capacity 26235K, committed 26492K, reserved 1073152K
  class space    used 3314K, capacity 3519K, committed 3532K, reserved 1048576K
Heap Regions: E=young(eden), S=young(survivor), O=old, HS=humongous(starts), HC=humongous(continues), CS=collection set, F=free, A=archive, TAMS=top-at-mark-start (previous, next)
|   0|0x0000000080000000, 0x0000000080000000, 0x0000000080100000|  0%| F|  |TAMS 0x0000000080000000, 0x0000000080000000| Untracked 
|   1|0x0000000080100000, 0x0000000080100000, 0x0000000080200000|  0%| F|  |TAMS 0x0000000080100000, 0x0000000080100000| Untracked 
|   2|0x0000000080200000, 0x0000000080200000, 0x0000000080300000|  0%| F|  |TAMS 0x0000000080200000, 0x0000000080200000| Untracked 
|   3|0x0000000080300000, 0x0000000080400000, 0x0000000080400000|100%|HS|  |TAMS 0x0000000080400000, 0x0000000080300000| Complete 
|   4|0x0000000080400000, 0x0000000080500000, 0x0000000080500000|100%|HC|  |TAMS 0x0000000080500000, 0x0000000080400000| Complete 
|   5|0x0000000080500000, 0x0000000080600000, 0x0000000080600000|100%|HC|  |TAMS 0x0000000080600000, 0x0000000080500000| Complete 
|   6|0x0000000080600000, 0x0000000080700000, 0x0000000080700000|100%| O|  |TAMS 0x0000000080700000, 0x0000000080600000| Untracked 
|   7|0x0000000080700000, 0x0000000080800000, 0x0000000080800000|100%| O|  |TAMS 0x0000000080800000, 0x0000000080700000| Untracked 
|   8|0x0000000080800000, 0x0000000080900000, 0x0000000080900000|100%| O|  |TAMS 0x0000000080900000, 0x0000000080800000| Untracked 
|   9|0x0000000080900000, 0x00000000809a4400, 0x0000000080a00000| 64%| O|  |TAMS 0x00000000809a4400, 0x0000000080900000| Untracked 
|  10|0x0000000080a00000, 0x0000000080a00000, 0x0000000080b00000|  0%| F|  |TAMS 0x0000000080a00000, 0x0000000080a00000| Untracked 
|  11|0x0000000080b00000, 0x0000000080b00000, 0x0000000080c00000|  0%| F|  |TAMS 0x0000000080b00000, 0x0000000080b00000| Untracked 
|  12|0x0000000080c00000, 0x0000000080c00000, 0x0000000080d00000|  0%| F|  |TAMS 0x0000000080c00000, 0x0000000080c00000| Untracked 
|  13|0x0000000080d00000, 0x0000000080d00000, 0x0000000080e00000|  0%| F|  |TAMS 0x0000000080d00000, 0x0000000080d00000| Untracked 
|  14|0x0000000080e00000, 0x0000000080e00000, 0x0000000080f00000|  0%| F|  |TAMS 0x0000000080e00000, 0x0000000080e00000| Untracked 
|  15|0x0000000080f00000, 0x0000000080f00000, 0x0000000081000000|  0%| F|  |TAMS 0x0000000080f00000, 0x0000000080f00000| Untracked 
|  16|0x0000000081000000, 0x0000000081000000, 0x0000000081100000|  0%| F|  |TAMS 0x0000000081000000, 0x0000000081000000| Untracked 
|  17|0x0000000081100000, 0x0000000081100000, 0x0000000081200000|  0%| F|  |TAMS 0x0000000081100000, 0x0000000081100000| Untracked 
|  18|0x0000000081200000, 0x0000000081200000, 0x0000000081300000|  0%| F|  |TAMS 0x0000000081200000, 0x0000000081200000| Untracked 
|  19|0x0000000081300000, 0x0000000081300000, 0x0000000081400000|  0%| F|  |TAMS 0x0000000081300000, 0x0000000081300000| Untracked 
|  20|0x0000000081400000, 0x0000000081400000, 0x0000000081500000|  0%| F|  |TAMS 0x0000000081400000, 0x0000000081400000| Untracked 
|  21|0x0000000081500000, 0x0000000081500000, 0x0000000081600000|  0%| F|  |TAMS 0x0000000081500000, 0x0000000081500000| Untracked 
|  22|0x0000000081600000, 0x0000000081600000, 0x0000000081700000|  0%| F|  |TAMS 0x0000000081600000, 0x0000000081600000| Untracked 
|  23|0x0000000081700000, 0x0000000081700000, 0x0000000081800000|  0%| F|  |TAMS 0x0000000081700000, 0x0000000081700000| Untracked 
|  24|0x0000000081800000, 0x0000000081800000, 0x0000000081900000|  0%| F|  |TAMS 0x0000000081800000, 0x0000000081800000| Untracked 
|  25|0x0000000081900000, 0x0000000081900000, 0x0000000081a00000|  0%| F|  |TAMS 0x0000000081900000, 0x0000000081900000| Untracked 
|  26|0x0000000081a00000, 0x0000000081a00000, 0x0000000081b00000|  0%| F|  |TAMS 0x0000000081a00000, 0x0000000081a00000| Untracked 
|  27|0x0000000081b00000, 0x0000000081b00000, 0x0000000081c00000|  0%| F|  |TAMS 0x0000000081b00000, 0x0000000081b00000| Untracked 
|  28|0x0000000081c00000, 0x0000000081c00000, 0x0000000081d00000|  0%| F|  |TAMS 0x0000000081c00000, 0x0000000081c00000| Untracked 
|  29|0x0000000081d00000, 0x0000000081d00000, 0x0000000081e00000|  0%| F|  |TAMS 0x0000000081d00000, 0x0000000081d00000| Untracked 
|  30|0x0000000081e00000, 0x0000000081e00000, 0x0000000081f00000|  0%| F|  |TAMS 0x0000000081e00000, 0x0000000081e00000| Untracked 
|  31|0x0000000081f00000, 0x0000000081f00000, 0x0000000082000000|  0%| F|  |TAMS 0x0000000081f00000, 0x0000000081f00000| Untracked 
|  32|0x0000000082000000, 0x0000000082000000, 0x0000000082100000|  0%| F|  |TAMS 0x0000000082000000, 0x0000000082000000| Untracked 
|  33|0x0000000082100000, 0x0000000082100000, 0x0000000082200000|  0%| F|  |TAMS 0x0000000082100000, 0x0000000082100000| Untracked 
|  34|0x0000000082200000, 0x0000000082200000, 0x0000000082300000|  0%| F|  |TAMS 0x0000000082200000, 0x0000000082200000| Untracked 
|  35|0x0000000082300000, 0x0000000082300000, 0x0000000082400000|  0%| F|  |TAMS 0x0000000082300000, 0x0000000082300000| Untracked 
|  36|0x0000000082400000, 0x0000000082400000, 0x0000000082500000|  0%| F|  |TAMS 0x0000000082400000, 0x0000000082400000| Untracked 
|  37|0x0000000082500000, 0x0000000082500000, 0x0000000082600000|  0%| F|  |TAMS 0x0000000082500000, 0x0000000082500000| Untracked 
|  38|0x0000000082600000, 0x0000000082600000, 0x0000000082700000|  0%| F|  |TAMS 0x0000000082600000, 0x0000000082600000| Untracked 
|  39|0x0000000082700000, 0x0000000082700000, 0x0000000082800000|  0%| F|  |TAMS 0x0000000082700000, 0x0000000082700000| Untracked 
|  40|0x0000000082800000, 0x0000000082800000, 0x0000000082900000|  0%| F|  |TAMS 0x0000000082800000, 0x0000000082800000| Untracked 
|  41|0x0000000082900000, 0x0000000082900000, 0x0000000082a00000|  0%| F|  |TAMS 0x0000000082900000, 0x0000000082900000| Untracked 
|  42|0x0000000082a00000, 0x0000000082a00000, 0x0000000082b00000|  0%| F|  |TAMS 0x0000000082a00000, 0x0000000082a00000| Untracked 
|  43|0x0000000082b00000, 0x0000000082b00000, 0x0000000082c00000|  0%| F|  |TAMS 0x0000000082b00000, 0x0000000082b00000| Untracked 
|  44|0x0000000082c00000, 0x0000000082c00000, 0x0000000082d00000|  0%| F|  |TAMS 0x0000000082c00000, 0x0000000082c00000| Untracked 
|  45|0x0000000082d00000, 0x0000000082d00000, 0x0000000082e00000|  0%| F|  |TAMS 0x0000000082d00000, 0x0000000082d00000| Untracked 
|  46|0x0000000082e00000, 0x0000000082e00000, 0x0000000082f00000|  0%| F|  |TAMS 0x0000000082e00000, 0x0000000082e00000| Untracked 
|  47|0x0000000082f00000, 0x0000000082f00000, 0x0000000083000000|  0%| F|  |TAMS 0x0000000082f00000, 0x0000000082f00000| Untracked 
|  48|0x0000000083000000, 0x0000000083000000, 0x0000000083100000|  0%| F|  |TAMS 0x0000000083000000, 0x0000000083000000| Untracked 
|  49|0x0000000083100000, 0x0000000083100000, 0x0000000083200000|  0%| F|  |TAMS 0x0000000083100000, 0x0000000083100000| Untracked 
|  50|0x0000000083200000, 0x0000000083200000, 0x0000000083300000|  0%| F|  |TAMS 0x0000000083200000, 0x0000000083200000| Untracked 
|  51|0x0000000083300000, 0x0000000083300000, 0x0000000083400000|  0%| F|  |TAMS 0x0000000083300000, 0x0000000083300000| Untracked 
|  52|0x0000000083400000, 0x0000000083400000, 0x0000000083500000|  0%| F|  |TAMS 0x0000000083400000, 0x0000000083400000| Untracked 
|  53|0x0000000083500000, 0x0000000083500000, 0x0000000083600000|  0%| F|  |TAMS 0x0000000083500000, 0x0000000083500000| Untracked 
|  54|0x0000000083600000, 0x0000000083600000, 0x0000000083700000|  0%| F|  |TAMS 0x0000000083600000, 0x0000000083600000| Untracked 
|  55|0x0000000083700000, 0x0000000083700000, 0x0000000083800000|  0%| F|  |TAMS 0x0000000083700000, 0x0000000083700000| Untracked 
|  56|0x0000000083800000, 0x0000000083800000, 0x0000000083900000|  0%| F|  |TAMS 0x0000000083800000, 0x0000000083800000| Untracked 
|  57|0x0000000083900000, 0x0000000083900000, 0x0000000083a00000|  0%| F|  |TAMS 0x0000000083900000, 0x0000000083900000| Untracked 
|  58|0x0000000083a00000, 0x0000000083a00000, 0x0000000083b00000|  0%| F|  |TAMS 0x0000000083a00000, 0x0000000083a00000| Untracked 
|  59|0x0000000083b00000, 0x0000000083b00000, 0x0000000083c00000|  0%| F|  |TAMS 0x0000000083b00000, 0x0000000083b00000| Untracked 
|  60|0x0000000083c00000, 0x0000000083c00000, 0x0000000083d00000|  0%| F|  |TAMS 0x0000000083c00000, 0x0000000083c00000| Untracked 
|  61|0x0000000083d00000, 0x0000000083d00000, 0x0000000083e00000|  0%| F|  |TAMS 0x0000000083d00000, 0x0000000083d00000| Untracked 
|  62|0x0000000083e00000, 0x0000000083e00000, 0x0000000083f00000|  0%| F|  |TAMS 0x0000000083e00000, 0x0000000083e00000| Untracked 
|  63|0x0000000083f00000, 0x0000000083f00000, 0x0000000084000000|  0%| F|  |TAMS 0x0000000083f00000, 0x0000000083f00000| Untracked 
|  64|0x0000000084000000, 0x0000000084000000, 0x0000000084100000|  0%| F|  |TAMS 0x0000000084000000, 0x0000000084000000| Untracked 
|  65|0x0000000084100000, 0x0000000084100000, 0x0000000084200000|  0%| F|  |TAMS 0x0000000084100000, 0x0000000084100000| Untracked 
|  66|0x0000000084200000, 0x0000000084200000, 0x0000000084300000|  0%| F|  |TAMS 0x0000000084200000, 0x0000000084200000| Untracked 
|  67|0x0000000084300000, 0x0000000084300000, 0x0000000084400000|  0%| F|  |TAMS 0x0000000084300000, 0x0000000084300000| Untracked 
|  68|0x0000000084400000, 0x0000000084400000, 0x0000000084500000|  0%| F|  |TAMS 0x0000000084400000, 0x0000000084400000| Untracked 
|  69|0x0000000084500000, 0x0000000084500000, 0x0000000084600000|  0%| F|  |TAMS 0x0000000084500000, 0x0000000084500000| Untracked 
|  70|0x0000000084600000, 0x0000000084600000, 0x0000000084700000|  0%| F|  |TAMS 0x0000000084600000, 0x0000000084600000| Untracked 
|  71|0x0000000084700000, 0x0000000084700000, 0x0000000084800000|  0%| F|  |TAMS 0x0000000084700000, 0x0000000084700000| Untracked 
|  72|0x0000000084800000, 0x0000000084800000, 0x0000000084900000|  0%| F|  |TAMS 0x0000000084800000, 0x0000000084800000| Untracked 
|  73|0x0000000084900000, 0x0000000084900000, 0x0000000084a00000|  0%| F|  |TAMS 0x0000000084900000, 0x0000000084900000| Untracked 
|  74|0x0000000084a00000, 0x0000000084a00000, 0x0000000084b00000|  0%| F|  |TAMS 0x0000000084a00000, 0x0000000084a00000| Untracked 
|  75|0x0000000084b00000, 0x0000000084b00000, 0x0000000084c00000|  0%| F|  |TAMS 0x0000000084b00000, 0x0000000084b00000| Untracked 
|  76|0x0000000084c00000, 0x0000000084c00000, 0x0000000084d00000|  0%| F|  |TAMS 0x0000000084c00000, 0x0000000084c00000| Untracked 
|  77|0x0000000084d00000, 0x0000000084d00000, 0x0000000084e00000|  0%| F|  |TAMS 0x0000000084d00000, 0x0000000084d00000| Untracked 
|  78|0x0000000084e00000, 0x0000000084e00000, 0x0000000084f00000|  0%| F|  |TAMS 0x0000000084e00000, 0x0000000084e00000| Untracked 
|  79|0x0000000084f00000, 0x0000000084f00000, 0x0000000085000000|  0%| F|  |TAMS 0x0000000084f00000, 0x0000000084f00000| Untracked 
|  80|0x0000000085000000, 0x0000000085000000, 0x0000000085100000|  0%| F|  |TAMS 0x0000000085000000, 0x0000000085000000| Untracked 
|  81|0x0000000085100000, 0x0000000085100000, 0x0000000085200000|  0%| F|  |TAMS 0x0000000085100000, 0x0000000085100000| Untracked 
|  82|0x0000000085200000, 0x0000000085200000, 0x0000000085300000|  0%| F|  |TAMS 0x0000000085200000, 0x0000000085200000| Untracked 
|  83|0x0000000085300000, 0x0000000085300000, 0x0000000085400000|  0%| F|  |TAMS 0x0000000085300000, 0x0000000085300000| Untracked 
|  84|0x0000000085400000, 0x0000000085400000, 0x0000000085500000|  0%| F|  |TAMS 0x0000000085400000, 0x0000000085400000| Untracked 
|  85|0x0000000085500000, 0x0000000085500000, 0x0000000085600000|  0%| F|  |TAMS 0x0000000085500000, 0x0000000085500000| Untracked 
|  86|0x0000000085600000, 0x0000000085600000, 0x0000000085700000|  0%| F|  |TAMS 0x0000000085600000, 0x0000000085600000| Untracked 
|  87|0x0000000085700000, 0x0000000085700000, 0x0000000085800000|  0%| F|  |TAMS 0x0000000085700000, 0x0000000085700000| Untracked 
|  88|0x0000000085800000, 0x0000000085800000, 0x0000000085900000|  0%| F|  |TAMS 0x0000000085800000, 0x0000000085800000| Untracked 
|  89|0x0000000085900000, 0x0000000085900000, 0x0000000085a00000|  0%| F|  |TAMS 0x0000000085900000, 0x0000000085900000| Untracked 
|  90|0x0000000085a00000, 0x0000000085a00000, 0x0000000085b00000|  0%| F|  |TAMS 0x0000000085a00000, 0x0000000085a00000| Untracked 
|  91|0x0000000085b00000, 0x0000000085b00000, 0x0000000085c00000|  0%| F|  |TAMS 0x0000000085b00000, 0x0000000085b00000| Untracked 
|  92|0x0000000085c00000, 0x0000000085c00000, 0x0000000085d00000|  0%| F|  |TAMS 0x0000000085c00000, 0x0000000085c00000| Untracked 
|  93|0x0000000085d00000, 0x0000000085d00000, 0x0000000085e00000|  0%| F|  |TAMS 0x0000000085d00000, 0x0000000085d00000| Untracked 
|  94|0x0000000085e00000, 0x0000000085e00000, 0x0000000085f00000|  0%| F|  |TAMS 0x0000000085e00000, 0x0000000085e00000| Untracked 
|  95|0x0000000085f00000, 0x0000000085f00000, 0x0000000086000000|  0%| F|  |TAMS 0x0000000085f00000, 0x0000000085f00000| Untracked 
|  96|0x0000000086000000, 0x0000000086000000, 0x0000000086100000|  0%| F|  |TAMS 0x0000000086000000, 0x0000000086000000| Untracked 
|  97|0x0000000086100000, 0x0000000086100000, 0x0000000086200000|  0%| F|  |TAMS 0x0000000086100000, 0x0000000086100000| Untracked 
|  98|0x0000000086200000, 0x0000000086200000, 0x0000000086300000|  0%| F|  |TAMS 0x0000000086200000, 0x0000000086200000| Untracked 
|  99|0x0000000086300000, 0x0000000086300000, 0x0000000086400000|  0%| F|  |TAMS 0x0000000086300000, 0x0000000086300000| Untracked 
| 100|0x0000000086400000, 0x0000000086400000, 0x0000000086500000|  0%| F|  |TAMS 0x0000000086400000, 0x0000000086400000| Untracked 
| 101|0x0000000086500000, 0x0000000086500000, 0x0000000086600000|  0%| F|  |TAMS 0x0000000086500000, 0x0000000086500000| Untracked 
| 102|0x0000000086600000, 0x0000000086600000, 0x0000000086700000|  0%| F|  |TAMS 0x0000000086600000, 0x0000000086600000| Untracked 
| 103|0x0000000086700000, 0x0000000086700000, 0x0000000086800000|  0%| F|  |TAMS 0x0000000086700000, 0x0000000086700000| Untracked 
| 104|0x0000000086800000, 0x0000000086800000, 0x0000000086900000|  0%| F|  |TAMS 0x0000000086800000, 0x0000000086800000| Untracked 
| 105|0x0000000086900000, 0x0000000086900000, 0x0000000086a00000|  0%| F|  |TAMS 0x0000000086900000, 0x0000000086900000| Untracked 
| 106|0x0000000086a00000, 0x0000000086a00000, 0x0000000086b00000|  0%| F|  |TAMS 0x0000000086a00000, 0x0000000086a00000| Untracked 
| 107|0x0000000086b00000, 0x0000000086b00000, 0x0000000086c00000|  0%| F|  |TAMS 0x0000000086b00000, 0x0000000086b00000| Untracked 
| 108|0x0000000086c00000, 0x0000000086c00000, 0x0000000086d00000|  0%| F|  |TAMS 0x0000000086c00000, 0x0000000086c00000| Untracked 
| 109|0x0000000086d00000, 0x0000000086d00000, 0x0000000086e00000|  0%| F|  |TAMS 0x0000000086d00000, 0x0000000086d00000| Untracked 
| 110|0x0000000086e00000, 0x0000000086e00000, 0x0000000086f00000|  0%| F|  |TAMS 0x0000000086e00000, 0x0000000086e00000| Untracked 
| 111|0x0000000086f00000, 0x0000000086f00000, 0x0000000087000000|  0%| F|  |TAMS 0x0000000086f00000, 0x0000000086f00000| Untracked 
| 112|0x0000000087000000, 0x0000000087000000, 0x0000000087100000|  0%| F|  |TAMS 0x0000000087000000, 0x0000000087000000| Untracked 
| 113|0x0000000087100000, 0x0000000087100000, 0x0000000087200000|  0%| F|  |TAMS 0x0000000087100000, 0x0000000087100000| Untracked 
| 114|0x0000000087200000, 0x0000000087200000, 0x0000000087300000|  0%| F|  |TAMS 0x0000000087200000, 0x0000000087200000| Untracked 
| 115|0x0000000087300000, 0x0000000087300000, 0x0000000087400000|  0%| F|  |TAMS 0x0000000087300000, 0x0000000087300000| Untracked 
| 116|0x0000000087400000, 0x0000000087400000, 0x0000000087500000|  0%| F|  |TAMS 0x0000000087400000, 0x0000000087400000| Untracked 
| 117|0x0000000087500000, 0x0000000087500000, 0x0000000087600000|  0%| F|  |TAMS 0x0000000087500000, 0x0000000087500000| Untracked 
| 118|0x0000000087600000, 0x0000000087600000, 0x0000000087700000|  0%| F|  |TAMS 0x0000000087600000, 0x0000000087600000| Untracked 
| 119|0x0000000087700000, 0x0000000087700000, 0x0000000087800000|  0%| F|  |TAMS 0x0000000087700000, 0x0000000087700000| Untracked 
| 120|0x0000000087800000, 0x0000000087800000, 0x0000000087900000|  0%| F|  |TAMS 0x0000000087800000, 0x0000000087800000| Untracked 
| 121|0x0000000087900000, 0x0000000087900000, 0x0000000087a00000|  0%| F|  |TAMS 0x0000000087900000, 0x0000000087900000| Untracked 
| 122|0x0000000087a00000, 0x0000000087a00000, 0x0000000087b00000|  0%| F|  |TAMS 0x0000000087a00000, 0x0000000087a00000| Untracked 
| 123|0x0000000087b00000, 0x0000000087b00000, 0x0000000087c00000|  0%| F|  |TAMS 0x0000000087b00000, 0x0000000087b00000| Untracked 
| 124|0x0000000087c00000, 0x0000000087c00000, 0x0000000087d00000|  0%| F|  |TAMS 0x0000000087c00000, 0x0000000087c00000| Untracked 
| 125|0x0000000087d00000, 0x0000000087d00000, 0x0000000087e00000|  0%| F|  |TAMS 0x0000000087d00000, 0x0000000087d00000| Untracked 
| 126|0x0000000087e00000, 0x0000000087e00000, 0x0000000087f00000|  0%| F|  |TAMS 0x0000000087e00000, 0x0000000087e00000| Untracked 
| 127|0x0000000087f00000, 0x0000000087f00000, 0x0000000088000000|  0%| F|  |TAMS 0x0000000087f00000, 0x0000000087f00000| Untracked 
| 128|0x0000000088000000, 0x0000000088000000, 0x0000000088100000|  0%| F|  |TAMS 0x0000000088000000, 0x0000000088000000| Untracked 
| 129|0x0000000088100000, 0x0000000088100000, 0x0000000088200000|  0%| F|  |TAMS 0x0000000088100000, 0x0000000088100000| Untracked 
| 130|0x0000000088200000, 0x0000000088200000, 0x0000000088300000|  0%| F|  |TAMS 0x0000000088200000, 0x0000000088200000| Untracked 
| 131|0x0000000088300000, 0x0000000088300000, 0x0000000088400000|  0%| F|  |TAMS 0x0000000088300000, 0x0000000088300000| Untracked 
| 132|0x0000000088400000, 0x0000000088400000, 0x0000000088500000|  0%| F|  |TAMS 0x0000000088400000, 0x0000000088400000| Untracked 
| 133|0x0000000088500000, 0x0000000088500000, 0x0000000088600000|  0%| F|  |TAMS 0x0000000088500000, 0x0000000088500000| Untracked 
| 134|0x0000000088600000, 0x00000000886807d8, 0x0000000088700000| 50%| S|CS|TAMS 0x0000000088600000, 0x0000000088600000| Complete 
| 135|0x0000000088700000, 0x0000000088800000, 0x0000000088800000|100%| S|CS|TAMS 0x0000000088700000, 0x0000000088700000| Complete 
| 136|0x0000000088800000, 0x0000000088900000, 0x0000000088900000|100%| S|CS|TAMS 0x0000000088800000, 0x0000000088800000| Complete 
| 137|0x0000000088900000, 0x0000000088a00000, 0x0000000088a00000|100%| S|CS|TAMS 0x0000000088900000, 0x0000000088900000| Complete 
| 138|0x0000000088a00000, 0x0000000088b00000, 0x0000000088b00000|100%| S|CS|TAMS 0x0000000088a00000, 0x0000000088a00000| Complete 
| 139|0x0000000088b00000, 0x0000000088c00000, 0x0000000088c00000|100%| S|CS|TAMS 0x0000000088b00000, 0x0000000088b00000| Complete 
| 140|0x0000000088c00000, 0x0000000088d00000, 0x0000000088d00000|100%| S|CS|TAMS 0x0000000088c00000, 0x0000000088c00000| Complete 
| 141|0x0000000088d00000, 0x0000000088e00000, 0x0000000088e00000|100%| S|CS|TAMS 0x0000000088d00000, 0x0000000088d00000| Complete 
| 142|0x0000000088e00000, 0x0000000088f00000, 0x0000000088f00000|100%| S|CS|TAMS 0x0000000088e00000, 0x0000000088e00000| Complete 
| 143|0x0000000088f00000, 0x0000000089000000, 0x0000000089000000|100%| S|CS|TAMS 0x0000000088f00000, 0x0000000088f00000| Complete 
| 144|0x0000000089000000, 0x0000000089100000, 0x0000000089100000|100%| S|CS|TAMS 0x0000000089000000, 0x0000000089000000| Complete 
| 145|0x0000000089100000, 0x0000000089100000, 0x0000000089200000|  0%| F|  |TAMS 0x0000000089100000, 0x0000000089100000| Untracked 
| 146|0x0000000089200000, 0x0000000089200000, 0x0000000089300000|  0%| F|  |TAMS 0x0000000089200000, 0x0000000089200000| Untracked 
| 147|0x0000000089300000, 0x0000000089300000, 0x0000000089400000|  0%| F|  |TAMS 0x0000000089300000, 0x0000000089300000| Untracked 
| 148|0x0000000089400000, 0x0000000089400000, 0x0000000089500000|  0%| F|  |TAMS 0x0000000089400000, 0x0000000089400000| Untracked 
| 149|0x0000000089500000, 0x0000000089500000, 0x0000000089600000|  0%| F|  |TAMS 0x0000000089500000, 0x0000000089500000| Untracked 
| 150|0x0000000089600000, 0x0000000089600000, 0x0000000089700000|  0%| F|  |TAMS 0x0000000089600000, 0x0000000089600000| Untracked 
| 151|0x0000000089700000, 0x0000000089700000, 0x0000000089800000|  0%| F|  |TAMS 0x0000000089700000, 0x0000000089700000| Untracked 
| 152|0x0000000089800000, 0x0000000089800000, 0x0000000089900000|  0%| F|  |TAMS 0x0000000089800000, 0x0000000089800000| Untracked 
| 153|0x0000000089900000, 0x0000000089900000, 0x0000000089a00000|  0%| F|  |TAMS 0x0000000089900000, 0x0000000089900000| Untracked 
| 154|0x0000000089a00000, 0x0000000089a00000, 0x0000000089b00000|  0%| F|  |TAMS 0x0000000089a00000, 0x0000000089a00000| Untracked 
| 155|0x0000000089b00000, 0x0000000089b00000, 0x0000000089c00000|  0%| F|  |TAMS 0x0000000089b00000, 0x0000000089b00000| Untracked 
| 156|0x0000000089c00000, 0x0000000089c00000, 0x0000000089d00000|  0%| F|  |TAMS 0x0000000089c00000, 0x0000000089c00000| Untracked 
| 157|0x0000000089d00000, 0x0000000089d00000, 0x0000000089e00000|  0%| F|  |TAMS 0x0000000089d00000, 0x0000000089d00000| Untracked 
| 158|0x0000000089e00000, 0x0000000089e00000, 0x0000000089f00000|  0%| F|  |TAMS 0x0000000089e00000, 0x0000000089e00000| Untracked 
| 159|0x0000000089f00000, 0x0000000089f00000, 0x000000008a000000|  0%| F|  |TAMS 0x0000000089f00000, 0x0000000089f00000| Untracked 
| 160|0x000000008a000000, 0x000000008a000000, 0x000000008a100000|  0%| F|  |TAMS 0x000000008a000000, 0x000000008a000000| Untracked 
| 161|0x000000008a100000, 0x000000008a100000, 0x000000008a200000|  0%| F|  |TAMS 0x000000008a100000, 0x000000008a100000| Untracked 
| 162|0x000000008a200000, 0x000000008a200000, 0x000000008a300000|  0%| F|  |TAMS 0x000000008a200000, 0x000000008a200000| Untracked 
| 163|0x000000008a300000, 0x000000008a300000, 0x000000008a400000|  0%| F|  |TAMS 0x000000008a300000, 0x000000008a300000| Untracked 
| 164|0x000000008a400000, 0x000000008a400000, 0x000000008a500000|  0%| F|  |TAMS 0x000000008a400000, 0x000000008a400000| Untracked 
| 165|0x000000008a500000, 0x000000008a500000, 0x000000008a600000|  0%| F|  |TAMS 0x000000008a500000, 0x000000008a500000| Untracked 
| 166|0x000000008a600000, 0x000000008a600000, 0x000000008a700000|  0%| F|  |TAMS 0x000000008a600000, 0x000000008a600000| Untracked 
| 167|0x000000008a700000, 0x000000008a700000, 0x000000008a800000|  0%| F|  |TAMS 0x000000008a700000, 0x000000008a700000| Untracked 
| 168|0x000000008a800000, 0x000000008a800000, 0x000000008a900000|  0%| F|  |TAMS 0x000000008a800000, 0x000000008a800000| Untracked 
| 169|0x000000008a900000, 0x000000008a900000, 0x000000008aa00000|  0%| F|  |TAMS 0x000000008a900000, 0x000000008a900000| Untracked 
| 170|0x000000008aa00000, 0x000000008aa00000, 0x000000008ab00000|  0%| F|  |TAMS 0x000000008aa00000, 0x000000008aa00000| Untracked 
| 171|0x000000008ab00000, 0x000000008ab00000, 0x000000008ac00000|  0%| F|  |TAMS 0x000000008ab00000, 0x000000008ab00000| Untracked 
| 172|0x000000008ac00000, 0x000000008ac00000, 0x000000008ad00000|  0%| F|  |TAMS 0x000000008ac00000, 0x000000008ac00000| Untracked 
| 173|0x000000008ad00000, 0x000000008ad00000, 0x000000008ae00000|  0%| F|  |TAMS 0x000000008ad00000, 0x000000008ad00000| Untracked 
| 174|0x000000008ae00000, 0x000000008ae00000, 0x000000008af00000|  0%| F|  |TAMS 0x000000008ae00000, 0x000000008ae00000| Untracked 
| 175|0x000000008af00000, 0x000000008af00000, 0x000000008b000000|  0%| F|  |TAMS 0x000000008af00000, 0x000000008af00000| Untracked 
| 176|0x000000008b000000, 0x000000008b000000, 0x000000008b100000|  0%| F|  |TAMS 0x000000008b000000, 0x000000008b000000| Untracked 
| 177|0x000000008b100000, 0x000000008b100000, 0x000000008b200000|  0%| F|  |TAMS 0x000000008b100000, 0x000000008b100000| Untracked 
| 178|0x000000008b200000, 0x000000008b200000, 0x000000008b300000|  0%| F|  |TAMS 0x000000008b200000, 0x000000008b200000| Untracked 
| 179|0x000000008b300000, 0x000000008b300000, 0x000000008b400000|  0%| F|  |TAMS 0x000000008b300000, 0x000000008b300000| Untracked 
| 180|0x000000008b400000, 0x000000008b400000, 0x000000008b500000|  0%| F|  |TAMS 0x000000008b400000, 0x000000008b400000| Untracked 
| 181|0x000000008b500000, 0x000000008b500000, 0x000000008b600000|  0%| F|  |TAMS 0x000000008b500000, 0x000000008b500000| Untracked 
| 182|0x000000008b600000, 0x000000008b600000, 0x000000008b700000|  0%| F|  |TAMS 0x000000008b600000, 0x000000008b600000| Untracked 
| 183|0x000000008b700000, 0x000000008b700000, 0x000000008b800000|  0%| F|  |TAMS 0x000000008b700000, 0x000000008b700000| Untracked 
| 184|0x000000008b800000, 0x000000008b800000, 0x000000008b900000|  0%| F|  |TAMS 0x000000008b800000, 0x000000008b800000| Untracked 
| 185|0x000000008b900000, 0x000000008b900000, 0x000000008ba00000|  0%| F|  |TAMS 0x000000008b900000, 0x000000008b900000| Untracked 
| 186|0x000000008ba00000, 0x000000008ba00000, 0x000000008bb00000|  0%| F|  |TAMS 0x000000008ba00000, 0x000000008ba00000| Untracked 
| 187|0x000000008bb00000, 0x000000008bb00000, 0x000000008bc00000|  0%| F|  |TAMS 0x000000008bb00000, 0x000000008bb00000| Untracked 
| 188|0x000000008bc00000, 0x000000008bc00000, 0x000000008bd00000|  0%| F|  |TAMS 0x000000008bc00000, 0x000000008bc00000| Untracked 
| 189|0x000000008bd00000, 0x000000008bd00000, 0x000000008be00000|  0%| F|  |TAMS 0x000000008bd00000, 0x000000008bd00000| Untracked 
| 190|0x000000008be00000, 0x000000008be00000, 0x000000008bf00000|  0%| F|  |TAMS 0x000000008be00000, 0x000000008be00000| Untracked 
| 191|0x000000008bf00000, 0x000000008bf00000, 0x000000008c000000|  0%| F|  |TAMS 0x000000008bf00000, 0x000000008bf00000| Untracked 
| 192|0x000000008c000000, 0x000000008c000000, 0x000000008c100000|  0%| F|  |TAMS 0x000000008c000000, 0x000000008c000000| Untracked 
| 193|0x000000008c100000, 0x000000008c100000, 0x000000008c200000|  0%| F|  |TAMS 0x000000008c100000, 0x000000008c100000| Untracked 
| 194|0x000000008c200000, 0x000000008c200000, 0x000000008c300000|  0%| F|  |TAMS 0x000000008c200000, 0x000000008c200000| Untracked 
| 195|0x000000008c300000, 0x000000008c300000, 0x000000008c400000|  0%| F|  |TAMS 0x000000008c300000, 0x000000008c300000| Untracked 
| 196|0x000000008c400000, 0x000000008c400000, 0x000000008c500000|  0%| F|  |TAMS 0x000000008c400000, 0x000000008c400000| Untracked 
| 197|0x000000008c500000, 0x000000008c500000, 0x000000008c600000|  0%| F|  |TAMS 0x000000008c500000, 0x000000008c500000| Untracked 
| 198|0x000000008c600000, 0x000000008c600000, 0x000000008c700000|  0%| F|  |TAMS 0x000000008c600000, 0x000000008c600000| Untracked 
| 199|0x000000008c700000, 0x000000008c700000, 0x000000008c800000|  0%| F|  |TAMS 0x000000008c700000, 0x000000008c700000| Untracked 
| 200|0x000000008c800000, 0x000000008c800000, 0x000000008c900000|  0%| F|  |TAMS 0x000000008c800000, 0x000000008c800000| Untracked 
| 201|0x000000008c900000, 0x000000008c900000, 0x000000008ca00000|  0%| F|  |TAMS 0x000000008c900000, 0x000000008c900000| Untracked 
| 202|0x000000008ca00000, 0x000000008ca00000, 0x000000008cb00000|  0%| F|  |TAMS 0x000000008ca00000, 0x000000008ca00000| Untracked 
| 203|0x000000008cb00000, 0x000000008cb00000, 0x000000008cc00000|  0%| F|  |TAMS 0x000000008cb00000, 0x000000008cb00000| Untracked 
| 204|0x000000008cc00000, 0x000000008cc00000, 0x000000008cd00000|  0%| F|  |TAMS 0x000000008cc00000, 0x000000008cc00000| Untracked 
| 205|0x000000008cd00000, 0x000000008ce00000, 0x000000008ce00000|100%| E|  |TAMS 0x000000008cd00000, 0x000000008cd00000| Complete 
| 206|0x000000008ce00000, 0x000000008cf00000, 0x000000008cf00000|100%| E|CS|TAMS 0x000000008ce00000, 0x000000008ce00000| Complete 
| 207|0x000000008cf00000, 0x000000008d000000, 0x000000008d000000|100%| E|CS|TAMS 0x000000008cf00000, 0x000000008cf00000| Complete 
| 208|0x000000008d000000, 0x000000008d100000, 0x000000008d100000|100%| E|CS|TAMS 0x000000008d000000, 0x000000008d000000| Complete 
| 209|0x000000008d100000, 0x000000008d200000, 0x000000008d200000|100%| E|CS|TAMS 0x000000008d100000, 0x000000008d100000| Complete 
| 210|0x000000008d200000, 0x000000008d300000, 0x000000008d300000|100%| E|CS|TAMS 0x000000008d200000, 0x000000008d200000| Complete 
| 211|0x000000008d300000, 0x000000008d400000, 0x000000008d400000|100%| E|CS|TAMS 0x000000008d300000, 0x000000008d300000| Complete 
| 212|0x000000008d400000, 0x000000008d500000, 0x000000008d500000|100%| E|CS|TAMS 0x000000008d400000, 0x000000008d400000| Complete 
| 213|0x000000008d500000, 0x000000008d600000, 0x000000008d600000|100%| E|CS|TAMS 0x000000008d500000, 0x000000008d500000| Complete 
| 214|0x000000008d600000, 0x000000008d700000, 0x000000008d700000|100%| E|CS|TAMS 0x000000008d600000, 0x000000008d600000| Complete 
| 215|0x000000008d700000, 0x000000008d800000, 0x000000008d800000|100%| E|CS|TAMS 0x000000008d700000, 0x000000008d700000| Complete 
| 216|0x000000008d800000, 0x000000008d900000, 0x000000008d900000|100%| E|CS|TAMS 0x000000008d800000, 0x000000008d800000| Complete 
| 217|0x000000008d900000, 0x000000008da00000, 0x000000008da00000|100%| E|CS|TAMS 0x000000008d900000, 0x000000008d900000| Complete 
| 218|0x000000008da00000, 0x000000008db00000, 0x000000008db00000|100%| E|CS|TAMS 0x000000008da00000, 0x000000008da00000| Complete 
| 219|0x000000008db00000, 0x000000008dc00000, 0x000000008dc00000|100%| E|CS|TAMS 0x000000008db00000, 0x000000008db00000| Complete 
| 220|0x000000008dc00000, 0x000000008dd00000, 0x000000008dd00000|100%| E|CS|TAMS 0x000000008dc00000, 0x000000008dc00000| Complete 
| 221|0x000000008dd00000, 0x000000008de00000, 0x000000008de00000|100%| E|CS|TAMS 0x000000008dd00000, 0x000000008dd00000| Complete 
| 222|0x000000008de00000, 0x000000008df00000, 0x000000008df00000|100%| E|CS|TAMS 0x000000008de00000, 0x000000008de00000| Complete 
| 223|0x000000008df00000, 0x000000008e000000, 0x000000008e000000|100%| E|CS|TAMS 0x000000008df00000, 0x000000008df00000| Complete 
| 224|0x000000008e000000, 0x000000008e100000, 0x000000008e100000|100%| E|CS|TAMS 0x000000008e000000, 0x000000008e000000| Complete 
| 225|0x000000008e100000, 0x000000008e200000, 0x000000008e200000|100%| E|CS|TAMS 0x000000008e100000, 0x000000008e100000| Complete 
| 226|0x000000008e200000, 0x000000008e300000, 0x000000008e300000|100%| E|CS|TAMS 0x000000008e200000, 0x000000008e200000| Complete 
| 227|0x000000008e300000, 0x000000008e400000, 0x000000008e400000|100%| E|CS|TAMS 0x000000008e300000, 0x000000008e300000| Complete 
| 228|0x000000008e400000, 0x000000008e500000, 0x000000008e500000|100%| E|CS|TAMS 0x000000008e400000, 0x000000008e400000| Complete 
| 229|0x000000008e500000, 0x000000008e600000, 0x000000008e600000|100%| E|CS|TAMS 0x000000008e500000, 0x000000008e500000| Complete 
| 230|0x000000008e600000, 0x000000008e700000, 0x000000008e700000|100%| E|CS|TAMS 0x000000008e600000, 0x000000008e600000| Complete 
| 231|0x000000008e700000, 0x000000008e800000, 0x000000008e800000|100%| E|CS|TAMS 0x000000008e700000, 0x000000008e700000| Complete 
| 232|0x000000008e800000, 0x000000008e900000, 0x000000008e900000|100%| E|CS|TAMS 0x000000008e800000, 0x000000008e800000| Complete 
| 233|0x000000008e900000, 0x000000008ea00000, 0x000000008ea00000|100%| E|CS|TAMS 0x000000008e900000, 0x000000008e900000| Complete 
| 234|0x000000008ea00000, 0x000000008eb00000, 0x000000008eb00000|100%| E|CS|TAMS 0x000000008ea00000, 0x000000008ea00000| Complete 
| 235|0x000000008eb00000, 0x000000008ec00000, 0x000000008ec00000|100%| E|CS|TAMS 0x000000008eb00000, 0x000000008eb00000| Complete 
| 236|0x000000008ec00000, 0x000000008ed00000, 0x000000008ed00000|100%| E|CS|TAMS 0x000000008ec00000, 0x000000008ec00000| Complete 
| 237|0x000000008ed00000, 0x000000008ee00000, 0x000000008ee00000|100%| E|CS|TAMS 0x000000008ed00000, 0x000000008ed00000| Complete 
| 238|0x000000008ee00000, 0x000000008ef00000, 0x000000008ef00000|100%| E|CS|TAMS 0x000000008ee00000, 0x000000008ee00000| Complete 
| 239|0x000000008ef00000, 0x000000008f000000, 0x000000008f000000|100%| E|CS|TAMS 0x000000008ef00000, 0x000000008ef00000| Complete 
| 240|0x000000008f000000, 0x000000008f100000, 0x000000008f100000|100%| E|CS|TAMS 0x000000008f000000, 0x000000008f000000| Complete 
| 241|0x000000008f100000, 0x000000008f200000, 0x000000008f200000|100%| E|CS|TAMS 0x000000008f100000, 0x000000008f100000| Complete 
| 242|0x000000008f200000, 0x000000008f300000, 0x000000008f300000|100%| E|CS|TAMS 0x000000008f200000, 0x000000008f200000| Complete 
| 243|0x000000008f300000, 0x000000008f400000, 0x000000008f400000|100%| E|CS|TAMS 0x000000008f300000, 0x000000008f300000| Complete 
| 244|0x000000008f400000, 0x000000008f500000, 0x000000008f500000|100%| E|CS|TAMS 0x000000008f400000, 0x000000008f400000| Complete 
| 245|0x000000008f500000, 0x000000008f600000, 0x000000008f600000|100%| E|CS|TAMS 0x000000008f500000, 0x000000008f500000| Complete 
| 246|0x000000008f600000, 0x000000008f700000, 0x000000008f700000|100%| E|CS|TAMS 0x000000008f600000, 0x000000008f600000| Complete 
| 247|0x000000008f700000, 0x000000008f800000, 0x000000008f800000|100%| E|CS|TAMS 0x000000008f700000, 0x000000008f700000| Complete 
| 248|0x000000008f800000, 0x000000008f900000, 0x000000008f900000|100%| E|CS|TAMS 0x000000008f800000, 0x000000008f800000| Complete 
| 249|0x000000008f900000, 0x000000008fa00000, 0x000000008fa00000|100%| E|CS|TAMS 0x000000008f900000, 0x000000008f900000| Complete 
| 250|0x000000008fa00000, 0x000000008fb00000, 0x000000008fb00000|100%| E|CS|TAMS 0x000000008fa00000, 0x000000008fa00000| Complete 
| 251|0x000000008fb00000, 0x000000008fc00000, 0x000000008fc00000|100%| E|CS|TAMS 0x000000008fb00000, 0x000000008fb00000| Complete 

Card table byte_map: [0x000002901fcc0000,0x00000290200c0000] _byte_map_base: 0x000002901f8c0000

Marking Bits (Prev, Next): (CMBitMap*) 0x000002900cabab90, (CMBitMap*) 0x000002900cabab58
 Prev Bits: [0x00000290224c0000, 0x00000290244c0000)
 Next Bits: [0x00000290204c0000, 0x00000290224c0000)

Polling page: 0x000002900ac10000

Metaspace:

Usage:
  Non-class:     22.19 MB capacity,    21.84 MB ( 98%) used,   312.23 KB (  1%) free+waste,    45.19 KB ( <1%) overhead. 
      Class:      3.44 MB capacity,     3.25 MB ( 94%) used,   175.35 KB (  5%) free+waste,    22.44 KB ( <1%) overhead. 
       Both:     25.63 MB capacity,    25.09 MB ( 98%) used,   487.58 KB (  2%) free+waste,    67.63 KB ( <1%) overhead. 

Virtual space:
  Non-class space:       24.00 MB reserved,      22.42 MB ( 93%) committed 
      Class space:        1.00 GB reserved,       3.45 MB ( <1%) committed 
             Both:        1.02 GB reserved,      25.87 MB (  2%) committed 

Chunk freelists:
   Non-Class:  44.00 KB
       Class:  0 bytes
        Both:  44.00 KB

MaxMetaspaceSize: 17179869184.00 GB
CompressedClassSpaceSize: 1.00 GB
Initial GC threshold: 20.80 MB
Current GC threshold: 35.20 MB
CDS: off

CodeHeap 'non-profiled nmethods': size=120000Kb used=1170Kb max_used=1170Kb free=118829Kb
 bounds [0x0000029018060000, 0x00000290182d0000, 0x000002901f590000]
CodeHeap 'profiled nmethods': size=120000Kb used=4561Kb max_used=4561Kb free=115438Kb
 bounds [0x0000029010b30000, 0x0000029010fb0000, 0x0000029018060000]
CodeHeap 'non-nmethods': size=5760Kb used=1277Kb max_used=1277Kb free=4482Kb
 bounds [0x0000029010590000, 0x0000029010800000, 0x0000029010b30000]
 total_blobs=2683 nmethods=2181 adapters=412
 compilation: enabled
              stopped_count=0, restarted_count=0
 full_count=0

Compilation events (20 events):
Event: 2.443 Thread 0x00000290277a5800 nmethod 2160 0x0000029010f9a490 code [0x0000029010f9a640, 0x0000029010f9a738]
Event: 2.450 Thread 0x00000290277a5800 2161       3       java.lang.reflect.Proxy::newProxyInstance (35 bytes)
Event: 2.450 Thread 0x00000290277a5800 nmethod 2161 0x0000029010f9a790 code [0x0000029010f9a9a0, 0x0000029010f9ad38]
Event: 2.450 Thread 0x00000290277a5800 2162       3       java.lang.reflect.Proxy::getProxyConstructor (92 bytes)
Event: 2.451 Thread 0x0000029027cf3000 2164       4       java.lang.reflect.ProxyGenerator$ConstantPool::getUtf8 (18 bytes)
Event: 2.451 Thread 0x0000029027cf3000 nmethod 2164 0x0000029018182b10 code [0x0000029018182cc0, 0x0000029018182d68]
Event: 2.451 Thread 0x00000290277a5800 nmethod 2162 0x0000029010f9af10 code [0x0000029010f9b220, 0x0000029010f9c808]
Event: 2.451 Thread 0x00000290277a5800 2163       3       java.lang.reflect.Proxy::<init> (15 bytes)
Event: 2.451 Thread 0x00000290277a5800 nmethod 2163 0x0000029010f9cd90 code [0x0000029010f9cf60, 0x0000029010f9d268]
Event: 2.451 Thread 0x00000290277a5800 2165       3       java.util.LinkedHashMap::values (25 bytes)
Event: 2.452 Thread 0x00000290277a5800 nmethod 2165 0x0000029010f9d390 code [0x0000029010f9d560, 0x0000029010f9d8d8]
Event: 2.452 Thread 0x00000290277a5800 2167       3       java.io.ByteArrayOutputStream::<init> (7 bytes)
Event: 2.452 Thread 0x00000290277a5800 nmethod 2167 0x0000029010f9da10 code [0x0000029010f9dbc0, 0x0000029010f9dce8]
Event: 2.452 Thread 0x00000290277a5800 2166       3       java.util.LinkedHashMap$LinkedValues::iterator (12 bytes)
Event: 2.452 Thread 0x00000290277a5800 nmethod 2166 0x0000029010f9dd90 code [0x0000029010f9df60, 0x0000029010f9e2f8]
Event: 2.461 Thread 0x00000290277a5800 2168       3       java.util.concurrent.locks.ReentrantLock$Sync::tryRelease (45 bytes)
Event: 2.461 Thread 0x00000290277a5800 nmethod 2168 0x0000029010f9e410 code [0x0000029010f9e5e0, 0x0000029010f9e8c8]
Event: 2.461 Thread 0x00000290277a5800 2169       3       java.lang.invoke.DirectMethodHandle$Holder::invokeStatic (15 bytes)
Event: 2.461 Thread 0x00000290277a5800 nmethod 2169 0x0000029010f9e990 code [0x0000029010f9eb60, 0x0000029010f9eff8]
Event: 2.461 Thread 0x00000290277a5800 2170       3       java.lang.invoke.Invokers$Holder::linkToTargetMethod (10 bytes)

GC Heap History (4 events):
Event: 0.721 GC heap before
{Heap before GC invocations=0 (full 0):
 garbage-first heap   total 258048K, used 29696K [0x0000000080000000, 0x0000000100000000)
  region size 1024K, 24 young (24576K), 0 survivors (0K)
 Metaspace       used 10107K, capacity 10339K, committed 10624K, reserved 1058816K
  class space    used 1035K, capacity 1106K, committed 1152K, reserved 1048576K
}
Event: 0.724 GC heap after
{Heap after GC invocations=1 (full 0):
 garbage-first heap   total 258048K, used 9873K [0x0000000080000000, 0x0000000100000000)
  region size 1024K, 3 young (3072K), 3 survivors (3072K)
 Metaspace       used 10107K, capacity 10339K, committed 10624K, reserved 1058816K
  class space    used 1035K, capacity 1106K, committed 1152K, reserved 1048576K
}
Event: 2.089 GC heap before
{Heap before GC invocations=1 (full 0):
 garbage-first heap   total 258048K, used 115345K [0x0000000080000000, 0x0000000100000000)
  region size 1024K, 107 young (109568K), 3 survivors (3072K)
 Metaspace       used 20744K, capacity 21199K, committed 21296K, reserved 1069056K
  class space    used 2530K, capacity 2686K, committed 2688K, reserved 1048576K
}
Event: 2.096 GC heap after
{Heap after GC invocations=2 (full 0):
 garbage-first heap   total 258048K, used 17554K [0x0000000080000000, 0x0000000100000000)
  region size 1024K, 11 young (11264K), 11 survivors (11264K)
 Metaspace       used 20744K, capacity 21199K, committed 21296K, reserved 1069056K
  class space    used 2530K, capacity 2686K, committed 2688K, reserved 1048576K
}

Deoptimization events (20 events):
Event: 2.071 Thread 0x0000029028f3b800 Uncommon trap: trap_request=0xffffff4d fr.pc=0x00000290180dbd04 relative=0x00000000000005c4
Event: 2.071 Thread 0x0000029028f3b800 Uncommon trap: reason=unstable_if action=reinterpret pc=0x00000290180dbd04 method=java.io.File.getName()Ljava/lang/String; @ 16 c2
Event: 2.071 Thread 0x0000029028f3b800 DEOPT PACKING pc=0x00000290180dbd04 sp=0x000000940a2fb330
Event: 2.071 Thread 0x0000029028f3b800 DEOPT UNPACKING pc=0x00000290105985af sp=0x000000940a2fb300 mode 2
Event: 2.071 Thread 0x0000029028f3b800 Uncommon trap: trap_request=0xffffff4d fr.pc=0x00000290180dab34 relative=0x0000000000000474
Event: 2.071 Thread 0x0000029028f3b800 Uncommon trap: reason=unstable_if action=reinterpret pc=0x00000290180dab34 method=java.lang.String.substring(I)Ljava/lang/String; @ 34 c2
Event: 2.071 Thread 0x0000029028f3b800 DEOPT PACKING pc=0x00000290180dab34 sp=0x000000940a2fb2b0
Event: 2.071 Thread 0x0000029028f3b800 DEOPT UNPACKING pc=0x00000290105985af sp=0x000000940a2fb288 mode 2
Event: 2.155 Thread 0x0000029028f3b800 Uncommon trap: trap_request=0xffffff4d fr.pc=0x000002901814cf18 relative=0x0000000000000398
Event: 2.155 Thread 0x0000029028f3b800 Uncommon trap: reason=unstable_if action=reinterpret pc=0x000002901814cf18 method=jdk.internal.org.objectweb.asm.Type.getArgumentsAndReturnSizes(Ljava/lang/String;)I @ 88 c2
Event: 2.156 Thread 0x0000029028f3b800 DEOPT PACKING pc=0x000002901814cf18 sp=0x000000940a2f9880
Event: 2.156 Thread 0x0000029028f3b800 DEOPT UNPACKING pc=0x00000290105985af sp=0x000000940a2f9808 mode 2
Event: 2.290 Thread 0x0000029028f3b800 Uncommon trap: trap_request=0xffffff4d fr.pc=0x00000290180b62f0 relative=0x0000000000000230
Event: 2.290 Thread 0x0000029028f3b800 Uncommon trap: reason=unstable_if action=reinterpret pc=0x00000290180b62f0 method=java.util.concurrent.ConcurrentHashMap.get(Ljava/lang/Object;)Ljava/lang/Object; @ 76 c2
Event: 2.290 Thread 0x0000029028f3b800 DEOPT PACKING pc=0x00000290180b62f0 sp=0x000000940a2f8910
Event: 2.290 Thread 0x0000029028f3b800 DEOPT UNPACKING pc=0x00000290105985af sp=0x000000940a2f8878 mode 2
Event: 2.410 Thread 0x0000029028f3b800 Uncommon trap: trap_request=0xffffffcc fr.pc=0x000002901817e378 relative=0x00000000000002b8
Event: 2.410 Thread 0x0000029028f3b800 Uncommon trap: reason=intrinsic_or_type_checked_inlining action=make_not_entrant pc=0x000002901817e378 method=java.util.Arrays.copyOf([Ljava/lang/Object;ILjava/lang/Class;)[Ljava/lang/Object; @ 35 c2
Event: 2.410 Thread 0x0000029028f3b800 DEOPT PACKING pc=0x000002901817e378 sp=0x000000940a2f8e60
Event: 2.410 Thread 0x0000029028f3b800 DEOPT UNPACKING pc=0x00000290105985af sp=0x000000940a2f8df0 mode 2

Classes redefined (0 events):
No events

Internal exceptions (20 events):
Event: 1.612 Thread 0x000002900ca76800 Exception <a 'java/lang/NoSuchMethodError'{0x000000008bb09f28}: 'java.lang.Object java.lang.invoke.DirectMethodHandle$Holder.invokeStaticInit(java.lang.Object, java.lang.Object, int, int, int, int)'> (0x000000008bb09f28) thrown at [./src/hotspot/share/interpreter/linkResolver.cpp, line 773]
Event: 1.770 Thread 0x000002900ca76800 Exception <a 'java/io/IOException'{0x000000008bad1a10}> (0x000000008bad1a10) thrown at [./src/hotspot/share/prims/jni.cpp, line 616]
Event: 1.840 Thread 0x0000029028f3b800 Exception <a 'java/lang/NoSuchMethodError'{0x000000008b3f5680}: 'long java.lang.invoke.DirectMethodHandle$Holder.invokeInterface(java.lang.Object, java.lang.Object)'> (0x000000008b3f5680) thrown at [./src/hotspot/share/interpreter/linkResolver.cpp, line 773]
Event: 1.841 Thread 0x0000029028f3b800 Exception <a 'java/lang/NoSuchMethodError'{0x000000008b202bc0}: 'void java.lang.invoke.DelegatingMethodHandle$Holder.reinvoke_L(java.lang.Object, java.lang.Object, java.lang.Object, java.lang.Object, java.lang.Object, java.lang.Object, java.lang.Object)'> (0x000000008b202bc0) thrown at [./src/hotspot/share/interpreter/linkResolver.cpp, line 773]
Event: 2.019 Thread 0x0000029028f3b800 Exception <a 'java/lang/NoSuchMethodError'{0x0000000089867ce0}: 'void java.lang.invoke.DirectMethodHandle$Holder.invokeStaticInit(java.lang.Object)'> (0x0000000089867ce0) thrown at [./src/hotspot/share/interpreter/linkResolver.cpp, line 773]
Event: 2.027 Thread 0x0000029028f3b800 Exception <a 'java/lang/NoSuchMethodError'{0x0000000089715328}: 'java.lang.Object java.lang.invoke.DirectMethodHandle$Holder.invokeStatic(java.lang.Object, java.lang.Object, java.lang.Object, int)'> (0x0000000089715328) thrown at [./src/hotspot/share/interpreter/linkResolver.cpp, line 773]
Event: 2.028 Thread 0x0000029028f3b800 Exception <a 'java/lang/NoSuchMethodError'{0x0000000089719a40}: 'java.lang.Object java.lang.invoke.DirectMethodHandle$Holder.invokeSpecial(java.lang.Object, java.lang.Object, java.lang.Object, java.lang.Object, int)'> (0x0000000089719a40) thrown at [./src/hotspot/share/interpreter/linkResolver.cpp, line 773]
Event: 2.028 Thread 0x0000029028f3b800 Exception <a 'java/lang/NoSuchMethodError'{0x000000008971d978}: 'java.lang.Object java.lang.invoke.Invokers$Holder.linkToTargetMethod(java.lang.Object, java.lang.Object, int, java.lang.Object)'> (0x000000008971d978) thrown at [./src/hotspot/share/interpreter/linkResolver.cpp, line 773]
Event: 2.115 Thread 0x0000029028f3b800 Exception <a 'java/lang/NoSuchMethodError'{0x000000008fbf0f68}: 'int java.lang.invoke.DirectMethodHandle$Holder.invokeSpecialIFC(java.lang.Object, java.lang.Object, java.lang.Object, java.lang.Object)'> (0x000000008fbf0f68) thrown at [./src/hotspot/share/interpreter/linkResolver.cpp, line 773]
Event: 2.116 Thread 0x0000029028f3b800 Exception <a 'java/lang/NoSuchMethodError'{0x000000008fbff1b0}: 'java.lang.Object java.lang.invoke.DirectMethodHandle$Holder.invokeInterface(java.lang.Object, java.lang.Object, java.lang.Object)'> (0x000000008fbff1b0) thrown at [./src/hotspot/share/interpreter/linkResolver.cpp, line 773]
Event: 2.116 Thread 0x0000029028f3b800 Exception <a 'java/lang/IncompatibleClassChangeError'{0x000000008fa02b58}: Found class java.lang.Object, but interface was expected> (0x000000008fa02b58) thrown at [./src/hotspot/share/interpreter/linkResolver.cpp, line 839]
Event: 2.184 Thread 0x0000029028f3b800 Exception <a 'java/lang/NoSuchMethodError'{0x000000008f365510}: 'void java.lang.invoke.DirectMethodHandle$Holder.invokeSpecial(java.lang.Object, java.lang.Object, java.lang.Object, java.lang.Object, java.lang.Object)'> (0x000000008f365510) thrown at [./src/hotspot/share/interpreter/linkResolver.cpp, line 773]
Event: 2.203 Thread 0x0000029028f3b800 Exception <a 'java/lang/NoSuchMethodError'{0x000000008f18c068}: 'java.lang.Object java.lang.invoke.DirectMethodHandle$Holder.invokeSpecial(java.lang.Object, java.lang.Object, java.lang.Object, java.lang.Object, java.lang.Object, java.lang.Object, java.lang.Object, java.lang.Object, java.lang.Object)'> (0x000000008f18c068) thrown at [./src/hotspot/share/interpreter/linkResolver.cpp, line 773]
Event: 2.255 Thread 0x0000029028f3b800 Exception <a 'java/lang/NoSuchMethodError'{0x000000008e7f1e60}: 'java.lang.Object java.lang.invoke.DirectMethodHandle$Holder.invokeVirtual(java.lang.Object, java.lang.Object, java.lang.Object, java.lang.Object)'> (0x000000008e7f1e60) thrown at [./src/hotspot/share/interpreter/linkResolver.cpp, line 773]
Event: 2.312 Thread 0x0000029028f3b800 Exception <a 'java/lang/NoSuchMethodError'{0x000000008e035448}: 'void java.lang.invoke.DirectMethodHandle$Holder.invokeSpecial(java.lang.Object, java.lang.Object, java.lang.Object, java.lang.Object, java.lang.Object, java.lang.Object)'> (0x000000008e035448) thrown at [./src/hotspot/share/interpreter/linkResolver.cpp, line 773]
Event: 2.319 Thread 0x0000029028f3b800 Exception <a 'java/lang/NoSuchMethodError'{0x000000008e0b04b8}: 'void java.lang.invoke.DirectMethodHandle$Holder.invokeSpecial(java.lang.Object, java.lang.Object, java.lang.Object, java.lang.Object, java.lang.Object, java.lang.Object, java.lang.Object)'> (0x000000008e0b04b8) thrown at [./src/hotspot/share/interpreter/linkResolver.cpp, line 773]
Event: 2.320 Thread 0x0000029028f3b800 Exception <a 'java/lang/NoSuchMethodError'{0x000000008e0b89a8}: 'java.lang.Object java.lang.invoke.Invokers$Holder.linkToTargetMethod(java.lang.Object, java.lang.Object, java.lang.Object, java.lang.Object, java.lang.Object, java.lang.Object)'> (0x000000008e0b89a8) thrown at [./src/hotspot/share/interpreter/linkResolver.cpp, line 773]
Event: 2.338 Thread 0x0000029028f3b800 Exception <a 'java/lang/NoSuchMethodError'{0x000000008de80ed0}: 'java.lang.Object java.lang.invoke.DirectMethodHandle$Holder.invokeVirtual(java.lang.Object, java.lang.Object, java.lang.Object, java.lang.Object, java.lang.Object, java.lang.Object, java.lang.Object, java.lang.Object, java.lang.Object, java.lang.Object, java.lang.Object, java.lang.Object, java.lang.Object, java.lang.Object, java.lang.Object, java.lang.Object, java.lang.Object, java.lang.Object, java.lang.Object, java.lang.Object, java.lang.Ob
Event: 2.376 Thread 0x0000029028f3b800 Exception <a 'java/lang/NoSuchMethodError'{0x000000008d683cd0}: 'int java.lang.invoke.DirectMethodHandle$Holder.invokeStaticInit(java.lang.Object, java.lang.Object, java.lang.Object)'> (0x000000008d683cd0) thrown at [./src/hotspot/share/interpreter/linkResolver.cpp, line 773]
Event: 2.426 Thread 0x0000029028f3b800 Exception <a 'java/lang/NoSuchMethodError'{0x000000008d1153f0}: 'void java.lang.invoke.DirectMethodHandle$Holder.invokeStaticInit(java.lang.Object, java.lang.Object)'> (0x000000008d1153f0) thrown at [./src/hotspot/share/interpreter/linkResolver.cpp, line 773]

Events (20 events):
Event: 2.459 loading class org/gradle/internal/buildtree/BuildOperationFiringBuildTreeWorkExecutor done
Event: 2.460 loading class org/gradle/internal/buildtree/DefaultBuildTreeWorkExecutor
Event: 2.460 loading class org/gradle/internal/buildtree/DefaultBuildTreeWorkExecutor done
Event: 2.460 loading class org/gradle/internal/buildtree/DefaultBuildTreeFinishExecutor
Event: 2.460 loading class org/gradle/internal/buildtree/DefaultBuildTreeFinishExecutor done
Event: 2.460 loading class org/gradle/internal/buildtree/DefaultBuildTreeWorkPreparer
Event: 2.460 loading class org/gradle/internal/buildtree/DefaultBuildTreeWorkPreparer done
Event: 2.460 loading class org/gradle/internal/buildtree/BuildTreeWorkPreparer
Event: 2.460 loading class org/gradle/internal/buildtree/BuildTreeWorkPreparer done
Event: 2.460 loading class org/gradle/internal/buildtree/DefaultBuildTreeModelCreator
Event: 2.460 loading class org/gradle/internal/buildtree/DefaultBuildTreeModelCreator done
Event: 2.460 loading class org/gradle/internal/buildtree/BuildTreeModelCreator
Event: 2.460 loading class org/gradle/internal/buildtree/BuildTreeModelCreator done
Event: 2.460 loading class org/gradle/internal/buildtree/BuildTreeModelController
Event: 2.460 loading class org/gradle/internal/buildtree/BuildTreeModelController done
Event: 2.461 loading class org/gradle/internal/buildtree/DefaultBuildTreeLifecycleController
Event: 2.461 loading class org/gradle/internal/buildtree/DefaultBuildTreeLifecycleController done
Event: 2.461 loading class org/gradle/internal/buildtree/BuildTreeLifecycleController
Event: 2.461 loading class org/gradle/internal/buildtree/BuildTreeLifecycleController done
Event: 2.461 loading class java/lang/management/MemoryType


Dynamic libraries:
0x00007ff7ecfe0000 - 0x00007ff7ecfea000 	C:\Program Files\Android\Android Studio\jre\bin\java.exe
0x00007ffe36490000 - 0x00007ffe366a4000 	C:\WINDOWS\SYSTEM32\ntdll.dll
0x00007ffe34c70000 - 0x00007ffe34d32000 	C:\WINDOWS\System32\KERNEL32.DLL
0x00007ffe33ba0000 - 0x00007ffe33f3d000 	C:\WINDOWS\System32\KERNELBASE.dll
0x00007ffe34170000 - 0x00007ffe34281000 	C:\WINDOWS\System32\ucrtbase.dll
0x00007ffe2cf70000 - 0x00007ffe2cf89000 	C:\Program Files\Android\Android Studio\jre\bin\jli.dll
0x00007ffe2b200000 - 0x00007ffe2b217000 	C:\Program Files\Android\Android Studio\jre\bin\VCRUNTIME140.dll
0x00007ffe35840000 - 0x00007ffe359ea000 	C:\WINDOWS\System32\USER32.dll
0x00007ffe33b70000 - 0x00007ffe33b96000 	C:\WINDOWS\System32\win32u.dll
0x00007ffe34820000 - 0x00007ffe34849000 	C:\WINDOWS\System32\GDI32.dll
0x00007ffe33a50000 - 0x00007ffe33b62000 	C:\WINDOWS\System32\gdi32full.dll
0x00007ffe196c0000 - 0x00007ffe1994e000 	C:\WINDOWS\WinSxS\amd64_microsoft.windows.common-controls_6595b64144ccf1df_6.0.22621.608_none_a9444ca7c10bb01d\COMCTL32.dll
0x00007ffe33940000 - 0x00007ffe339da000 	C:\WINDOWS\System32\msvcp_win.dll
0x00007ffe359f0000 - 0x00007ffe35a97000 	C:\WINDOWS\System32\msvcrt.dll
0x00007ffe346a0000 - 0x00007ffe346d2000 	C:\WINDOWS\System32\IMM32.DLL
0x00007ffdcaa90000 - 0x00007ffdcab2d000 	C:\Program Files\Android\Android Studio\jre\bin\msvcp140.dll
0x00007ffdb62f0000 - 0x00007ffdb6df2000 	C:\Program Files\Android\Android Studio\jre\bin\server\jvm.dll
0x00007ffe346e0000 - 0x00007ffe3478e000 	C:\WINDOWS\System32\ADVAPI32.dll
0x00007ffe35f30000 - 0x00007ffe35fd4000 	C:\WINDOWS\System32\sechost.dll
0x00007ffe36210000 - 0x00007ffe36325000 	C:\WINDOWS\System32\RPCRT4.dll
0x00007ffe35f20000 - 0x00007ffe35f28000 	C:\WINDOWS\System32\PSAPI.DLL
0x00007ffe214b0000 - 0x00007ffe214b9000 	C:\WINDOWS\SYSTEM32\WSOCK32.dll
0x00007ffe2dda0000 - 0x00007ffe2ddd4000 	C:\WINDOWS\SYSTEM32\WINMM.dll
0x00007ffe314f0000 - 0x00007ffe314fa000 	C:\WINDOWS\SYSTEM32\VERSION.dll
0x00007ffe349c0000 - 0x00007ffe34a31000 	C:\WINDOWS\System32\WS2_32.dll
0x00007ffe32a20000 - 0x00007ffe32a38000 	C:\WINDOWS\SYSTEM32\kernel.appcore.dll
0x00007ffdd9610000 - 0x00007ffdd9621000 	C:\Program Files\Android\Android Studio\jre\bin\verify.dll
0x00007ffe30960000 - 0x00007ffe30b8e000 	C:\WINDOWS\SYSTEM32\DBGHELP.DLL
0x00007ffe34290000 - 0x00007ffe3461a000 	C:\WINDOWS\System32\combase.dll
0x00007ffe35ff0000 - 0x00007ffe360c7000 	C:\WINDOWS\System32\OLEAUT32.dll
0x00007ffe2de00000 - 0x00007ffe2de32000 	C:\WINDOWS\SYSTEM32\dbgcore.DLL
0x00007ffe338c0000 - 0x00007ffe3393b000 	C:\WINDOWS\System32\bcryptPrimitives.dll
0x00007ffdd95e0000 - 0x00007ffdd9609000 	C:\Program Files\Android\Android Studio\jre\bin\java.dll
0x00007ffe2a030000 - 0x00007ffe2a03b000 	C:\Program Files\Android\Android Studio\jre\bin\jimage.dll
0x00007ffdd95c0000 - 0x00007ffdd95d8000 	C:\Program Files\Android\Android Studio\jre\bin\zip.dll
0x00007ffe35060000 - 0x00007ffe35840000 	C:\WINDOWS\System32\SHELL32.dll
0x00007ffe31910000 - 0x00007ffe321d5000 	C:\WINDOWS\SYSTEM32\windows.storage.dll
0x00007ffe317d0000 - 0x00007ffe3190e000 	C:\WINDOWS\SYSTEM32\wintypes.dll
0x00007ffe36330000 - 0x00007ffe36421000 	C:\WINDOWS\System32\SHCORE.dll
0x00007ffe34850000 - 0x00007ffe348ae000 	C:\WINDOWS\System32\shlwapi.dll
0x00007ffe337f0000 - 0x00007ffe33811000 	C:\WINDOWS\SYSTEM32\profapi.dll
0x00007ffdd95a0000 - 0x00007ffdd95ba000 	C:\Program Files\Android\Android Studio\jre\bin\net.dll
0x00007ffe2b800000 - 0x00007ffe2b92f000 	C:\WINDOWS\SYSTEM32\WINHTTP.dll
0x00007ffe32e80000 - 0x00007ffe32ee9000 	C:\WINDOWS\system32\mswsock.dll
0x00007ffdd9580000 - 0x00007ffdd9594000 	C:\Program Files\Android\Android Studio\jre\bin\nio.dll
0x00007ffe1d2a0000 - 0x00007ffe1d2c7000 	C:\Users\junni\.gradle\native\e1d6ef7f7dcc3fd88c89a11ec53ec762bb8ba0a96d01ffa2cd45eb1d1d8dd5c5\windows-amd64\native-platform.dll
0x00007ffdf8a00000 - 0x00007ffdf8b44000 	C:\Users\junni\.gradle\native\0d407fdbe67a94daf76414ababcb853783967236a71b16ec16e742cd7a986fd3\windows-amd64\native-platform-file-events.dll
0x00007ffe1ef00000 - 0x00007ffe1ef0a000 	C:\Program Files\Android\Android Studio\jre\bin\management.dll
0x00007ffe0d0f0000 - 0x00007ffe0d0fd000 	C:\Program Files\Android\Android Studio\jre\bin\management_ext.dll
0x00007ffe330c0000 - 0x00007ffe330db000 	C:\WINDOWS\SYSTEM32\CRYPTSP.dll
0x00007ffe32990000 - 0x00007ffe329c5000 	C:\WINDOWS\system32\rsaenh.dll
0x00007ffe32f70000 - 0x00007ffe32f98000 	C:\WINDOWS\SYSTEM32\USERENV.dll
0x00007ffe33280000 - 0x00007ffe332a8000 	C:\WINDOWS\SYSTEM32\bcrypt.dll
0x00007ffe330e0000 - 0x00007ffe330ec000 	C:\WINDOWS\SYSTEM32\CRYPTBASE.dll
0x00007ffe324a0000 - 0x00007ffe324cd000 	C:\WINDOWS\SYSTEM32\IPHLPAPI.DLL
0x00007ffe349b0000 - 0x00007ffe349b9000 	C:\WINDOWS\System32\NSI.dll
0x00007ffe2a4a0000 - 0x00007ffe2a4b9000 	C:\WINDOWS\SYSTEM32\dhcpcsvc6.DLL
0x00007ffe2a450000 - 0x00007ffe2a46f000 	C:\WINDOWS\SYSTEM32\dhcpcsvc.DLL
0x00007ffe32510000 - 0x00007ffe32602000 	C:\WINDOWS\SYSTEM32\DNSAPI.dll

dbghelp: loaded successfully - version: 4.0.5 - missing functions: none
symbol engine: initialized successfully - sym options: 0x614 - pdb path: .;C:\Program Files\Android\Android Studio\jre\bin;C:\WINDOWS\SYSTEM32;C:\WINDOWS\WinSxS\amd64_microsoft.windows.common-controls_6595b64144ccf1df_6.0.22621.608_none_a9444ca7c10bb01d;C:\Program Files\Android\Android Studio\jre\bin\server;C:\Users\junni\.gradle\native\e1d6ef7f7dcc3fd88c89a11ec53ec762bb8ba0a96d01ffa2cd45eb1d1d8dd5c5\windows-amd64;C:\Users\junni\.gradle\native\0d407fdbe67a94daf76414ababcb853783967236a71b16ec16e742cd7a986fd3\windows-amd64

VM Arguments:
jvm_args: --add-opens=java.base/java.util=ALL-UNNAMED --add-opens=java.base/java.lang=ALL-UNNAMED --add-opens=java.base/java.lang.invoke=ALL-UNNAMED --add-opens=java.base/java.util=ALL-UNNAMED --add-opens=java.prefs/java.util.prefs=ALL-UNNAMED --add-opens=java.prefs/java.util.prefs=ALL-UNNAMED --add-opens=java.base/java.nio.charset=ALL-UNNAMED --add-opens=java.base/java.net=ALL-UNNAMED --add-opens=java.base/java.util.concurrent.atomic=ALL-UNNAMED -Xmx2048m -Dfile.encoding=UTF-8 -Duser.country=KR -Duser.language=ko -Duser.variant 
java_command: org.gradle.launcher.daemon.bootstrap.GradleDaemon 7.4
java_class_path (initial): C:\Users\junni\.gradle\wrapper\dists\gradle-7.4-bin\c0gwcg53nkjbqw7r0h0umtfvt\gradle-7.4\lib\gradle-launcher-7.4.jar
Launcher Type: SUN_STANDARD

[Global flags]
     intx CICompilerCount                          = 4                                         {product} {ergonomic}
     uint ConcGCThreads                            = 2                                         {product} {ergonomic}
     uint G1ConcRefinementThreads                  = 8                                         {product} {ergonomic}
   size_t G1HeapRegionSize                         = 1048576                                   {product} {ergonomic}
    uintx GCDrainStackTargetSize                   = 64                                        {product} {ergonomic}
   size_t InitialHeapSize                          = 264241152                                 {product} {ergonomic}
   size_t MarkStackSize                            = 4194304                                   {product} {ergonomic}
   size_t MaxHeapSize                              = 2147483648                                {product} {command line}
   size_t MaxNewSize                               = 1287651328                                {product} {ergonomic}
   size_t MinHeapDeltaBytes                        = 1048576                                   {product} {ergonomic}
    uintx NonNMethodCodeHeapSize                   = 5836300                                {pd product} {ergonomic}
    uintx NonProfiledCodeHeapSize                  = 122910970                              {pd product} {ergonomic}
    uintx ProfiledCodeHeapSize                     = 122910970                              {pd product} {ergonomic}
    uintx ReservedCodeCacheSize                    = 251658240                              {pd product} {ergonomic}
     bool SegmentedCodeCache                       = true                                      {product} {ergonomic}
     bool UseCompressedClassPointers               = true                                 {lp64_product} {ergonomic}
     bool UseCompressedOops                        = true                                 {lp64_product} {ergonomic}
     bool UseG1GC                                  = true                                      {product} {ergonomic}
     bool UseLargePagesIndividualAllocation        = false                                  {pd product} {ergonomic}

Logging:
Log output configuration:
 #0: stdout all=warning uptime,level,tags
 #1: stderr all=off uptime,level,tags

Environment Variables:
PATH=C:\Program Files\Common Files\Oracle\Java\javapath;C:\WINDOWS\system32;C:\WINDOWS;C:\WINDOWS\System32\Wbem;C:\WINDOWS\System32\WindowsPowerShell\v1.0\;C:\WINDOWS\System32\OpenSSH\;C:\Program Files\MySQL\MySQL Shell 8.0\bin\;C:\Users\junni\AppData\Local\Microsoft\WindowsApps;
USERNAME=junni
OS=Windows_NT
PROCESSOR_IDENTIFIER=Intel64 Family 6 Model 140 Stepping 2, GenuineIntel



---------------  S Y S T E M  ---------------

OS: Windows 11 , 64 bit Build 22621 (10.0.22621.755)
OS uptime: 1 days 6:38 hours

CPU:total 8 (initial active 8) (4 cores per cpu, 2 threads per core) family 6 model 140 stepping 2 microcode 0x16, cmov, cx8, fxsr, mmx, sse, sse2, sse3, ssse3, sse4.1, sse4.2, popcnt, avx, avx2, aes, clmul, erms, 3dnowpref, lzcnt, ht, tsc, tscinvbit, bmi1, bmi2, adx, evex, sha, fma

Memory: 4k page, system-wide physical 16092M (1398M free)
TotalPageFile size 43984M (AvailPageFile size 8M)
current process WorkingSet (physical memory assigned to process): 253M, peak: 256M
current process commit charge ("private bytes"): 421M, peak: 423M

vm_info: OpenJDK 64-Bit Server VM (11.0.13+0-b1751.21-8125866) for windows-amd64 JRE (11.0.13+0-b1751.21-8125866), built on Feb  2 2022 03:00:22 by "builder" with MS VC++ 14.0 (VS2015)

END.
