#
# There is insufficient memory for the Java Runtime Environment to continue.
# Native memory allocation (malloc) failed to allocate 1997456 bytes for Chunk::new
# Possible reasons:
#   The system is out of physical RAM or swap space
#   The process is running with CompressedOops enabled, and the Java Heap may be blocking the growth of the native heap
# Possible solutions:
#   Reduce memory load on the system
#   Increase physical memory or swap space
#   Check if swap backing store is full
#   Decrease Java heap size (-Xmx/-Xms)
#   Decrease number of Java threads
#   Decrease Java thread stack sizes (-Xss)
#   Set larger code cache with -XX:ReservedCodeCacheSize=
#   JVM is running with Unscaled Compressed Oops mode in which the Java heap is
#     placed in the first 4GB address space. The Java Heap base address is the
#     maximum limit for the native heap growth. Please use -XX:HeapBaseMinAddress
#     to set the Java Heap base and to place the Java Heap above 4GB virtual address.
# This output file may be truncated or incomplete.
#
#  Out of Memory Error (./src/hotspot/share/memory/arena.cpp:197), pid=9116, tid=18792
#
# JRE version: OpenJDK Runtime Environment (11.0.13) (build 11.0.13+0-b1751.21-8125866)
# Java VM: OpenJDK 64-Bit Server VM (11.0.13+0-b1751.21-8125866, mixed mode, tiered, compressed oops, g1 gc, windows-amd64)
# No core dump will be written. Minidumps are not enabled by default on client versions of Windows
#

---------------  S U M M A R Y ------------

Command Line: --add-opens=java.base/java.util=ALL-UNNAMED --add-opens=java.base/java.lang=ALL-UNNAMED --add-opens=java.base/java.lang.invoke=ALL-UNNAMED --add-opens=java.base/java.util=ALL-UNNAMED --add-opens=java.prefs/java.util.prefs=ALL-UNNAMED --add-opens=java.prefs/java.util.prefs=ALL-UNNAMED --add-opens=java.base/java.nio.charset=ALL-UNNAMED --add-opens=java.base/java.net=ALL-UNNAMED --add-opens=java.base/java.util.concurrent.atomic=ALL-UNNAMED -Xmx2048m -Dfile.encoding=UTF-8 -Duser.country=KR -Duser.language=ko -Duser.variant org.gradle.launcher.daemon.bootstrap.GradleDaemon 7.4

Host: 11th Gen Intel(R) Core(TM) i5-1155G7 @ 2.50GHz, 8 cores, 15G,  Windows 11 , 64 bit Build 22621 (10.0.22621.755)
Time: Fri Nov 25 22:42:41 2022 대한민국 표준시 elapsed time: 11.560062 seconds (0d 0h 0m 11s)

---------------  T H R E A D  ---------------

Current thread (0x000001defbd5e800):  JavaThread "C2 CompilerThread1" daemon [_thread_in_native, id=18792, stack(0x0000008527100000,0x0000008527200000)]


Current CompileTask:
C2:  11560 10173   !   4       org.gradle.internal.instantiation.generator.DependencyInjectingInstantiator::doCreate (64 bytes)

Stack: [0x0000008527100000,0x0000008527200000]
Native frames: (J=compiled Java code, j=interpreted, Vv=VM code, C=native code)
V  [jvm.dll+0x6100fa]
V  [jvm.dll+0x747090]
V  [jvm.dll+0x7486ad]
V  [jvm.dll+0x748d83]
V  [jvm.dll+0x24ab48]
V  [jvm.dll+0xc04dc]
V  [jvm.dll+0xc0a0c]
V  [jvm.dll+0x35eb9d]
V  [jvm.dll+0x32b833]
V  [jvm.dll+0x32ad2a]
V  [jvm.dll+0x2032b2]
V  [jvm.dll+0x202437]
V  [jvm.dll+0x188e01]
V  [jvm.dll+0x21106b]
V  [jvm.dll+0x20f8c1]
V  [jvm.dll+0x70de0f]
V  [jvm.dll+0x706a75]
V  [jvm.dll+0x60ed66]
C  [ucrtbase.dll+0x29363]
C  [KERNEL32.DLL+0x1244d]
C  [ntdll.dll+0x5dfb8]


---------------  P R O C E S S  ---------------

Threads class SMR info:
_java_thread_list=0x000001de80198a00, length=134, elements={
0x000001deddc69000, 0x000001defa915800, 0x000001defa91b800, 0x000001defa98c800,
0x000001defa98d800, 0x000001defa98f000, 0x000001defa990000, 0x000001defa993000,
0x000001defa994000, 0x000001defab13000, 0x000001defc962800, 0x000001defd81d800,
0x000001defbabd000, 0x000001defc0c7000, 0x000001defd91e800, 0x000001defce22000,
0x000001defd6a3800, 0x000001defd535800, 0x000001defcddc000, 0x000001defddd0000,
0x000001defd1d1000, 0x000001defd1cb800, 0x000001defd1d0800, 0x000001defd1ce000,
0x000001defd1d2000, 0x000001defd1cf800, 0x000001defd1cc800, 0x000001defd1cd000,
0x000001defd1ce800, 0x000001de801f4000, 0x000001de801ef800, 0x000001de801f1000,
0x000001de801f6000, 0x000001de801f2000, 0x000001de801f6800, 0x000001de801f9000,
0x000001de801f8800, 0x000001de801f7800, 0x000001de801fa000, 0x000001de801fb000,
0x000001de801fb800, 0x000001de801fe000, 0x000001de801fc800, 0x000001de801fd000,
0x000001de81b9c800, 0x000001de81b9e000, 0x000001de81b9b000, 0x000001de81b9d800,
0x000001de81b9b800, 0x000001de81b9f000, 0x000001de81b99000, 0x000001de81b9f800,
0x000001de81b9a000, 0x000001de802e6000, 0x000001de802e1000, 0x000001de802e2000,
0x000001de802e3800, 0x000001de802e0000, 0x000001de802e4000, 0x000001de802e5000,
0x000001de802e6800, 0x000001de802e7800, 0x000001de802e8800, 0x000001de802e2800,
0x000001de802ed000, 0x000001de802ec800, 0x000001de802ee000, 0x000001de802ef000,
0x000001de802ea000, 0x000001de802e9000, 0x000001de802ea800, 0x000001de802eb800,
0x000001defb175000, 0x000001defb178800, 0x000001defb174000, 0x000001defb179000,
0x000001defb177800, 0x000001defb173800, 0x000001defb17a000, 0x000001defb17b000,
0x000001defb17b800, 0x000001defb176000, 0x000001defb17c800, 0x000001defb176800,
0x000001defb17f000, 0x000001defb17d000, 0x000001defb17f800, 0x000001defb17e000,
0x000001defb180800, 0x000001defb182000, 0x000001defb181800, 0x000001de80a8d800,
0x000001de80a90800, 0x000001de80a94000, 0x000001de80a92800, 0x000001de80a8e000,
0x000001de80a93000, 0x000001de80a91800, 0x000001de80a95000, 0x000001de80a90000,
0x000001de80a8f000, 0x000001de80a95800, 0x000001de80a9a800, 0x000001de80a96800,
0x000001de80a97000, 0x000001de80a99000, 0x000001de80a99800, 0x000001de80a9b800,
0x000001de80a9c000, 0x000001de80a98000, 0x000001defcea8000, 0x000001defcea6000,
0x000001defcea7000, 0x000001defcea4800, 0x000001defcea8800, 0x000001defcea3000,
0x000001defcea9800, 0x000001defcea4000, 0x000001defceaa800, 0x000001defceab000,
0x000001defcea5800, 0x000001defbd5e800, 0x000001de80af1800, 0x000001defceac000,
0x000001defceaf000, 0x000001defcead000, 0x000001defceb0000, 0x000001defceb1800,
0x000001defcead800, 0x000001defceae800, 0x000001defceb1000, 0x000001defdce6000,
0x000001defdce6800, 0x000001defdce9000
}

Java Threads: ( => current thread )
  0x000001deddc69000 JavaThread "main" [_thread_blocked, id=15188, stack(0x0000008526000000,0x0000008526100000)]
  0x000001defa915800 JavaThread "Reference Handler" daemon [_thread_blocked, id=8600, stack(0x0000008526700000,0x0000008526800000)]
  0x000001defa91b800 JavaThread "Finalizer" daemon [_thread_blocked, id=22396, stack(0x0000008526800000,0x0000008526900000)]
  0x000001defa98c800 JavaThread "Signal Dispatcher" daemon [_thread_blocked, id=20280, stack(0x0000008526900000,0x0000008526a00000)]
  0x000001defa98d800 JavaThread "Attach Listener" daemon [_thread_blocked, id=4476, stack(0x0000008526a00000,0x0000008526b00000)]
  0x000001defa98f000 JavaThread "Service Thread" daemon [_thread_blocked, id=8076, stack(0x0000008526b00000,0x0000008526c00000)]
  0x000001defa990000 JavaThread "C2 CompilerThread0" daemon [_thread_in_native, id=1144, stack(0x0000008526c00000,0x0000008526d00000)]
  0x000001defa993000 JavaThread "C1 CompilerThread0" daemon [_thread_blocked, id=22060, stack(0x0000008526d00000,0x0000008526e00000)]
  0x000001defa994000 JavaThread "Sweeper thread" daemon [_thread_blocked, id=18564, stack(0x0000008526e00000,0x0000008526f00000)]
  0x000001defab13000 JavaThread "Common-Cleaner" daemon [_thread_blocked, id=19132, stack(0x0000008526f00000,0x0000008527000000)]
  0x000001defc962800 JavaThread "Daemon health stats" [_thread_blocked, id=20104, stack(0x0000008527800000,0x0000008527900000)]
  0x000001defd81d800 JavaThread "Incoming local TCP Connector on port 51818" [_thread_in_native, id=2116, stack(0x0000008527900000,0x0000008527a00000)]
  0x000001defbabd000 JavaThread "Daemon periodic checks" [_thread_blocked, id=9904, stack(0x0000008527a00000,0x0000008527b00000)]
  0x000001defc0c7000 JavaThread "Daemon" [_thread_blocked, id=13688, stack(0x0000008527b00000,0x0000008527c00000)]
  0x000001defd91e800 JavaThread "Handler for socket connection from /127.0.0.1:51818 to /127.0.0.1:51819" [_thread_in_native, id=10620, stack(0x0000008527c00000,0x0000008527d00000)]
  0x000001defce22000 JavaThread "Cancel handler" [_thread_blocked, id=4000, stack(0x0000008527d00000,0x0000008527e00000)]
  0x000001defd6a3800 JavaThread "Daemon worker" [_thread_blocked, id=19016, stack(0x0000008527e00000,0x0000008527f00000)]
  0x000001defd535800 JavaThread "Asynchronous log dispatcher for DefaultDaemonConnection: socket connection from /127.0.0.1:51818 to /127.0.0.1:51819" [_thread_blocked, id=15432, stack(0x0000008527f00000,0x0000008528000000)]
  0x000001defcddc000 JavaThread "Stdin handler" [_thread_blocked, id=3136, stack(0x0000008528000000,0x0000008528100000)]
  0x000001defddd0000 JavaThread "Daemon client event forwarder" [_thread_blocked, id=9920, stack(0x0000008528100000,0x0000008528200000)]
  0x000001defd1d1000 JavaThread "Cache worker for journal cache (C:\Users\junni\.gradle\caches\journal-1)" [_thread_blocked, id=20668, stack(0x0000008528200000,0x0000008528300000)]
  0x000001defd1cb800 JavaThread "File lock request listener" [_thread_in_native, id=17132, stack(0x0000008528300000,0x0000008528400000)]
  0x000001defd1d0800 JavaThread "Cache worker for file hash cache (C:\Users\junni\.gradle\caches\7.4\fileHashes)" [_thread_blocked, id=11120, stack(0x0000008528400000,0x0000008528500000)]
  0x000001defd1ce000 JavaThread "File watcher server" daemon [_thread_in_native, id=15368, stack(0x0000008528800000,0x0000008528900000)]
  0x000001defd1d2000 JavaThread "File watcher consumer" daemon [_thread_blocked, id=17960, stack(0x0000008528900000,0x0000008528a00000)]
  0x000001defd1cf800 JavaThread "Cache worker for checksums cache (C:\junni\kotlin\Wooda\.gradle\7.4\checksums)" [_thread_blocked, id=21168, stack(0x0000008528a00000,0x0000008528b00000)]
  0x000001defd1cc800 JavaThread "Cache worker for cache directory md-rule (C:\Users\junni\.gradle\caches\7.4\md-rule)" [_thread_blocked, id=18784, stack(0x0000008528b00000,0x0000008528c00000)]
  0x000001defd1cd000 JavaThread "Cache worker for file hash cache (C:\junni\kotlin\Wooda\.gradle\7.4\fileHashes)" [_thread_blocked, id=21128, stack(0x0000008528c00000,0x0000008528d00000)]
  0x000001defd1ce800 JavaThread "Cache worker for cache directory md-supplier (C:\Users\junni\.gradle\caches\7.4\md-supplier)" [_thread_blocked, id=19452, stack(0x0000008528d00000,0x0000008528e00000)]
  0x000001de801f4000 JavaThread "Cache worker for execution history cache (C:\Users\junni\.gradle\caches\7.4\executionHistory)" [_thread_blocked, id=21464, stack(0x0000008528e00000,0x0000008528f00000)]
  0x000001de801ef800 JavaThread "jar transforms" [_thread_blocked, id=8808, stack(0x0000008528f00000,0x0000008529000000)]
  0x000001de801f1000 JavaThread "Cache worker for file content cache (C:\Users\junni\.gradle\caches\7.4\fileContent)" [_thread_blocked, id=16528, stack(0x0000008529000000,0x0000008529100000)]
  0x000001de801f6000 JavaThread "jar transforms Thread 2" [_thread_blocked, id=21028, stack(0x0000008529100000,0x0000008529200000)]
  0x000001de801f2000 JavaThread "Cache worker for dependencies-accessors (C:\junni\kotlin\Wooda\.gradle\7.4\dependencies-accessors)" [_thread_blocked, id=5204, stack(0x0000008529200000,0x0000008529300000)]
  0x000001de801f6800 JavaThread "jar transforms Thread 3" [_thread_blocked, id=19164, stack(0x0000008529300000,0x0000008529400000)]
  0x000001de801f9000 JavaThread "Cache worker for Build Output Cleanup Cache (C:\junni\kotlin\Wooda\.gradle\buildOutputCleanup)" [_thread_blocked, id=19404, stack(0x0000008529400000,0x0000008529500000)]
  0x000001de801f8800 JavaThread "Unconstrained build operations" [_thread_blocked, id=5808, stack(0x0000008529500000,0x0000008529600000)]
  0x000001de801f7800 JavaThread "Unconstrained build operations Thread 2" [_thread_blocked, id=17628, stack(0x0000008529600000,0x0000008529700000)]
  0x000001de801fa000 JavaThread "Unconstrained build operations Thread 3" [_thread_blocked, id=9448, stack(0x0000008529700000,0x0000008529800000)]
  0x000001de801fb000 JavaThread "Unconstrained build operations Thread 4" [_thread_blocked, id=13008, stack(0x0000008529800000,0x0000008529900000)]
  0x000001de801fb800 JavaThread "Unconstrained build operations Thread 5" [_thread_blocked, id=17424, stack(0x0000008529900000,0x0000008529a00000)]
  0x000001de801fe000 JavaThread "Unconstrained build operations Thread 6" [_thread_blocked, id=18384, stack(0x0000008529a00000,0x0000008529b00000)]
  0x000001de801fc800 JavaThread "Unconstrained build operations Thread 7" [_thread_blocked, id=7976, stack(0x0000008529b00000,0x0000008529c00000)]
  0x000001de801fd000 JavaThread "Unconstrained build operations Thread 8" [_thread_blocked, id=21888, stack(0x0000008529c00000,0x0000008529d00000)]
  0x000001de81b9c800 JavaThread "Unconstrained build operations Thread 9" [_thread_blocked, id=16276, stack(0x0000008529d00000,0x0000008529e00000)]
  0x000001de81b9e000 JavaThread "Unconstrained build operations Thread 10" [_thread_blocked, id=15604, stack(0x0000008529e00000,0x0000008529f00000)]
  0x000001de81b9b000 JavaThread "Unconstrained build operations Thread 11" [_thread_blocked, id=292, stack(0x0000008529f00000,0x000000852a000000)]
  0x000001de81b9d800 JavaThread "Unconstrained build operations Thread 12" [_thread_blocked, id=19736, stack(0x000000852a000000,0x000000852a100000)]
  0x000001de81b9b800 JavaThread "Unconstrained build operations Thread 13" [_thread_blocked, id=13620, stack(0x000000852a100000,0x000000852a200000)]
  0x000001de81b9f000 JavaThread "Unconstrained build operations Thread 14" [_thread_blocked, id=12756, stack(0x000000852a200000,0x000000852a300000)]
  0x000001de81b99000 JavaThread "Unconstrained build operations Thread 15" [_thread_blocked, id=22044, stack(0x000000852a300000,0x000000852a400000)]
  0x000001de81b9f800 JavaThread "Unconstrained build operations Thread 16" [_thread_blocked, id=14712, stack(0x000000852a400000,0x000000852a500000)]
  0x000001de81b9a000 JavaThread "Unconstrained build operations Thread 17" [_thread_blocked, id=18352, stack(0x000000852a500000,0x000000852a600000)]
  0x000001de802e6000 JavaThread "Unconstrained build operations Thread 18" [_thread_blocked, id=14748, stack(0x000000852a600000,0x000000852a700000)]
  0x000001de802e1000 JavaThread "Unconstrained build operations Thread 19" [_thread_blocked, id=14328, stack(0x000000852a700000,0x000000852a800000)]
  0x000001de802e2000 JavaThread "Unconstrained build operations Thread 20" [_thread_blocked, id=9348, stack(0x000000852a800000,0x000000852a900000)]
  0x000001de802e3800 JavaThread "Unconstrained build operations Thread 21" [_thread_blocked, id=22468, stack(0x000000852a900000,0x000000852aa00000)]
  0x000001de802e0000 JavaThread "Unconstrained build operations Thread 22" [_thread_blocked, id=21652, stack(0x000000852aa00000,0x000000852ab00000)]
  0x000001de802e4000 JavaThread "Unconstrained build operations Thread 23" [_thread_blocked, id=12060, stack(0x000000852ab00000,0x000000852ac00000)]
  0x000001de802e5000 JavaThread "Unconstrained build operations Thread 24" [_thread_blocked, id=8452, stack(0x000000852ac00000,0x000000852ad00000)]
  0x000001de802e6800 JavaThread "Unconstrained build operations Thread 25" [_thread_blocked, id=15248, stack(0x000000852ad00000,0x000000852ae00000)]
  0x000001de802e7800 JavaThread "Unconstrained build operations Thread 26" [_thread_blocked, id=18220, stack(0x000000852ae00000,0x000000852af00000)]
  0x000001de802e8800 JavaThread "Unconstrained build operations Thread 27" [_thread_blocked, id=19840, stack(0x000000852af00000,0x000000852b000000)]
  0x000001de802e2800 JavaThread "Unconstrained build operations Thread 28" [_thread_blocked, id=22084, stack(0x000000852b000000,0x000000852b100000)]
  0x000001de802ed000 JavaThread "Unconstrained build operations Thread 29" [_thread_blocked, id=12696, stack(0x000000852b100000,0x000000852b200000)]
  0x000001de802ec800 JavaThread "Unconstrained build operations Thread 30" [_thread_blocked, id=18492, stack(0x000000852b200000,0x000000852b300000)]
  0x000001de802ee000 JavaThread "Unconstrained build operations Thread 31" [_thread_blocked, id=17108, stack(0x000000852b300000,0x000000852b400000)]
  0x000001de802ef000 JavaThread "Unconstrained build operations Thread 32" [_thread_blocked, id=19744, stack(0x000000852b400000,0x000000852b500000)]
  0x000001de802ea000 JavaThread "Unconstrained build operations Thread 33" [_thread_blocked, id=20784, stack(0x000000852b500000,0x000000852b600000)]
  0x000001de802e9000 JavaThread "Unconstrained build operations Thread 34" [_thread_blocked, id=9576, stack(0x000000852b600000,0x000000852b700000)]
  0x000001de802ea800 JavaThread "Unconstrained build operations Thread 35" [_thread_blocked, id=18360, stack(0x000000852b700000,0x000000852b800000)]
  0x000001de802eb800 JavaThread "Unconstrained build operations Thread 36" [_thread_blocked, id=10884, stack(0x000000852b800000,0x000000852b900000)]
  0x000001defb175000 JavaThread "Unconstrained build operations Thread 37" [_thread_blocked, id=18404, stack(0x000000852b900000,0x000000852ba00000)]
  0x000001defb178800 JavaThread "Unconstrained build operations Thread 38" [_thread_blocked, id=4904, stack(0x000000852ba00000,0x000000852bb00000)]
  0x000001defb174000 JavaThread "Unconstrained build operations Thread 39" [_thread_blocked, id=15616, stack(0x000000852bb00000,0x000000852bc00000)]
  0x000001defb179000 JavaThread "Unconstrained build operations Thread 40" [_thread_blocked, id=19144, stack(0x000000852bc00000,0x000000852bd00000)]
  0x000001defb177800 JavaThread "Unconstrained build operations Thread 41" [_thread_blocked, id=2228, stack(0x000000852bd00000,0x000000852be00000)]
  0x000001defb173800 JavaThread "Unconstrained build operations Thread 42" [_thread_blocked, id=9900, stack(0x000000852be00000,0x000000852bf00000)]
  0x000001defb17a000 JavaThread "Unconstrained build operations Thread 43" [_thread_blocked, id=4616, stack(0x000000852bf00000,0x000000852c000000)]
  0x000001defb17b000 JavaThread "Unconstrained build operations Thread 44" [_thread_blocked, id=21368, stack(0x000000852c000000,0x000000852c100000)]
  0x000001defb17b800 JavaThread "Unconstrained build operations Thread 45" [_thread_blocked, id=20964, stack(0x000000852c100000,0x000000852c200000)]
  0x000001defb176000 JavaThread "Unconstrained build operations Thread 46" [_thread_blocked, id=4912, stack(0x000000852c200000,0x000000852c300000)]
  0x000001defb17c800 JavaThread "Unconstrained build operations Thread 47" [_thread_blocked, id=1880, stack(0x000000852c300000,0x000000852c400000)]
  0x000001defb176800 JavaThread "Unconstrained build operations Thread 48" [_thread_blocked, id=16500, stack(0x000000852c400000,0x000000852c500000)]
  0x000001defb17f000 JavaThread "Unconstrained build operations Thread 49" [_thread_blocked, id=21788, stack(0x000000852c500000,0x000000852c600000)]
  0x000001defb17d000 JavaThread "Unconstrained build operations Thread 50" [_thread_blocked, id=11404, stack(0x000000852c600000,0x000000852c700000)]
  0x000001defb17f800 JavaThread "Unconstrained build operations Thread 51" [_thread_blocked, id=14184, stack(0x000000852c700000,0x000000852c800000)]
  0x000001defb17e000 JavaThread "Unconstrained build operations Thread 52" [_thread_blocked, id=9040, stack(0x000000852c800000,0x000000852c900000)]
  0x000001defb180800 JavaThread "Unconstrained build operations Thread 53" [_thread_blocked, id=12112, stack(0x000000852c900000,0x000000852ca00000)]
  0x000001defb182000 JavaThread "Unconstrained build operations Thread 54" [_thread_blocked, id=17436, stack(0x000000852ca00000,0x000000852cb00000)]
  0x000001defb181800 JavaThread "Unconstrained build operations Thread 55" [_thread_blocked, id=7664, stack(0x000000852cb00000,0x000000852cc00000)]
  0x000001de80a8d800 JavaThread "Unconstrained build operations Thread 56" [_thread_blocked, id=10652, stack(0x000000852cc00000,0x000000852cd00000)]
  0x000001de80a90800 JavaThread "Unconstrained build operations Thread 57" [_thread_blocked, id=8188, stack(0x000000852cd00000,0x000000852ce00000)]
  0x000001de80a94000 JavaThread "Unconstrained build operations Thread 58" [_thread_blocked, id=10520, stack(0x000000852ce00000,0x000000852cf00000)]
  0x000001de80a92800 JavaThread "Unconstrained build operations Thread 59" [_thread_blocked, id=7896, stack(0x000000852cf00000,0x000000852d000000)]
  0x000001de80a8e000 JavaThread "Unconstrained build operations Thread 60" [_thread_blocked, id=18628, stack(0x000000852d000000,0x000000852d100000)]
  0x000001de80a93000 JavaThread "Unconstrained build operations Thread 61" [_thread_blocked, id=10100, stack(0x000000852d100000,0x000000852d200000)]
  0x000001de80a91800 JavaThread "Unconstrained build operations Thread 62" [_thread_blocked, id=18228, stack(0x000000852d200000,0x000000852d300000)]
  0x000001de80a95000 JavaThread "Unconstrained build operations Thread 63" [_thread_blocked, id=16632, stack(0x000000852d300000,0x000000852d400000)]
  0x000001de80a90000 JavaThread "Unconstrained build operations Thread 64" [_thread_blocked, id=9832, stack(0x000000852d400000,0x000000852d500000)]
  0x000001de80a8f000 JavaThread "Unconstrained build operations Thread 65" [_thread_blocked, id=19756, stack(0x000000852d500000,0x000000852d600000)]
  0x000001de80a95800 JavaThread "Unconstrained build operations Thread 66" [_thread_blocked, id=2212, stack(0x000000852d600000,0x000000852d700000)]
  0x000001de80a9a800 JavaThread "Unconstrained build operations Thread 67" [_thread_blocked, id=16744, stack(0x000000852d700000,0x000000852d800000)]
  0x000001de80a96800 JavaThread "Unconstrained build operations Thread 68" [_thread_blocked, id=16332, stack(0x000000852d800000,0x000000852d900000)]
  0x000001de80a97000 JavaThread "Unconstrained build operations Thread 69" [_thread_blocked, id=9236, stack(0x000000852d900000,0x000000852da00000)]
  0x000001de80a99000 JavaThread "Unconstrained build operations Thread 70" [_thread_blocked, id=8468, stack(0x000000852da00000,0x000000852db00000)]
  0x000001de80a99800 JavaThread "Unconstrained build operations Thread 71" [_thread_blocked, id=5408, stack(0x000000852db00000,0x000000852dc00000)]
  0x000001de80a9b800 JavaThread "Unconstrained build operations Thread 72" [_thread_blocked, id=19220, stack(0x000000852dc00000,0x000000852dd00000)]
  0x000001de80a9c000 JavaThread "Unconstrained build operations Thread 73" [_thread_blocked, id=21456, stack(0x000000852dd00000,0x000000852de00000)]
  0x000001de80a98000 JavaThread "Unconstrained build operations Thread 74" [_thread_blocked, id=18184, stack(0x000000852de00000,0x000000852df00000)]
  0x000001defcea8000 JavaThread "Unconstrained build operations Thread 75" [_thread_blocked, id=8296, stack(0x000000852df00000,0x000000852e000000)]
  0x000001defcea6000 JavaThread "Unconstrained build operations Thread 76" [_thread_blocked, id=21412, stack(0x000000852e000000,0x000000852e100000)]
  0x000001defcea7000 JavaThread "Unconstrained build operations Thread 77" [_thread_blocked, id=8864, stack(0x000000852e100000,0x000000852e200000)]
  0x000001defcea4800 JavaThread "Unconstrained build operations Thread 78" [_thread_blocked, id=8652, stack(0x000000852e200000,0x000000852e300000)]
  0x000001defcea8800 JavaThread "Unconstrained build operations Thread 79" [_thread_blocked, id=9184, stack(0x000000852e300000,0x000000852e400000)]
  0x000001defcea3000 JavaThread "Unconstrained build operations Thread 80" [_thread_blocked, id=21560, stack(0x000000852e400000,0x000000852e500000)]
  0x000001defcea9800 JavaThread "jar transforms Thread 4" [_thread_blocked, id=6480, stack(0x000000852e500000,0x000000852e600000)]
  0x000001defcea4000 JavaThread "jar transforms Thread 5" [_thread_blocked, id=10012, stack(0x000000852e600000,0x000000852e700000)]
  0x000001defceaa800 JavaThread "jar transforms Thread 6" [_thread_blocked, id=18808, stack(0x000000852e700000,0x000000852e800000)]
  0x000001defceab000 JavaThread "jar transforms Thread 7" [_thread_blocked, id=13180, stack(0x000000852e800000,0x000000852e900000)]
  0x000001defcea5800 JavaThread "jar transforms Thread 8" [_thread_blocked, id=21232, stack(0x000000852e900000,0x000000852ea00000)]
=>0x000001defbd5e800 JavaThread "C2 CompilerThread1" daemon [_thread_in_native, id=18792, stack(0x0000008527100000,0x0000008527200000)]
  0x000001de80af1800 JavaThread "C2 CompilerThread2" daemon [_thread_in_native, id=14904, stack(0x0000008527200000,0x0000008527300000)]
  0x000001defceac000 JavaThread "Memory manager" [_thread_blocked, id=10220, stack(0x000000852ea00000,0x000000852eb00000)]
  0x000001defceaf000 JavaThread "build event listener" [_thread_blocked, id=10928, stack(0x000000852eb00000,0x000000852ec00000)]
  0x000001defcead000 JavaThread "included builds" [_thread_blocked, id=19088, stack(0x000000852ec00000,0x000000852ed00000)]
  0x000001defceb0000 JavaThread "Execution worker for ':'" [_thread_blocked, id=16256, stack(0x000000852ed00000,0x000000852ee00000)]
  0x000001defceb1800 JavaThread "Execution worker for ':' Thread 2" [_thread_blocked, id=22036, stack(0x000000852ee00000,0x000000852ef00000)]
  0x000001defcead800 JavaThread "Execution worker for ':' Thread 3" [_thread_blocked, id=10152, stack(0x000000852ef00000,0x000000852f000000)]
  0x000001defceae800 JavaThread "Execution worker for ':' Thread 4" [_thread_blocked, id=21896, stack(0x000000852f000000,0x000000852f100000)]
  0x000001defceb1000 JavaThread "Execution worker for ':' Thread 5" [_thread_in_vm, id=12692, stack(0x000000852f100000,0x000000852f200000)]
  0x000001defdce6000 JavaThread "Execution worker for ':' Thread 6" [_thread_blocked, id=22272, stack(0x000000852f200000,0x000000852f300000)]
  0x000001defdce6800 JavaThread "Execution worker for ':' Thread 7" [_thread_blocked, id=20716, stack(0x000000852f300000,0x000000852f400000)]
  0x000001defdce9000 JavaThread "Cache worker for execution history cache (C:\junni\kotlin\Wooda\.gradle\7.4\executionHistory)" [_thread_blocked, id=9692, stack(0x000000852f400000,0x000000852f500000)]

Other Threads:
  0x000001defa912000 VMThread "VM Thread" [stack: 0x0000008526600000,0x0000008526700000] [id=19264]
  0x000001defab46800 WatcherThread [stack: 0x0000008527000000,0x0000008527100000] [id=10460]
  0x000001deddc83800 GCTaskThread "GC Thread#0" [stack: 0x0000008526100000,0x0000008526200000] [id=17376]
  0x000001defb1ee800 GCTaskThread "GC Thread#1" [stack: 0x0000008527300000,0x0000008527400000] [id=8792]
  0x000001defafd9800 GCTaskThread "GC Thread#2" [stack: 0x0000008527400000,0x0000008527500000] [id=4988]
  0x000001defb90a000 GCTaskThread "GC Thread#3" [stack: 0x0000008527500000,0x0000008527600000] [id=9528]
  0x000001defb765000 GCTaskThread "GC Thread#4" [stack: 0x0000008527600000,0x0000008527700000] [id=9476]
  0x000001defb7f3000 GCTaskThread "GC Thread#5" [stack: 0x0000008527700000,0x0000008527800000] [id=21980]
  0x000001defd7cc000 GCTaskThread "GC Thread#6" [stack: 0x0000008528500000,0x0000008528600000] [id=20192]
  0x000001defcee2000 GCTaskThread "GC Thread#7" [stack: 0x0000008528600000,0x0000008528700000] [id=14720]
  0x000001deddcb4800 ConcurrentGCThread "G1 Main Marker" [stack: 0x0000008526200000,0x0000008526300000] [id=19128]
  0x000001deddcb6800 ConcurrentGCThread "G1 Conc#0" [stack: 0x0000008526300000,0x0000008526400000] [id=21800]
  0x000001defd0fa000 ConcurrentGCThread "G1 Conc#1" [stack: 0x0000008528700000,0x0000008528800000] [id=10816]
  0x000001def9f57000 ConcurrentGCThread "G1 Refine#0" [stack: 0x0000008526400000,0x0000008526500000] [id=15896]
  0x000001def9f58000 ConcurrentGCThread "G1 Young RemSet Sampling" [stack: 0x0000008526500000,0x0000008526600000] [id=15092]

Threads with active compile tasks:
C2 CompilerThread0  11575 10172   !   4       org.gradle.internal.instantiation.generator.AsmBackedClassGenerator$InvokeConstructorStrategy::newInstance (66 bytes)
C2 CompilerThread1  11575 10173   !   4       org.gradle.internal.instantiation.generator.DependencyInjectingInstantiator::doCreate (64 bytes)
C2 CompilerThread2  11575 10306       4       org.gradle.internal.snapshot.impl.AbstractValueProcessor::processValue (745 bytes)

VM state:not at safepoint (normal execution)

VM Mutex/Monitor currently owned by a thread: None

Heap address: 0x0000000080000000, size: 2048 MB, Compressed Oops mode: 32-bit
Narrow klass base: 0x0000000000000000, Narrow klass shift: 3
Compressed class space size: 1073741824 Address: 0x0000000100000000

Heap:
 garbage-first heap   total 258048K, used 165297K [0x0000000080000000, 0x0000000100000000)
  region size 1024K, 105 young (107520K), 16 survivors (16384K)
 Metaspace       used 87731K, capacity 89872K, committed 90064K, reserved 1126400K
  class space    used 11389K, capacity 12235K, committed 12320K, reserved 1048576K
Heap Regions: E=young(eden), S=young(survivor), O=old, HS=humongous(starts), HC=humongous(continues), CS=collection set, F=free, A=archive, TAMS=top-at-mark-start (previous, next)
|   0|0x0000000080000000, 0x0000000080100000, 0x0000000080100000|100%| O|  |TAMS 0x0000000080100000, 0x0000000080000000| Untracked 
|   1|0x0000000080100000, 0x0000000080200000, 0x0000000080200000|100%| O|  |TAMS 0x0000000080200000, 0x0000000080100000| Untracked 
|   2|0x0000000080200000, 0x0000000080300000, 0x0000000080300000|100%| O|  |TAMS 0x0000000080300000, 0x0000000080200000| Untracked 
|   3|0x0000000080300000, 0x0000000080400000, 0x0000000080400000|100%|HS|  |TAMS 0x0000000080400000, 0x0000000080300000| Complete 
|   4|0x0000000080400000, 0x0000000080500000, 0x0000000080500000|100%|HC|  |TAMS 0x0000000080500000, 0x0000000080400000| Complete 
|   5|0x0000000080500000, 0x0000000080600000, 0x0000000080600000|100%|HC|  |TAMS 0x0000000080600000, 0x0000000080500000| Complete 
|   6|0x0000000080600000, 0x0000000080700000, 0x0000000080700000|100%| O|  |TAMS 0x0000000080700000, 0x0000000080600000| Untracked 
|   7|0x0000000080700000, 0x0000000080800000, 0x0000000080800000|100%| O|  |TAMS 0x0000000080800000, 0x0000000080700000| Untracked 
|   8|0x0000000080800000, 0x0000000080900000, 0x0000000080900000|100%| O|  |TAMS 0x0000000080900000, 0x0000000080800000| Untracked 
|   9|0x0000000080900000, 0x0000000080a00000, 0x0000000080a00000|100%| O|  |TAMS 0x0000000080a00000, 0x0000000080900000| Untracked 
|  10|0x0000000080a00000, 0x0000000080b00000, 0x0000000080b00000|100%| O|  |TAMS 0x0000000080b00000, 0x0000000080a00000| Untracked 
|  11|0x0000000080b00000, 0x0000000080c00000, 0x0000000080c00000|100%| O|  |TAMS 0x0000000080c00000, 0x0000000080b00000| Untracked 
|  12|0x0000000080c00000, 0x0000000080d00000, 0x0000000080d00000|100%| O|  |TAMS 0x0000000080d00000, 0x0000000080c00000| Untracked 
|  13|0x0000000080d00000, 0x0000000080e00000, 0x0000000080e00000|100%| O|  |TAMS 0x0000000080e00000, 0x0000000080d00000| Untracked 
|  14|0x0000000080e00000, 0x0000000080f00000, 0x0000000080f00000|100%| O|  |TAMS 0x0000000080f00000, 0x0000000080e00000| Untracked 
|  15|0x0000000080f00000, 0x0000000081000000, 0x0000000081000000|100%| O|  |TAMS 0x0000000081000000, 0x0000000080f00000| Untracked 
|  16|0x0000000081000000, 0x0000000081100000, 0x0000000081100000|100%| O|  |TAMS 0x0000000081100000, 0x0000000081000000| Untracked 
|  17|0x0000000081100000, 0x0000000081200000, 0x0000000081200000|100%|HS|  |TAMS 0x0000000081200000, 0x0000000081100000| Complete 
|  18|0x0000000081200000, 0x0000000081300000, 0x0000000081300000|100%|HS|  |TAMS 0x0000000081300000, 0x0000000081200000| Complete 
|  19|0x0000000081300000, 0x0000000081400000, 0x0000000081400000|100%|HS|  |TAMS 0x0000000081400000, 0x0000000081300000| Complete 
|  20|0x0000000081400000, 0x0000000081500000, 0x0000000081500000|100%|HS|  |TAMS 0x0000000081500000, 0x0000000081400000| Complete 
|  21|0x0000000081500000, 0x0000000081600000, 0x0000000081600000|100%|HC|  |TAMS 0x0000000081600000, 0x0000000081500000| Complete 
|  22|0x0000000081600000, 0x0000000081700000, 0x0000000081700000|100%|HC|  |TAMS 0x0000000081700000, 0x0000000081600000| Complete 
|  23|0x0000000081700000, 0x0000000081800000, 0x0000000081800000|100%|HC|  |TAMS 0x0000000081800000, 0x0000000081700000| Complete 
|  24|0x0000000081800000, 0x0000000081900000, 0x0000000081900000|100%| O|  |TAMS 0x0000000081900000, 0x0000000081800000| Untracked 
|  25|0x0000000081900000, 0x0000000081a00000, 0x0000000081a00000|100%|HS|  |TAMS 0x0000000081a00000, 0x0000000081900000| Complete 
|  26|0x0000000081a00000, 0x0000000081b00000, 0x0000000081b00000|100%|HC|  |TAMS 0x0000000081b00000, 0x0000000081a00000| Complete 
|  27|0x0000000081b00000, 0x0000000081c00000, 0x0000000081c00000|100%| O|  |TAMS 0x0000000081c00000, 0x0000000081b00000| Untracked 
|  28|0x0000000081c00000, 0x0000000081d00000, 0x0000000081d00000|100%| O|  |TAMS 0x0000000081d00000, 0x0000000081c00000| Untracked 
|  29|0x0000000081d00000, 0x0000000081e00000, 0x0000000081e00000|100%| O|  |TAMS 0x0000000081e00000, 0x0000000081d00000| Untracked 
|  30|0x0000000081e00000, 0x0000000081f00000, 0x0000000081f00000|100%| O|  |TAMS 0x0000000081f00000, 0x0000000081e00000| Untracked 
|  31|0x0000000081f00000, 0x0000000082000000, 0x0000000082000000|100%| O|  |TAMS 0x0000000082000000, 0x0000000081f00000| Untracked 
|  32|0x0000000082000000, 0x0000000082100000, 0x0000000082100000|100%| O|  |TAMS 0x0000000082100000, 0x0000000082000000| Untracked 
|  33|0x0000000082100000, 0x0000000082200000, 0x0000000082200000|100%| O|  |TAMS 0x0000000082200000, 0x0000000082100000| Untracked 
|  34|0x0000000082200000, 0x0000000082300000, 0x0000000082300000|100%| O|  |TAMS 0x0000000082300000, 0x0000000082200000| Untracked 
|  35|0x0000000082300000, 0x0000000082400000, 0x0000000082400000|100%| O|  |TAMS 0x0000000082400000, 0x0000000082300000| Untracked 
|  36|0x0000000082400000, 0x0000000082500000, 0x0000000082500000|100%| O|  |TAMS 0x0000000082500000, 0x0000000082400000| Untracked 
|  37|0x0000000082500000, 0x0000000082600000, 0x0000000082600000|100%| O|  |TAMS 0x0000000082600000, 0x0000000082500000| Untracked 
|  38|0x0000000082600000, 0x0000000082700000, 0x0000000082700000|100%| O|  |TAMS 0x0000000082700000, 0x0000000082600000| Untracked 
|  39|0x0000000082700000, 0x0000000082800000, 0x0000000082800000|100%| O|  |TAMS 0x0000000082800000, 0x0000000082700000| Untracked 
|  40|0x0000000082800000, 0x0000000082900000, 0x0000000082900000|100%| O|  |TAMS 0x0000000082900000, 0x0000000082800000| Untracked 
|  41|0x0000000082900000, 0x0000000082a00000, 0x0000000082a00000|100%| O|  |TAMS 0x0000000082a00000, 0x0000000082900000| Untracked 
|  42|0x0000000082a00000, 0x0000000082b00000, 0x0000000082b00000|100%| O|  |TAMS 0x0000000082b00000, 0x0000000082a00000| Untracked 
|  43|0x0000000082b00000, 0x0000000082c00000, 0x0000000082c00000|100%| O|  |TAMS 0x0000000082c00000, 0x0000000082b00000| Untracked 
|  44|0x0000000082c00000, 0x0000000082d00000, 0x0000000082d00000|100%| O|  |TAMS 0x0000000082d00000, 0x0000000082c00000| Untracked 
|  45|0x0000000082d00000, 0x0000000082e00000, 0x0000000082e00000|100%| O|  |TAMS 0x0000000082e00000, 0x0000000082d00000| Untracked 
|  46|0x0000000082e00000, 0x0000000082f00000, 0x0000000082f00000|100%| O|  |TAMS 0x0000000082f00000, 0x0000000082e00000| Untracked 
|  47|0x0000000082f00000, 0x0000000083000000, 0x0000000083000000|100%| O|  |TAMS 0x0000000082fc4c00, 0x0000000082f00000| Untracked 
|  48|0x0000000083000000, 0x0000000083100000, 0x0000000083100000|100%| O|  |TAMS 0x0000000083000000, 0x0000000083000000| Untracked 
|  49|0x0000000083100000, 0x0000000083200000, 0x0000000083200000|100%| O|  |TAMS 0x0000000083100000, 0x0000000083100000| Untracked 
|  50|0x0000000083200000, 0x0000000083300000, 0x0000000083300000|100%| O|  |TAMS 0x0000000083200000, 0x0000000083200000| Untracked 
|  51|0x0000000083300000, 0x0000000083400000, 0x0000000083400000|100%| O|  |TAMS 0x0000000083300000, 0x0000000083300000| Untracked 
|  52|0x0000000083400000, 0x0000000083500000, 0x0000000083500000|100%| O|  |TAMS 0x0000000083400000, 0x0000000083400000| Untracked 
|  53|0x0000000083500000, 0x0000000083600000, 0x0000000083600000|100%| O|  |TAMS 0x0000000083500000, 0x0000000083500000| Untracked 
|  54|0x0000000083600000, 0x0000000083700000, 0x0000000083700000|100%| O|  |TAMS 0x0000000083600000, 0x0000000083600000| Untracked 
|  55|0x0000000083700000, 0x0000000083800000, 0x0000000083800000|100%| O|  |TAMS 0x0000000083700000, 0x0000000083700000| Untracked 
|  56|0x0000000083800000, 0x0000000083900000, 0x0000000083900000|100%| O|  |TAMS 0x0000000083800000, 0x0000000083800000| Untracked 
|  57|0x0000000083900000, 0x0000000083a00000, 0x0000000083a00000|100%| O|  |TAMS 0x0000000083900000, 0x0000000083900000| Untracked 
|  58|0x0000000083a00000, 0x0000000083a6c600, 0x0000000083b00000| 42%| O|  |TAMS 0x0000000083a00000, 0x0000000083a00000| Untracked 
|  59|0x0000000083b00000, 0x0000000083b00000, 0x0000000083c00000|  0%| F|  |TAMS 0x0000000083b00000, 0x0000000083b00000| Untracked 
|  60|0x0000000083c00000, 0x0000000083c00000, 0x0000000083d00000|  0%| F|  |TAMS 0x0000000083c00000, 0x0000000083c00000| Untracked 
|  61|0x0000000083d00000, 0x0000000083d00000, 0x0000000083e00000|  0%| F|  |TAMS 0x0000000083d00000, 0x0000000083d00000| Untracked 
|  62|0x0000000083e00000, 0x0000000083e00000, 0x0000000083f00000|  0%| F|  |TAMS 0x0000000083e00000, 0x0000000083e00000| Untracked 
|  63|0x0000000083f00000, 0x0000000083f00000, 0x0000000084000000|  0%| F|  |TAMS 0x0000000083f00000, 0x0000000083f00000| Untracked 
|  64|0x0000000084000000, 0x0000000084000000, 0x0000000084100000|  0%| F|  |TAMS 0x0000000084000000, 0x0000000084000000| Untracked 
|  65|0x0000000084100000, 0x0000000084100000, 0x0000000084200000|  0%| F|  |TAMS 0x0000000084100000, 0x0000000084100000| Untracked 
|  66|0x0000000084200000, 0x0000000084200000, 0x0000000084300000|  0%| F|  |TAMS 0x0000000084200000, 0x0000000084200000| Untracked 
|  67|0x0000000084300000, 0x0000000084300000, 0x0000000084400000|  0%| F|  |TAMS 0x0000000084300000, 0x0000000084300000| Untracked 
|  68|0x0000000084400000, 0x0000000084400000, 0x0000000084500000|  0%| F|  |TAMS 0x0000000084400000, 0x0000000084400000| Untracked 
|  69|0x0000000084500000, 0x0000000084500000, 0x0000000084600000|  0%| F|  |TAMS 0x0000000084500000, 0x0000000084500000| Untracked 
|  70|0x0000000084600000, 0x0000000084600000, 0x0000000084700000|  0%| F|  |TAMS 0x0000000084600000, 0x0000000084600000| Untracked 
|  71|0x0000000084700000, 0x0000000084700000, 0x0000000084800000|  0%| F|  |TAMS 0x0000000084700000, 0x0000000084700000| Untracked 
|  72|0x0000000084800000, 0x0000000084800000, 0x0000000084900000|  0%| F|  |TAMS 0x0000000084800000, 0x0000000084800000| Untracked 
|  73|0x0000000084900000, 0x0000000084900000, 0x0000000084a00000|  0%| F|  |TAMS 0x0000000084900000, 0x0000000084900000| Untracked 
|  74|0x0000000084a00000, 0x0000000084a00000, 0x0000000084b00000|  0%| F|  |TAMS 0x0000000084a00000, 0x0000000084a00000| Untracked 
|  75|0x0000000084b00000, 0x0000000084b00000, 0x0000000084c00000|  0%| F|  |TAMS 0x0000000084b00000, 0x0000000084b00000| Untracked 
|  76|0x0000000084c00000, 0x0000000084c00000, 0x0000000084d00000|  0%| F|  |TAMS 0x0000000084c00000, 0x0000000084c00000| Untracked 
|  77|0x0000000084d00000, 0x0000000084d00000, 0x0000000084e00000|  0%| F|  |TAMS 0x0000000084d00000, 0x0000000084d00000| Untracked 
|  78|0x0000000084e00000, 0x0000000084e00000, 0x0000000084f00000|  0%| F|  |TAMS 0x0000000084e00000, 0x0000000084e00000| Untracked 
|  79|0x0000000084f00000, 0x0000000084f00000, 0x0000000085000000|  0%| F|  |TAMS 0x0000000084f00000, 0x0000000084f00000| Untracked 
|  80|0x0000000085000000, 0x0000000085000000, 0x0000000085100000|  0%| F|  |TAMS 0x0000000085000000, 0x0000000085000000| Untracked 
|  81|0x0000000085100000, 0x0000000085100000, 0x0000000085200000|  0%| F|  |TAMS 0x0000000085100000, 0x0000000085100000| Untracked 
|  82|0x0000000085200000, 0x0000000085200000, 0x0000000085300000|  0%| F|  |TAMS 0x0000000085200000, 0x0000000085200000| Untracked 
|  83|0x0000000085300000, 0x0000000085300000, 0x0000000085400000|  0%| F|  |TAMS 0x0000000085300000, 0x0000000085300000| Untracked 
|  84|0x0000000085400000, 0x0000000085400000, 0x0000000085500000|  0%| F|  |TAMS 0x0000000085400000, 0x0000000085400000| Untracked 
|  85|0x0000000085500000, 0x0000000085500000, 0x0000000085600000|  0%| F|  |TAMS 0x0000000085500000, 0x0000000085500000| Untracked 
|  86|0x0000000085600000, 0x0000000085600000, 0x0000000085700000|  0%| F|  |TAMS 0x0000000085600000, 0x0000000085600000| Untracked 
|  87|0x0000000085700000, 0x0000000085700000, 0x0000000085800000|  0%| F|  |TAMS 0x0000000085700000, 0x0000000085700000| Untracked 
|  88|0x0000000085800000, 0x0000000085800000, 0x0000000085900000|  0%| F|  |TAMS 0x0000000085800000, 0x0000000085800000| Untracked 
|  89|0x0000000085900000, 0x0000000085900000, 0x0000000085a00000|  0%| F|  |TAMS 0x0000000085900000, 0x0000000085900000| Untracked 
|  90|0x0000000085a00000, 0x0000000085a00000, 0x0000000085b00000|  0%| F|  |TAMS 0x0000000085a00000, 0x0000000085a00000| Untracked 
|  91|0x0000000085b00000, 0x0000000085b00000, 0x0000000085c00000|  0%| F|  |TAMS 0x0000000085b00000, 0x0000000085b00000| Untracked 
|  92|0x0000000085c00000, 0x0000000085c00000, 0x0000000085d00000|  0%| F|  |TAMS 0x0000000085c00000, 0x0000000085c00000| Untracked 
|  93|0x0000000085d00000, 0x0000000085d00000, 0x0000000085e00000|  0%| F|  |TAMS 0x0000000085d00000, 0x0000000085d00000| Untracked 
|  94|0x0000000085e00000, 0x0000000085e00000, 0x0000000085f00000|  0%| F|  |TAMS 0x0000000085e00000, 0x0000000085e00000| Untracked 
|  95|0x0000000085f00000, 0x0000000085f00000, 0x0000000086000000|  0%| F|  |TAMS 0x0000000085f00000, 0x0000000085f00000| Untracked 
|  96|0x0000000086000000, 0x0000000086000000, 0x0000000086100000|  0%| F|  |TAMS 0x0000000086000000, 0x0000000086000000| Untracked 
|  97|0x0000000086100000, 0x0000000086100000, 0x0000000086200000|  0%| F|  |TAMS 0x0000000086100000, 0x0000000086100000| Untracked 
|  98|0x0000000086200000, 0x0000000086200000, 0x0000000086300000|  0%| F|  |TAMS 0x0000000086200000, 0x0000000086200000| Untracked 
|  99|0x0000000086300000, 0x0000000086300000, 0x0000000086400000|  0%| F|  |TAMS 0x0000000086300000, 0x0000000086300000| Untracked 
| 100|0x0000000086400000, 0x0000000086400000, 0x0000000086500000|  0%| F|  |TAMS 0x0000000086400000, 0x0000000086400000| Untracked 
| 101|0x0000000086500000, 0x0000000086500000, 0x0000000086600000|  0%| F|  |TAMS 0x0000000086500000, 0x0000000086500000| Untracked 
| 102|0x0000000086600000, 0x0000000086600000, 0x0000000086700000|  0%| F|  |TAMS 0x0000000086600000, 0x0000000086600000| Untracked 
| 103|0x0000000086700000, 0x0000000086700000, 0x0000000086800000|  0%| F|  |TAMS 0x0000000086700000, 0x0000000086700000| Untracked 
| 104|0x0000000086800000, 0x0000000086900000, 0x0000000086900000|100%| S|CS|TAMS 0x0000000086800000, 0x0000000086800000| Complete 
| 105|0x0000000086900000, 0x0000000086900000, 0x0000000086a00000|  0%| F|  |TAMS 0x0000000086900000, 0x0000000086900000| Untracked 
| 106|0x0000000086a00000, 0x0000000086a00000, 0x0000000086b00000|  0%| F|  |TAMS 0x0000000086a00000, 0x0000000086a00000| Untracked 
| 107|0x0000000086b00000, 0x0000000086b00000, 0x0000000086c00000|  0%| F|  |TAMS 0x0000000086b00000, 0x0000000086b00000| Untracked 
| 108|0x0000000086c00000, 0x0000000086d00000, 0x0000000086d00000|100%| S|CS|TAMS 0x0000000086c00000, 0x0000000086c00000| Complete 
| 109|0x0000000086d00000, 0x0000000086e00000, 0x0000000086e00000|100%| S|CS|TAMS 0x0000000086d00000, 0x0000000086d00000| Complete 
| 110|0x0000000086e00000, 0x0000000086f00000, 0x0000000086f00000|100%| S|CS|TAMS 0x0000000086e00000, 0x0000000086e00000| Complete 
| 111|0x0000000086f00000, 0x0000000087000000, 0x0000000087000000|100%| S|CS|TAMS 0x0000000086f00000, 0x0000000086f00000| Complete 
| 112|0x0000000087000000, 0x0000000087100000, 0x0000000087100000|100%| S|CS|TAMS 0x0000000087000000, 0x0000000087000000| Complete 
| 113|0x0000000087100000, 0x0000000087200000, 0x0000000087200000|100%| S|CS|TAMS 0x0000000087100000, 0x0000000087100000| Complete 
| 114|0x0000000087200000, 0x0000000087300000, 0x0000000087300000|100%| S|CS|TAMS 0x0000000087200000, 0x0000000087200000| Complete 
| 115|0x0000000087300000, 0x0000000087400000, 0x0000000087400000|100%| S|CS|TAMS 0x0000000087300000, 0x0000000087300000| Complete 
| 116|0x0000000087400000, 0x0000000087500000, 0x0000000087500000|100%| S|CS|TAMS 0x0000000087400000, 0x0000000087400000| Complete 
| 117|0x0000000087500000, 0x0000000087600000, 0x0000000087600000|100%| S|CS|TAMS 0x0000000087500000, 0x0000000087500000| Complete 
| 118|0x0000000087600000, 0x0000000087700000, 0x0000000087700000|100%| S|CS|TAMS 0x0000000087600000, 0x0000000087600000| Complete 
| 119|0x0000000087700000, 0x0000000087700000, 0x0000000087800000|  0%| F|  |TAMS 0x0000000087700000, 0x0000000087700000| Untracked 
| 120|0x0000000087800000, 0x0000000087800000, 0x0000000087900000|  0%| F|  |TAMS 0x0000000087800000, 0x0000000087800000| Untracked 
| 121|0x0000000087900000, 0x0000000087900000, 0x0000000087a00000|  0%| F|  |TAMS 0x0000000087900000, 0x0000000087900000| Untracked 
| 122|0x0000000087a00000, 0x0000000087a00000, 0x0000000087b00000|  0%| F|  |TAMS 0x0000000087a00000, 0x0000000087a00000| Untracked 
| 123|0x0000000087b00000, 0x0000000087b00000, 0x0000000087c00000|  0%| F|  |TAMS 0x0000000087b00000, 0x0000000087b00000| Untracked 
| 124|0x0000000087c00000, 0x0000000087c00000, 0x0000000087d00000|  0%| F|  |TAMS 0x0000000087c00000, 0x0000000087c00000| Untracked 
| 125|0x0000000087d00000, 0x0000000087e00000, 0x0000000087e00000|100%| S|CS|TAMS 0x0000000087d00000, 0x0000000087d00000| Complete 
| 126|0x0000000087e00000, 0x0000000087f00000, 0x0000000087f00000|100%| S|CS|TAMS 0x0000000087e00000, 0x0000000087e00000| Complete 
| 127|0x0000000087f00000, 0x0000000088000000, 0x0000000088000000|100%| S|CS|TAMS 0x0000000087f00000, 0x0000000087f00000| Complete 
| 128|0x0000000088000000, 0x0000000088100000, 0x0000000088100000|100%| S|CS|TAMS 0x0000000088000000, 0x0000000088000000| Complete 
| 129|0x0000000088100000, 0x0000000088100000, 0x0000000088200000|  0%| F|  |TAMS 0x0000000088100000, 0x0000000088100000| Untracked 
| 130|0x0000000088200000, 0x0000000088200000, 0x0000000088300000|  0%| F|  |TAMS 0x0000000088200000, 0x0000000088200000| Untracked 
| 131|0x0000000088300000, 0x0000000088300000, 0x0000000088400000|  0%| F|  |TAMS 0x0000000088300000, 0x0000000088300000| Untracked 
| 132|0x0000000088400000, 0x0000000088400000, 0x0000000088500000|  0%| F|  |TAMS 0x0000000088400000, 0x0000000088400000| Untracked 
| 133|0x0000000088500000, 0x0000000088500000, 0x0000000088600000|  0%| F|  |TAMS 0x0000000088500000, 0x0000000088500000| Untracked 
| 134|0x0000000088600000, 0x0000000088600000, 0x0000000088700000|  0%| F|  |TAMS 0x0000000088600000, 0x0000000088600000| Untracked 
| 135|0x0000000088700000, 0x0000000088700000, 0x0000000088800000|  0%| F|  |TAMS 0x0000000088700000, 0x0000000088700000| Untracked 
| 136|0x0000000088800000, 0x0000000088800000, 0x0000000088900000|  0%| F|  |TAMS 0x0000000088800000, 0x0000000088800000| Untracked 
| 137|0x0000000088900000, 0x0000000088900000, 0x0000000088a00000|  0%| F|  |TAMS 0x0000000088900000, 0x0000000088900000| Untracked 
| 138|0x0000000088a00000, 0x0000000088a00000, 0x0000000088b00000|  0%| F|  |TAMS 0x0000000088a00000, 0x0000000088a00000| Untracked 
| 139|0x0000000088b00000, 0x0000000088b00000, 0x0000000088c00000|  0%| F|  |TAMS 0x0000000088b00000, 0x0000000088b00000| Untracked 
| 140|0x0000000088c00000, 0x0000000088c00000, 0x0000000088d00000|  0%| F|  |TAMS 0x0000000088c00000, 0x0000000088c00000| Untracked 
| 141|0x0000000088d00000, 0x0000000088d00000, 0x0000000088e00000|  0%| F|  |TAMS 0x0000000088d00000, 0x0000000088d00000| Untracked 
| 142|0x0000000088e00000, 0x0000000088e00000, 0x0000000088f00000|  0%| F|  |TAMS 0x0000000088e00000, 0x0000000088e00000| Untracked 
| 143|0x0000000088f00000, 0x0000000088f00000, 0x0000000089000000|  0%| F|  |TAMS 0x0000000088f00000, 0x0000000088f00000| Untracked 
| 144|0x0000000089000000, 0x0000000089000000, 0x0000000089100000|  0%| F|  |TAMS 0x0000000089000000, 0x0000000089000000| Untracked 
| 145|0x0000000089100000, 0x0000000089100000, 0x0000000089200000|  0%| F|  |TAMS 0x0000000089100000, 0x0000000089100000| Untracked 
| 146|0x0000000089200000, 0x0000000089200000, 0x0000000089300000|  0%| F|  |TAMS 0x0000000089200000, 0x0000000089200000| Untracked 
| 147|0x0000000089300000, 0x0000000089300000, 0x0000000089400000|  0%| F|  |TAMS 0x0000000089300000, 0x0000000089300000| Untracked 
| 148|0x0000000089400000, 0x0000000089400000, 0x0000000089500000|  0%| F|  |TAMS 0x0000000089400000, 0x0000000089400000| Untracked 
| 149|0x0000000089500000, 0x0000000089500000, 0x0000000089600000|  0%| F|  |TAMS 0x0000000089500000, 0x0000000089500000| Untracked 
| 150|0x0000000089600000, 0x0000000089600000, 0x0000000089700000|  0%| F|  |TAMS 0x0000000089600000, 0x0000000089600000| Untracked 
| 151|0x0000000089700000, 0x0000000089700000, 0x0000000089800000|  0%| F|  |TAMS 0x0000000089700000, 0x0000000089700000| Untracked 
| 152|0x0000000089800000, 0x0000000089800000, 0x0000000089900000|  0%| F|  |TAMS 0x0000000089800000, 0x0000000089800000| Untracked 
| 153|0x0000000089900000, 0x0000000089900000, 0x0000000089a00000|  0%| F|  |TAMS 0x0000000089900000, 0x0000000089900000| Untracked 
| 154|0x0000000089a00000, 0x0000000089a00000, 0x0000000089b00000|  0%| F|  |TAMS 0x0000000089a00000, 0x0000000089a00000| Untracked 
| 155|0x0000000089b00000, 0x0000000089b00000, 0x0000000089c00000|  0%| F|  |TAMS 0x0000000089b00000, 0x0000000089b00000| Untracked 
| 156|0x0000000089c00000, 0x0000000089c00000, 0x0000000089d00000|  0%| F|  |TAMS 0x0000000089c00000, 0x0000000089c00000| Untracked 
| 157|0x0000000089d00000, 0x0000000089d00000, 0x0000000089e00000|  0%| F|  |TAMS 0x0000000089d00000, 0x0000000089d00000| Untracked 
| 158|0x0000000089e00000, 0x0000000089e00000, 0x0000000089f00000|  0%| F|  |TAMS 0x0000000089e00000, 0x0000000089e00000| Untracked 
| 159|0x0000000089f00000, 0x0000000089f00000, 0x000000008a000000|  0%| F|  |TAMS 0x0000000089f00000, 0x0000000089f00000| Untracked 
| 160|0x000000008a000000, 0x000000008a000000, 0x000000008a100000|  0%| F|  |TAMS 0x000000008a000000, 0x000000008a000000| Untracked 
| 161|0x000000008a100000, 0x000000008a100000, 0x000000008a200000|  0%| F|  |TAMS 0x000000008a100000, 0x000000008a100000| Untracked 
| 162|0x000000008a200000, 0x000000008a243bd0, 0x000000008a300000| 26%| E|  |TAMS 0x000000008a200000, 0x000000008a200000| Complete 
| 163|0x000000008a300000, 0x000000008a400000, 0x000000008a400000|100%| E|CS|TAMS 0x000000008a300000, 0x000000008a300000| Complete 
| 164|0x000000008a400000, 0x000000008a500000, 0x000000008a500000|100%| E|CS|TAMS 0x000000008a400000, 0x000000008a400000| Complete 
| 165|0x000000008a500000, 0x000000008a600000, 0x000000008a600000|100%| E|CS|TAMS 0x000000008a500000, 0x000000008a500000| Complete 
| 166|0x000000008a600000, 0x000000008a700000, 0x000000008a700000|100%| E|CS|TAMS 0x000000008a600000, 0x000000008a600000| Complete 
| 167|0x000000008a700000, 0x000000008a800000, 0x000000008a800000|100%| E|CS|TAMS 0x000000008a700000, 0x000000008a700000| Complete 
| 168|0x000000008a800000, 0x000000008a900000, 0x000000008a900000|100%| E|CS|TAMS 0x000000008a800000, 0x000000008a800000| Complete 
| 169|0x000000008a900000, 0x000000008aa00000, 0x000000008aa00000|100%| E|CS|TAMS 0x000000008a900000, 0x000000008a900000| Complete 
| 170|0x000000008aa00000, 0x000000008ab00000, 0x000000008ab00000|100%| E|CS|TAMS 0x000000008aa00000, 0x000000008aa00000| Complete 
| 171|0x000000008ab00000, 0x000000008ac00000, 0x000000008ac00000|100%| E|CS|TAMS 0x000000008ab00000, 0x000000008ab00000| Complete 
| 172|0x000000008ac00000, 0x000000008ad00000, 0x000000008ad00000|100%| E|CS|TAMS 0x000000008ac00000, 0x000000008ac00000| Complete 
| 173|0x000000008ad00000, 0x000000008ae00000, 0x000000008ae00000|100%| E|CS|TAMS 0x000000008ad00000, 0x000000008ad00000| Complete 
| 174|0x000000008ae00000, 0x000000008af00000, 0x000000008af00000|100%| E|CS|TAMS 0x000000008ae00000, 0x000000008ae00000| Complete 
| 175|0x000000008af00000, 0x000000008b000000, 0x000000008b000000|100%| E|CS|TAMS 0x000000008af00000, 0x000000008af00000| Complete 
| 176|0x000000008b000000, 0x000000008b100000, 0x000000008b100000|100%| E|CS|TAMS 0x000000008b000000, 0x000000008b000000| Complete 
| 177|0x000000008b100000, 0x000000008b200000, 0x000000008b200000|100%| E|CS|TAMS 0x000000008b100000, 0x000000008b100000| Complete 
| 178|0x000000008b200000, 0x000000008b300000, 0x000000008b300000|100%| E|CS|TAMS 0x000000008b200000, 0x000000008b200000| Complete 
| 179|0x000000008b300000, 0x000000008b400000, 0x000000008b400000|100%| E|CS|TAMS 0x000000008b300000, 0x000000008b300000| Complete 
| 180|0x000000008b400000, 0x000000008b500000, 0x000000008b500000|100%| E|CS|TAMS 0x000000008b400000, 0x000000008b400000| Complete 
| 181|0x000000008b500000, 0x000000008b600000, 0x000000008b600000|100%| E|CS|TAMS 0x000000008b500000, 0x000000008b500000| Complete 
| 182|0x000000008b600000, 0x000000008b700000, 0x000000008b700000|100%| E|CS|TAMS 0x000000008b600000, 0x000000008b600000| Complete 
| 183|0x000000008b700000, 0x000000008b800000, 0x000000008b800000|100%| E|CS|TAMS 0x000000008b700000, 0x000000008b700000| Complete 
| 184|0x000000008b800000, 0x000000008b900000, 0x000000008b900000|100%| E|CS|TAMS 0x000000008b800000, 0x000000008b800000| Complete 
| 185|0x000000008b900000, 0x000000008ba00000, 0x000000008ba00000|100%| E|CS|TAMS 0x000000008b900000, 0x000000008b900000| Complete 
| 186|0x000000008ba00000, 0x000000008bb00000, 0x000000008bb00000|100%| E|CS|TAMS 0x000000008ba00000, 0x000000008ba00000| Complete 
| 187|0x000000008bb00000, 0x000000008bc00000, 0x000000008bc00000|100%| E|CS|TAMS 0x000000008bb00000, 0x000000008bb00000| Complete 
| 188|0x000000008bc00000, 0x000000008bd00000, 0x000000008bd00000|100%| E|CS|TAMS 0x000000008bc00000, 0x000000008bc00000| Complete 
| 189|0x000000008bd00000, 0x000000008be00000, 0x000000008be00000|100%| E|CS|TAMS 0x000000008bd00000, 0x000000008bd00000| Complete 
| 190|0x000000008be00000, 0x000000008bf00000, 0x000000008bf00000|100%| E|CS|TAMS 0x000000008be00000, 0x000000008be00000| Complete 
| 191|0x000000008bf00000, 0x000000008c000000, 0x000000008c000000|100%| E|  |TAMS 0x000000008bf00000, 0x000000008bf00000| Complete 
| 192|0x000000008c000000, 0x000000008c100000, 0x000000008c100000|100%| E|CS|TAMS 0x000000008c000000, 0x000000008c000000| Complete 
| 193|0x000000008c100000, 0x000000008c200000, 0x000000008c200000|100%| E|CS|TAMS 0x000000008c100000, 0x000000008c100000| Complete 
| 194|0x000000008c200000, 0x000000008c300000, 0x000000008c300000|100%| E|CS|TAMS 0x000000008c200000, 0x000000008c200000| Complete 
| 195|0x000000008c300000, 0x000000008c400000, 0x000000008c400000|100%| E|CS|TAMS 0x000000008c300000, 0x000000008c300000| Complete 
| 196|0x000000008c400000, 0x000000008c500000, 0x000000008c500000|100%| E|CS|TAMS 0x000000008c400000, 0x000000008c400000| Complete 
| 197|0x000000008c500000, 0x000000008c600000, 0x000000008c600000|100%| E|CS|TAMS 0x000000008c500000, 0x000000008c500000| Complete 
| 198|0x000000008c600000, 0x000000008c700000, 0x000000008c700000|100%| E|CS|TAMS 0x000000008c600000, 0x000000008c600000| Complete 
| 199|0x000000008c700000, 0x000000008c800000, 0x000000008c800000|100%| E|CS|TAMS 0x000000008c700000, 0x000000008c700000| Complete 
| 200|0x000000008c800000, 0x000000008c900000, 0x000000008c900000|100%| E|CS|TAMS 0x000000008c800000, 0x000000008c800000| Complete 
| 201|0x000000008c900000, 0x000000008ca00000, 0x000000008ca00000|100%| E|CS|TAMS 0x000000008c900000, 0x000000008c900000| Complete 
| 202|0x000000008ca00000, 0x000000008cb00000, 0x000000008cb00000|100%| E|CS|TAMS 0x000000008ca00000, 0x000000008ca00000| Complete 
| 203|0x000000008cb00000, 0x000000008cc00000, 0x000000008cc00000|100%| E|CS|TAMS 0x000000008cb00000, 0x000000008cb00000| Complete 
| 204|0x000000008cc00000, 0x000000008cd00000, 0x000000008cd00000|100%| E|CS|TAMS 0x000000008cc00000, 0x000000008cc00000| Complete 
| 205|0x000000008cd00000, 0x000000008ce00000, 0x000000008ce00000|100%| E|CS|TAMS 0x000000008cd00000, 0x000000008cd00000| Complete 
| 206|0x000000008ce00000, 0x000000008cf00000, 0x000000008cf00000|100%| E|CS|TAMS 0x000000008ce00000, 0x000000008ce00000| Complete 
| 207|0x000000008cf00000, 0x000000008d000000, 0x000000008d000000|100%| E|CS|TAMS 0x000000008cf00000, 0x000000008cf00000| Complete 
| 208|0x000000008d000000, 0x000000008d100000, 0x000000008d100000|100%| E|CS|TAMS 0x000000008d000000, 0x000000008d000000| Complete 
| 209|0x000000008d100000, 0x000000008d200000, 0x000000008d200000|100%| E|CS|TAMS 0x000000008d100000, 0x000000008d100000| Complete 
| 210|0x000000008d200000, 0x000000008d300000, 0x000000008d300000|100%| E|CS|TAMS 0x000000008d200000, 0x000000008d200000| Complete 
| 211|0x000000008d300000, 0x000000008d400000, 0x000000008d400000|100%| E|CS|TAMS 0x000000008d300000, 0x000000008d300000| Complete 
| 212|0x000000008d400000, 0x000000008d500000, 0x000000008d500000|100%| E|CS|TAMS 0x000000008d400000, 0x000000008d400000| Complete 
| 213|0x000000008d500000, 0x000000008d600000, 0x000000008d600000|100%| E|CS|TAMS 0x000000008d500000, 0x000000008d500000| Complete 
| 214|0x000000008d600000, 0x000000008d700000, 0x000000008d700000|100%| E|CS|TAMS 0x000000008d600000, 0x000000008d600000| Complete 
| 215|0x000000008d700000, 0x000000008d800000, 0x000000008d800000|100%| E|CS|TAMS 0x000000008d700000, 0x000000008d700000| Complete 
| 216|0x000000008d800000, 0x000000008d900000, 0x000000008d900000|100%| E|CS|TAMS 0x000000008d800000, 0x000000008d800000| Complete 
| 217|0x000000008d900000, 0x000000008da00000, 0x000000008da00000|100%| E|CS|TAMS 0x000000008d900000, 0x000000008d900000| Complete 
| 218|0x000000008da00000, 0x000000008db00000, 0x000000008db00000|100%| E|CS|TAMS 0x000000008da00000, 0x000000008da00000| Complete 
| 219|0x000000008db00000, 0x000000008dc00000, 0x000000008dc00000|100%| E|CS|TAMS 0x000000008db00000, 0x000000008db00000| Complete 
| 220|0x000000008dc00000, 0x000000008dd00000, 0x000000008dd00000|100%| E|CS|TAMS 0x000000008dc00000, 0x000000008dc00000| Complete 
| 221|0x000000008dd00000, 0x000000008de00000, 0x000000008de00000|100%| E|CS|TAMS 0x000000008dd00000, 0x000000008dd00000| Complete 
| 222|0x000000008de00000, 0x000000008df00000, 0x000000008df00000|100%| E|CS|TAMS 0x000000008de00000, 0x000000008de00000| Complete 
| 223|0x000000008df00000, 0x000000008e000000, 0x000000008e000000|100%| E|CS|TAMS 0x000000008df00000, 0x000000008df00000| Complete 
| 224|0x000000008e000000, 0x000000008e100000, 0x000000008e100000|100%| E|CS|TAMS 0x000000008e000000, 0x000000008e000000| Complete 
| 225|0x000000008e100000, 0x000000008e200000, 0x000000008e200000|100%| E|CS|TAMS 0x000000008e100000, 0x000000008e100000| Complete 
| 226|0x000000008e200000, 0x000000008e300000, 0x000000008e300000|100%| E|CS|TAMS 0x000000008e200000, 0x000000008e200000| Complete 
| 227|0x000000008e300000, 0x000000008e400000, 0x000000008e400000|100%| E|CS|TAMS 0x000000008e300000, 0x000000008e300000| Complete 
| 228|0x000000008e400000, 0x000000008e500000, 0x000000008e500000|100%| E|CS|TAMS 0x000000008e400000, 0x000000008e400000| Complete 
| 229|0x000000008e500000, 0x000000008e600000, 0x000000008e600000|100%| E|CS|TAMS 0x000000008e500000, 0x000000008e500000| Complete 
| 230|0x000000008e600000, 0x000000008e700000, 0x000000008e700000|100%| E|CS|TAMS 0x000000008e600000, 0x000000008e600000| Complete 
| 231|0x000000008e700000, 0x000000008e800000, 0x000000008e800000|100%| E|CS|TAMS 0x000000008e700000, 0x000000008e700000| Complete 
| 232|0x000000008e800000, 0x000000008e900000, 0x000000008e900000|100%| E|CS|TAMS 0x000000008e800000, 0x000000008e800000| Complete 
| 233|0x000000008e900000, 0x000000008ea00000, 0x000000008ea00000|100%| E|CS|TAMS 0x000000008e900000, 0x000000008e900000| Complete 
| 234|0x000000008ea00000, 0x000000008eb00000, 0x000000008eb00000|100%| E|CS|TAMS 0x000000008ea00000, 0x000000008ea00000| Complete 
| 235|0x000000008eb00000, 0x000000008ec00000, 0x000000008ec00000|100%| E|CS|TAMS 0x000000008eb00000, 0x000000008eb00000| Complete 
| 236|0x000000008ec00000, 0x000000008ed00000, 0x000000008ed00000|100%| E|CS|TAMS 0x000000008ec00000, 0x000000008ec00000| Complete 
| 237|0x000000008ed00000, 0x000000008ee00000, 0x000000008ee00000|100%| E|CS|TAMS 0x000000008ed00000, 0x000000008ed00000| Complete 
| 238|0x000000008ee00000, 0x000000008ef00000, 0x000000008ef00000|100%| E|CS|TAMS 0x000000008ee00000, 0x000000008ee00000| Complete 
| 239|0x000000008ef00000, 0x000000008f000000, 0x000000008f000000|100%| E|CS|TAMS 0x000000008ef00000, 0x000000008ef00000| Complete 
| 240|0x000000008f000000, 0x000000008f100000, 0x000000008f100000|100%| E|CS|TAMS 0x000000008f000000, 0x000000008f000000| Complete 
| 241|0x000000008f100000, 0x000000008f200000, 0x000000008f200000|100%| E|CS|TAMS 0x000000008f100000, 0x000000008f100000| Complete 
| 242|0x000000008f200000, 0x000000008f300000, 0x000000008f300000|100%| E|CS|TAMS 0x000000008f200000, 0x000000008f200000| Complete 
| 243|0x000000008f300000, 0x000000008f400000, 0x000000008f400000|100%| E|CS|TAMS 0x000000008f300000, 0x000000008f300000| Complete 
| 244|0x000000008f400000, 0x000000008f500000, 0x000000008f500000|100%| E|CS|TAMS 0x000000008f400000, 0x000000008f400000| Complete 
| 245|0x000000008f500000, 0x000000008f600000, 0x000000008f600000|100%| E|CS|TAMS 0x000000008f500000, 0x000000008f500000| Complete 
| 246|0x000000008f600000, 0x000000008f700000, 0x000000008f700000|100%| E|CS|TAMS 0x000000008f600000, 0x000000008f600000| Complete 
| 247|0x000000008f700000, 0x000000008f800000, 0x000000008f800000|100%| E|CS|TAMS 0x000000008f700000, 0x000000008f700000| Complete 
| 248|0x000000008f800000, 0x000000008f900000, 0x000000008f900000|100%| E|CS|TAMS 0x000000008f800000, 0x000000008f800000| Complete 
| 249|0x000000008f900000, 0x000000008fa00000, 0x000000008fa00000|100%| E|CS|TAMS 0x000000008f900000, 0x000000008f900000| Complete 
| 250|0x000000008fa00000, 0x000000008fb00000, 0x000000008fb00000|100%| E|CS|TAMS 0x000000008fa00000, 0x000000008fa00000| Complete 
| 251|0x000000008fb00000, 0x000000008fc00000, 0x000000008fc00000|100%| E|CS|TAMS 0x000000008fb00000, 0x000000008fb00000| Complete 

Card table byte_map: [0x000001def2dc0000,0x000001def31c0000] _byte_map_base: 0x000001def29c0000

Marking Bits (Prev, Next): (CMBitMap*) 0x000001deddcab798, (CMBitMap*) 0x000001deddcab7d0
 Prev Bits: [0x000001def35c0000, 0x000001def55c0000)
 Next Bits: [0x000001def55c0000, 0x000001def75c0000)

Polling page: 0x000001deddd40000

Metaspace:

Usage:
  Non-class:     75.88 MB capacity,    74.60 MB ( 98%) used,     1.02 MB (  1%) free+waste,   264.81 KB ( <1%) overhead. 
      Class:     11.95 MB capacity,    11.13 MB ( 93%) used,   719.55 KB (  6%) free+waste,   119.75 KB ( <1%) overhead. 
       Both:     87.83 MB capacity,    85.73 MB ( 98%) used,     1.72 MB (  2%) free+waste,   384.56 KB ( <1%) overhead. 

Virtual space:
  Non-class space:       76.00 MB reserved,      75.92 MB (>99%) committed 
      Class space:        1.00 GB reserved,      12.03 MB (  1%) committed 
             Both:        1.07 GB reserved,      87.95 MB (  8%) committed 

Chunk freelists:
   Non-Class:  43.00 KB
       Class:  21.00 KB
        Both:  64.00 KB

MaxMetaspaceSize: 17179869184.00 GB
CompressedClassSpaceSize: 1.00 GB
Initial GC threshold: 20.80 MB
Current GC threshold: 113.26 MB
CDS: off

CodeHeap 'non-profiled nmethods': size=120000Kb used=6661Kb max_used=6661Kb free=113338Kb
 bounds [0x000001deeaa30000, 0x000001deeb0c0000, 0x000001def1f60000]
CodeHeap 'profiled nmethods': size=120000Kb used=22327Kb max_used=22327Kb free=97672Kb
 bounds [0x000001dee3500000, 0x000001dee4ad0000, 0x000001deeaa30000]
CodeHeap 'non-nmethods': size=5760Kb used=2378Kb max_used=2425Kb free=3382Kb
 bounds [0x000001dee2f60000, 0x000001dee31d0000, 0x000001dee3500000]
 total_blobs=11224 nmethods=10337 adapters=798
 compilation: enabled
              stopped_count=0, restarted_count=0
 full_count=0

Compilation events (20 events):
Event: 11.550 Thread 0x000001defa993000 10366       3       org.gradle.internal.component.local.model.ComponentFileArtifactIdentifier::<init> (15 bytes)
Event: 11.550 Thread 0x000001defa993000 nmethod 10366 0x000001dee4ac5a10 code [0x000001dee4ac5bc0, 0x000001dee4ac5dd8]
Event: 11.550 Thread 0x000001defa993000 10367       3       org.gradle.api.internal.artifacts.PreResolvedResolvableArtifact::getFile (22 bytes)
Event: 11.550 Thread 0x000001defa993000 nmethod 10367 0x000001dee4ac5e90 code [0x000001dee4ac60a0, 0x000001dee4ac6588]
Event: 11.550 Thread 0x000001defa993000 10368       1       org.gradle.api.internal.artifacts.ivyservice.ResolvedArtifactCollectingVisitor::requireArtifactFiles (2 bytes)
Event: 11.550 Thread 0x000001defa993000 nmethod 10368 0x000001deeb0afc10 code [0x000001deeb0afdc0, 0x000001deeb0afe78]
Event: 11.550 Thread 0x000001defa993000 10363       3       org.gradle.internal.execution.steps.SkipUpToDateStep::execute (76 bytes)
Event: 11.551 Thread 0x000001de80af1800 nmethod 10319 0x000001deeb0aff10 code [0x000001deeb0b00c0, 0x000001deeb0b0b58]
Event: 11.551 Thread 0x000001de80af1800 10306       4       org.gradle.internal.snapshot.impl.AbstractValueProcessor::processValue (745 bytes)
Event: 11.553 Thread 0x000001defa993000 nmethod 10363 0x000001dee4ac6810 code [0x000001dee4ac6d40, 0x000001dee4ac9b18]
Event: 11.553 Thread 0x000001defa993000 10357       3       org.gradle.internal.execution.steps.ResolveChangesStep::lambda$execute$0 (8 bytes)
Event: 11.553 Thread 0x000001defa993000 nmethod 10357 0x000001dee4acaa90 code [0x000001dee4acac40, 0x000001dee4acad68]
Event: 11.553 Thread 0x000001defa993000 10362       3       org.gradle.internal.execution.steps.ResolveChangesStep$$Lambda$924/0x0000000100b70040::get$Lambda (10 bytes)
Event: 11.553 Thread 0x000001defa993000 nmethod 10362 0x000001dee4acae10 code [0x000001dee4acafe0, 0x000001dee4acb298]
Event: 11.553 Thread 0x000001defa993000 10361       3       org.gradle.cache.internal.DefaultPersistentDirectoryStore::withFileLock (11 bytes)
Event: 11.553 Thread 0x000001defa993000 nmethod 10361 0x000001dee4acb390 code [0x000001dee4acb540, 0x000001dee4acb708]
Event: 11.553 Thread 0x000001defa993000 10364       3       org.gradle.api.internal.artifacts.transform.TransformationResult$Builder::build (38 bytes)
Event: 11.554 Thread 0x000001defa993000 nmethod 10364 0x000001dee4acb810 code [0x000001dee4acbaa0, 0x000001dee4acc7a8]
Event: 11.554 Thread 0x000001defa993000 10369       1       org.gradle.api.internal.artifacts.PreResolvedResolvableArtifact::getId (5 bytes)
Event: 11.554 Thread 0x000001defa993000 nmethod 10369 0x000001deeb0b0f10 code [0x000001deeb0b10c0, 0x000001deeb0b1178]

GC Heap History (20 events):
Event: 0.935 GC heap before
{Heap before GC invocations=0 (full 0):
 garbage-first heap   total 258048K, used 30720K [0x0000000080000000, 0x0000000100000000)
  region size 1024K, 24 young (24576K), 0 survivors (0K)
 Metaspace       used 10117K, capacity 10403K, committed 10624K, reserved 1058816K
  class space    used 1035K, capacity 1106K, committed 1152K, reserved 1048576K
}
Event: 0.960 GC heap after
{Heap after GC invocations=1 (full 0):
 garbage-first heap   total 258048K, used 9359K [0x0000000080000000, 0x0000000100000000)
  region size 1024K, 3 young (3072K), 3 survivors (3072K)
 Metaspace       used 10117K, capacity 10403K, committed 10624K, reserved 1058816K
  class space    used 1035K, capacity 1106K, committed 1152K, reserved 1048576K
}
Event: 2.986 GC heap before
{Heap before GC invocations=1 (full 0):
 garbage-first heap   total 258048K, used 114831K [0x0000000080000000, 0x0000000100000000)
  region size 1024K, 107 young (109568K), 3 survivors (3072K)
 Metaspace       used 20753K, capacity 21199K, committed 21296K, reserved 1069056K
  class space    used 2527K, capacity 2686K, committed 2688K, reserved 1048576K
}
Event: 2.992 GC heap after
{Heap after GC invocations=2 (full 0):
 garbage-first heap   total 258048K, used 17069K [0x0000000080000000, 0x0000000100000000)
  region size 1024K, 11 young (11264K), 11 survivors (11264K)
 Metaspace       used 20753K, capacity 21199K, committed 21296K, reserved 1069056K
  class space    used 2527K, capacity 2686K, committed 2688K, reserved 1048576K
}
Event: 3.183 GC heap before
{Heap before GC invocations=3 (full 0):
 garbage-first heap   total 258048K, used 39597K [0x0000000080000000, 0x0000000100000000)
  region size 1024K, 33 young (33792K), 11 survivors (11264K)
 Metaspace       used 22679K, capacity 23212K, committed 23548K, reserved 1069056K
  class space    used 2872K, capacity 3066K, committed 3148K, reserved 1048576K
}
Event: 3.187 GC heap after
{Heap after GC invocations=4 (full 0):
 garbage-first heap   total 258048K, used 17975K [0x0000000080000000, 0x0000000100000000)
  region size 1024K, 2 young (2048K), 2 survivors (2048K)
 Metaspace       used 22679K, capacity 23212K, committed 23548K, reserved 1069056K
  class space    used 2872K, capacity 3066K, committed 3148K, reserved 1048576K
}
Event: 4.319 GC heap before
{Heap before GC invocations=4 (full 0):
 garbage-first heap   total 258048K, used 113207K [0x0000000080000000, 0x0000000100000000)
  region size 1024K, 96 young (98304K), 2 survivors (2048K)
 Metaspace       used 35181K, capacity 35967K, committed 36048K, reserved 1081344K
  class space    used 4517K, capacity 4835K, committed 4896K, reserved 1048576K
}
Event: 4.325 GC heap after
{Heap after GC invocations=5 (full 0):
 garbage-first heap   total 258048K, used 22402K [0x0000000080000000, 0x0000000100000000)
  region size 1024K, 6 young (6144K), 6 survivors (6144K)
 Metaspace       used 35181K, capacity 35967K, committed 36048K, reserved 1081344K
  class space    used 4517K, capacity 4835K, committed 4896K, reserved 1048576K
}
Event: 5.402 GC heap before
{Heap before GC invocations=6 (full 0):
 garbage-first heap   total 258048K, used 148354K [0x0000000080000000, 0x0000000100000000)
  region size 1024K, 126 young (129024K), 6 survivors (6144K)
 Metaspace       used 45364K, capacity 46395K, committed 46544K, reserved 1089536K
  class space    used 5758K, capacity 6142K, committed 6176K, reserved 1048576K
}
Event: 5.410 GC heap after
{Heap after GC invocations=7 (full 0):
 garbage-first heap   total 258048K, used 29471K [0x0000000080000000, 0x0000000100000000)
  region size 1024K, 13 young (13312K), 13 survivors (13312K)
 Metaspace       used 45364K, capacity 46395K, committed 46544K, reserved 1089536K
  class space    used 5758K, capacity 6142K, committed 6176K, reserved 1048576K
}
Event: 6.920 GC heap before
{Heap before GC invocations=7 (full 0):
 garbage-first heap   total 258048K, used 173855K [0x0000000080000000, 0x0000000100000000)
  region size 1024K, 145 young (148480K), 13 survivors (13312K)
 Metaspace       used 54563K, capacity 55962K, committed 56144K, reserved 1097728K
  class space    used 6913K, capacity 7460K, committed 7584K, reserved 1048576K
}
Event: 6.936 GC heap after
{Heap after GC invocations=8 (full 0):
 garbage-first heap   total 258048K, used 49596K [0x0000000080000000, 0x0000000100000000)
  region size 1024K, 18 young (18432K), 18 survivors (18432K)
 Metaspace       used 54563K, capacity 55962K, committed 56144K, reserved 1097728K
  class space    used 6913K, capacity 7460K, committed 7584K, reserved 1048576K
}
Event: 7.311 GC heap before
{Heap before GC invocations=8 (full 0):
 garbage-first heap   total 258048K, used 77244K [0x0000000080000000, 0x0000000100000000)
  region size 1024K, 46 young (47104K), 18 survivors (18432K)
 Metaspace       used 58915K, capacity 60371K, committed 60496K, reserved 1101824K
  class space    used 7441K, capacity 7989K, committed 8096K, reserved 1048576K
}
Event: 7.334 GC heap after
{Heap after GC invocations=9 (full 0):
 garbage-first heap   total 258048K, used 51271K [0x0000000080000000, 0x0000000100000000)
  region size 1024K, 3 young (3072K), 3 survivors (3072K)
 Metaspace       used 58915K, capacity 60371K, committed 60496K, reserved 1101824K
  class space    used 7441K, capacity 7989K, committed 8096K, reserved 1048576K
}
Event: 8.485 GC heap before
{Heap before GC invocations=10 (full 0):
 garbage-first heap   total 258048K, used 191559K [0x0000000080000000, 0x0000000100000000)
  region size 1024K, 133 young (136192K), 3 survivors (3072K)
 Metaspace       used 67850K, capacity 69505K, committed 69584K, reserved 1110016K
  class space    used 8557K, capacity 9200K, committed 9248K, reserved 1048576K
}
Event: 8.495 GC heap after
{Heap after GC invocations=11 (full 0):
 garbage-first heap   total 258048K, used 60164K [0x0000000080000000, 0x0000000100000000)
  region size 1024K, 11 young (11264K), 11 survivors (11264K)
 Metaspace       used 67850K, capacity 69505K, committed 69584K, reserved 1110016K
  class space    used 8557K, capacity 9200K, committed 9248K, reserved 1048576K
}
Event: 9.756 GC heap before
{Heap before GC invocations=12 (full 0):
 garbage-first heap   total 258048K, used 190212K [0x0000000080000000, 0x0000000100000000)
  region size 1024K, 138 young (141312K), 11 survivors (11264K)
 Metaspace       used 78125K, capacity 79891K, committed 80080K, reserved 1118208K
  class space    used 10059K, capacity 10694K, committed 10784K, reserved 1048576K
}
Event: 9.767 GC heap after
{Heap after GC invocations=13 (full 0):
 garbage-first heap   total 258048K, used 68728K [0x0000000080000000, 0x0000000100000000)
  region size 1024K, 9 young (9216K), 9 survivors (9216K)
 Metaspace       used 78125K, capacity 79891K, committed 80080K, reserved 1118208K
  class space    used 10059K, capacity 10694K, committed 10784K, reserved 1048576K
}
Event: 10.912 GC heap before
{Heap before GC invocations=13 (full 0):
 garbage-first heap   total 258048K, used 193656K [0x0000000080000000, 0x0000000100000000)
  region size 1024K, 132 young (135168K), 9 survivors (9216K)
 Metaspace       used 86187K, capacity 88298K, committed 88656K, reserved 1126400K
  class space    used 11242K, capacity 12072K, committed 12192K, reserved 1048576K
}
Event: 10.950 GC heap after
{Heap after GC invocations=14 (full 0):
 garbage-first heap   total 258048K, used 76209K [0x0000000080000000, 0x0000000100000000)
  region size 1024K, 16 young (16384K), 16 survivors (16384K)
 Metaspace       used 86187K, capacity 88298K, committed 88656K, reserved 1126400K
  class space    used 11242K, capacity 12072K, committed 12192K, reserved 1048576K
}

Deoptimization events (20 events):
Event: 11.444 Thread 0x000001defb178800 DEOPT PACKING pc=0x000001dee47cc7b1 sp=0x000000852bafb3b0
Event: 11.444 Thread 0x000001defb178800 DEOPT UNPACKING pc=0x000001dee2fa9d0e sp=0x000000852bafa878 mode 0
Event: 11.471 Thread 0x000001defceb1000 Uncommon trap: trap_request=0xffffff4d fr.pc=0x000001deeaf6af70 relative=0x00000000000005b0
Event: 11.471 Thread 0x000001defceb1000 Uncommon trap: reason=unstable_if action=reinterpret pc=0x000001deeaf6af70 method=java.lang.String.regionMatches(ZILjava/lang/String;II)Z @ 1 c2
Event: 11.471 Thread 0x000001defceb1000 DEOPT PACKING pc=0x000001deeaf6af70 sp=0x000000852f1fa670
Event: 11.471 Thread 0x000001defceb1000 DEOPT UNPACKING pc=0x000001dee2f685af sp=0x000000852f1fa620 mode 2
Event: 11.517 Thread 0x000001defceb1000 DEOPT PACKING pc=0x000001dee479f876 sp=0x000000852f1f8f80
Event: 11.517 Thread 0x000001defceb1000 DEOPT UNPACKING pc=0x000001dee2fa9d0e sp=0x000000852f1f84a0 mode 0
Event: 11.522 Thread 0x000001defceb1000 Uncommon trap: trap_request=0xffffff7e fr.pc=0x000001deeb0a9130 relative=0x0000000000001650
Event: 11.522 Thread 0x000001defceb1000 Uncommon trap: reason=predicate action=maybe_recompile pc=0x000001deeb0a9130 method=java.util.TimSort.reverseRange([Ljava/lang/Object;II)V @ 5 c2
Event: 11.522 Thread 0x000001defceb1000 DEOPT PACKING pc=0x000001deeb0a9130 sp=0x000000852f1f89c0
Event: 11.522 Thread 0x000001defceb1000 DEOPT UNPACKING pc=0x000001dee2f685af sp=0x000000852f1f8890 mode 2
Event: 11.522 Thread 0x000001defceb1000 Uncommon trap: trap_request=0xffffffd6 fr.pc=0x000001deeb0a569c relative=0x00000000000007dc
Event: 11.522 Thread 0x000001defceb1000 Uncommon trap: reason=array_check action=maybe_recompile pc=0x000001deeb0a569c method=java.util.TimSort.binarySort([Ljava/lang/Object;IIILjava/util/Comparator;)V @ 215 c2
Event: 11.522 Thread 0x000001defceb1000 DEOPT PACKING pc=0x000001deeb0a569c sp=0x000000852f1f88f0
Event: 11.522 Thread 0x000001defceb1000 DEOPT UNPACKING pc=0x000001dee2f685af sp=0x000000852f1f88d0 mode 2
Event: 11.523 Thread 0x000001defceb1000 Uncommon trap: trap_request=0xffffffd6 fr.pc=0x000001deeb0a569c relative=0x00000000000007dc
Event: 11.523 Thread 0x000001defceb1000 Uncommon trap: reason=array_check action=maybe_recompile pc=0x000001deeb0a569c method=java.util.TimSort.binarySort([Ljava/lang/Object;IIILjava/util/Comparator;)V @ 215 c2
Event: 11.523 Thread 0x000001defceb1000 DEOPT PACKING pc=0x000001deeb0a569c sp=0x000000852f1f86a0
Event: 11.523 Thread 0x000001defceb1000 DEOPT UNPACKING pc=0x000001dee2f685af sp=0x000000852f1f8680 mode 2

Classes redefined (0 events):
No events

Internal exceptions (20 events):
Event: 10.490 Thread 0x000001defceaf000 Exception <a 'java/lang/NoSuchMethodError'{0x000000008b91ace8}: <clinit>> (0x000000008b91ace8) thrown at [./src/hotspot/share/prims/jni.cpp, line 1366]
Event: 10.491 Thread 0x000001defceaf000 Exception <a 'java/lang/NoSuchMethodError'{0x000000008b9735e0}: <clinit>> (0x000000008b9735e0) thrown at [./src/hotspot/share/prims/jni.cpp, line 1366]
Event: 10.492 Thread 0x000001defceaf000 Exception <a 'java/lang/NoSuchMethodError'{0x000000008b97dda8}: 'void java.lang.invoke.DirectMethodHandle$Holder.invokeSpecial(java.lang.Object, java.lang.Object, java.lang.Object, int)'> (0x000000008b97dda8) thrown at [./src/hotspot/share/interpreter/linkResolver.cpp, line 773]
Event: 10.494 Thread 0x000001defceb1000 Exception <a 'java/lang/NoSuchMethodError'{0x000000008b9956d8}: 'int java.lang.invoke.DirectMethodHandle$Holder.invokeSpecial(java.lang.Object, java.lang.Object, java.lang.Object, java.lang.Object, java.lang.Object)'> (0x000000008b9956d8) thrown at [./src/hotspot/share/interpreter/linkResolver.cpp, line 773]
Event: 10.663 Thread 0x000001defceb1000 Exception <a 'java/lang/NoSuchMethodError'{0x000000008aff4ed8}: 'void java.lang.invoke.DirectMethodHandle$Holder.invokeStatic(java.lang.Object, java.lang.Object, java.lang.Object, java.lang.Object, int, java.lang.Object, java.lang.Object)'> (0x000000008aff4ed8) thrown at [./src/hotspot/share/interpreter/linkResolver.cpp, line 773]
Event: 10.690 Thread 0x000001de802ea000 Exception <a 'java/lang/NoSuchMethodError'{0x000000008a559820}: 'java.lang.Object java.lang.invoke.DirectMethodHandle$Holder.invokeSpecialIFC(java.lang.Object, java.lang.Object, java.lang.Object)'> (0x000000008a559820) thrown at [./src/hotspot/share/interpreter/linkResolver.cpp, line 773]
Event: 10.690 Thread 0x000001de80a8f000 Exception <a 'java/lang/NoSuchMethodError'{0x000000008a533b80}: 'java.lang.Object java.lang.invoke.DirectMethodHandle$Holder.invokeSpecialIFC(java.lang.Object, java.lang.Object, java.lang.Object)'> (0x000000008a533b80) thrown at [./src/hotspot/share/interpreter/linkResolver.cpp, line 773]
Event: 10.690 Thread 0x000001de80a93000 Exception <a 'java/lang/NoSuchMethodError'{0x000000008a599060}: 'java.lang.Object java.lang.invoke.DirectMethodHandle$Holder.invokeSpecialIFC(java.lang.Object, java.lang.Object, java.lang.Object)'> (0x000000008a599060) thrown at [./src/hotspot/share/interpreter/linkResolver.cpp, line 773]
Event: 10.690 Thread 0x000001de801fb800 Exception <a 'java/lang/NoSuchMethodError'{0x000000008a6a7630}: 'java.lang.Object java.lang.invoke.DirectMethodHandle$Holder.invokeSpecialIFC(java.lang.Object, java.lang.Object, java.lang.Object)'> (0x000000008a6a7630) thrown at [./src/hotspot/share/interpreter/linkResolver.cpp, line 773]
Event: 10.690 Thread 0x000001de80a98000 Exception <a 'java/lang/NoSuchMethodError'{0x000000008a5b37e0}: 'java.lang.Object java.lang.invoke.DirectMethodHandle$Holder.invokeSpecialIFC(java.lang.Object, java.lang.Object, java.lang.Object)'> (0x000000008a5b37e0) thrown at [./src/hotspot/share/interpreter/linkResolver.cpp, line 773]
Event: 10.690 Thread 0x000001defceb1000 Exception <a 'java/lang/NoSuchMethodError'{0x000000008a5d4888}: 'java.lang.Object java.lang.invoke.DirectMethodHandle$Holder.invokeSpecialIFC(java.lang.Object, java.lang.Object, java.lang.Object)'> (0x000000008a5d4888) thrown at [./src/hotspot/share/interpreter/linkResolver.cpp, line 773]
Event: 10.690 Thread 0x000001defb180800 Exception <a 'java/lang/NoSuchMethodError'{0x000000008a511f50}: 'java.lang.Object java.lang.invoke.DirectMethodHandle$Holder.invokeSpecialIFC(java.lang.Object, java.lang.Object, java.lang.Object)'> (0x000000008a511f50) thrown at [./src/hotspot/share/interpreter/linkResolver.cpp, line 773]
Event: 10.690 Thread 0x000001de802e2000 Exception <a 'java/lang/NoSuchMethodError'{0x000000008a6e98a8}: 'java.lang.Object java.lang.invoke.DirectMethodHandle$Holder.invokeSpecialIFC(java.lang.Object, java.lang.Object, java.lang.Object)'> (0x000000008a6e98a8) thrown at [./src/hotspot/share/interpreter/linkResolver.cpp, line 773]
Event: 10.805 Thread 0x000001de80a99800 Exception <a 'java/lang/NoSuchMethodError'{0x0000000089158c50}: 'void java.lang.invoke.DirectMethodHandle$Holder.invokeVirtual(java.lang.Object, java.lang.Object)'> (0x0000000089158c50) thrown at [./src/hotspot/share/interpreter/linkResolver.cpp, line 773]
Event: 11.031 Thread 0x000001defceb1000 Exception <a 'java/lang/NoSuchMethodError'{0x000000008ea335f8}: 'void java.lang.invoke.DirectMethodHandle$Holder.invokeInterface(java.lang.Object, java.lang.Object, java.lang.Object, java.lang.Object)'> (0x000000008ea335f8) thrown at [./src/hotspot/share/interpreter/linkResolver.cpp, line 773]
Event: 11.374 Thread 0x000001defceb1000 Exception <a 'java/lang/NoSuchMethodError'{0x000000008c39d820}: <clinit>> (0x000000008c39d820) thrown at [./src/hotspot/share/prims/jni.cpp, line 1366]
Event: 11.374 Thread 0x000001defceb1000 Exception <a 'java/lang/NoSuchMethodError'{0x000000008c39ee28}: <clinit>> (0x000000008c39ee28) thrown at [./src/hotspot/share/prims/jni.cpp, line 1366]
Event: 11.374 Thread 0x000001defceb1000 Exception <a 'java/lang/NoSuchMethodError'{0x000000008c3a1a28}: <clinit>> (0x000000008c3a1a28) thrown at [./src/hotspot/share/prims/jni.cpp, line 1366]
Event: 11.375 Thread 0x000001defceb1000 Exception <a 'java/lang/NoSuchMethodError'{0x000000008c3b8858}: <clinit>> (0x000000008c3b8858) thrown at [./src/hotspot/share/prims/jni.cpp, line 1366]
Event: 11.375 Thread 0x000001defceb1000 Exception <a 'java/lang/NoSuchMethodError'{0x000000008c3b9a90}: <clinit>> (0x000000008c3b9a90) thrown at [./src/hotspot/share/prims/jni.cpp, line 1366]

Events (20 events):
Event: 11.550 loading class com/android/build/gradle/api/TestedComponentIdentifier
Event: 11.550 loading class com/android/build/gradle/api/TestedComponentIdentifier done
Event: 11.550 loading class org/jetbrains/kotlin/gradle/internal/DefaultsOnly
Event: 11.550 loading class org/jetbrains/kotlin/gradle/internal/DefaultsOnly done
Event: 11.551 loading class org/jetbrains/kotlin/gradle/internal/CompilerArgumentsConfigurationFlag
Event: 11.551 loading class org/jetbrains/kotlin/gradle/internal/CompilerArgumentsConfigurationFlag done
Event: 11.554 loading class org/jetbrains/kotlin/incremental/IncrementalJvmCompilerRunnerKt
Event: 11.554 loading class org/jetbrains/kotlin/incremental/IncrementalJvmCompilerRunnerKt done
Event: 11.555 loading class org/jetbrains/kotlin/incremental/IncrementalJvmCompilerRunnerKt$classpathAsList$2
Event: 11.555 loading class org/jetbrains/kotlin/incremental/IncrementalJvmCompilerRunnerKt$classpathAsList$2 done
Event: 11.556 loading class org/jetbrains/kotlin/gradle/dsl/OptionsUtilKt
Event: 11.556 loading class org/jetbrains/kotlin/gradle/dsl/OptionsUtilKt done
Event: 11.556 loading class kotlin/reflect/jvm/internal/KClassImpl$Data
Event: 11.556 loading class kotlin/reflect/jvm/internal/KClassImpl$Data done
Event: 11.557 loading class kotlin/reflect/jvm/internal/KDeclarationContainerImpl$Data
Event: 11.557 loading class kotlin/reflect/jvm/internal/KDeclarationContainerImpl$Data done
Event: 11.558 loading class kotlin/reflect/jvm/internal/KDeclarationContainerImpl$Data$moduleData$2
Event: 11.558 loading class kotlin/reflect/jvm/internal/KDeclarationContainerImpl$Data$moduleData$2 done
Event: 11.558 loading class kotlin/reflect/jvm/internal/KClassImpl$Data$descriptor$2
Event: 11.558 loading class kotlin/reflect/jvm/internal/KClassImpl$Data$descriptor$2 done


Dynamic libraries:
0x00007ff7ecfe0000 - 0x00007ff7ecfea000 	C:\Program Files\Android\Android Studio\jre\bin\java.exe
0x00007ffe36490000 - 0x00007ffe366a4000 	C:\WINDOWS\SYSTEM32\ntdll.dll
0x00007ffe34c70000 - 0x00007ffe34d32000 	C:\WINDOWS\System32\KERNEL32.DLL
0x00007ffe33ba0000 - 0x00007ffe33f3d000 	C:\WINDOWS\System32\KERNELBASE.dll
0x00007ffe34170000 - 0x00007ffe34281000 	C:\WINDOWS\System32\ucrtbase.dll
0x00007ffe2b200000 - 0x00007ffe2b217000 	C:\Program Files\Android\Android Studio\jre\bin\VCRUNTIME140.dll
0x00007ffe2cf70000 - 0x00007ffe2cf89000 	C:\Program Files\Android\Android Studio\jre\bin\jli.dll
0x00007ffe35840000 - 0x00007ffe359ea000 	C:\WINDOWS\System32\USER32.dll
0x00007ffe33b70000 - 0x00007ffe33b96000 	C:\WINDOWS\System32\win32u.dll
0x00007ffe196c0000 - 0x00007ffe1994e000 	C:\WINDOWS\WinSxS\amd64_microsoft.windows.common-controls_6595b64144ccf1df_6.0.22621.608_none_a9444ca7c10bb01d\COMCTL32.dll
0x00007ffe34820000 - 0x00007ffe34849000 	C:\WINDOWS\System32\GDI32.dll
0x00007ffe359f0000 - 0x00007ffe35a97000 	C:\WINDOWS\System32\msvcrt.dll
0x00007ffe33a50000 - 0x00007ffe33b62000 	C:\WINDOWS\System32\gdi32full.dll
0x00007ffe33940000 - 0x00007ffe339da000 	C:\WINDOWS\System32\msvcp_win.dll
0x00007ffe346a0000 - 0x00007ffe346d2000 	C:\WINDOWS\System32\IMM32.DLL
0x00007ffdcaa90000 - 0x00007ffdcab2d000 	C:\Program Files\Android\Android Studio\jre\bin\msvcp140.dll
0x00007ffdb62f0000 - 0x00007ffdb6df2000 	C:\Program Files\Android\Android Studio\jre\bin\server\jvm.dll
0x00007ffe346e0000 - 0x00007ffe3478e000 	C:\WINDOWS\System32\ADVAPI32.dll
0x00007ffe35f30000 - 0x00007ffe35fd4000 	C:\WINDOWS\System32\sechost.dll
0x00007ffe36210000 - 0x00007ffe36325000 	C:\WINDOWS\System32\RPCRT4.dll
0x00007ffe35f20000 - 0x00007ffe35f28000 	C:\WINDOWS\System32\PSAPI.DLL
0x00007ffe2dda0000 - 0x00007ffe2ddd4000 	C:\WINDOWS\SYSTEM32\WINMM.dll
0x00007ffe214b0000 - 0x00007ffe214b9000 	C:\WINDOWS\SYSTEM32\WSOCK32.dll
0x00007ffe349c0000 - 0x00007ffe34a31000 	C:\WINDOWS\System32\WS2_32.dll
0x00007ffe314f0000 - 0x00007ffe314fa000 	C:\WINDOWS\SYSTEM32\VERSION.dll
0x00007ffe32a20000 - 0x00007ffe32a38000 	C:\WINDOWS\SYSTEM32\kernel.appcore.dll
0x00007ffdd9610000 - 0x00007ffdd9621000 	C:\Program Files\Android\Android Studio\jre\bin\verify.dll
0x00007ffe30960000 - 0x00007ffe30b8e000 	C:\WINDOWS\SYSTEM32\DBGHELP.DLL
0x00007ffe34290000 - 0x00007ffe3461a000 	C:\WINDOWS\System32\combase.dll
0x00007ffe35ff0000 - 0x00007ffe360c7000 	C:\WINDOWS\System32\OLEAUT32.dll
0x00007ffe2de00000 - 0x00007ffe2de32000 	C:\WINDOWS\SYSTEM32\dbgcore.DLL
0x00007ffe338c0000 - 0x00007ffe3393b000 	C:\WINDOWS\System32\bcryptPrimitives.dll
0x00007ffdd95e0000 - 0x00007ffdd9609000 	C:\Program Files\Android\Android Studio\jre\bin\java.dll
0x00007ffe2a030000 - 0x00007ffe2a03b000 	C:\Program Files\Android\Android Studio\jre\bin\jimage.dll
0x00007ffdd95c0000 - 0x00007ffdd95d8000 	C:\Program Files\Android\Android Studio\jre\bin\zip.dll
0x00007ffe35060000 - 0x00007ffe35840000 	C:\WINDOWS\System32\SHELL32.dll
0x00007ffe31910000 - 0x00007ffe321d5000 	C:\WINDOWS\SYSTEM32\windows.storage.dll
0x00007ffe317d0000 - 0x00007ffe3190e000 	C:\WINDOWS\SYSTEM32\wintypes.dll
0x00007ffe36330000 - 0x00007ffe36421000 	C:\WINDOWS\System32\SHCORE.dll
0x00007ffe34850000 - 0x00007ffe348ae000 	C:\WINDOWS\System32\shlwapi.dll
0x00007ffe337f0000 - 0x00007ffe33811000 	C:\WINDOWS\SYSTEM32\profapi.dll
0x00007ffdd95a0000 - 0x00007ffdd95ba000 	C:\Program Files\Android\Android Studio\jre\bin\net.dll
0x00007ffe2b800000 - 0x00007ffe2b92f000 	C:\WINDOWS\SYSTEM32\WINHTTP.dll
0x00007ffe32e80000 - 0x00007ffe32ee9000 	C:\WINDOWS\system32\mswsock.dll
0x00007ffdd9580000 - 0x00007ffdd9594000 	C:\Program Files\Android\Android Studio\jre\bin\nio.dll
0x00007ffe1d2a0000 - 0x00007ffe1d2c7000 	C:\Users\junni\.gradle\native\e1d6ef7f7dcc3fd88c89a11ec53ec762bb8ba0a96d01ffa2cd45eb1d1d8dd5c5\windows-amd64\native-platform.dll
0x00007ffdf8a00000 - 0x00007ffdf8b44000 	C:\Users\junni\.gradle\native\0d407fdbe67a94daf76414ababcb853783967236a71b16ec16e742cd7a986fd3\windows-amd64\native-platform-file-events.dll
0x00007ffe1ef00000 - 0x00007ffe1ef0a000 	C:\Program Files\Android\Android Studio\jre\bin\management.dll
0x00007ffe0d0f0000 - 0x00007ffe0d0fd000 	C:\Program Files\Android\Android Studio\jre\bin\management_ext.dll
0x00007ffe330c0000 - 0x00007ffe330db000 	C:\WINDOWS\SYSTEM32\CRYPTSP.dll
0x00007ffe32990000 - 0x00007ffe329c5000 	C:\WINDOWS\system32\rsaenh.dll
0x00007ffe32f70000 - 0x00007ffe32f98000 	C:\WINDOWS\SYSTEM32\USERENV.dll
0x00007ffe33280000 - 0x00007ffe332a8000 	C:\WINDOWS\SYSTEM32\bcrypt.dll
0x00007ffe330e0000 - 0x00007ffe330ec000 	C:\WINDOWS\SYSTEM32\CRYPTBASE.dll
0x00007ffe324a0000 - 0x00007ffe324cd000 	C:\WINDOWS\SYSTEM32\IPHLPAPI.DLL
0x00007ffe349b0000 - 0x00007ffe349b9000 	C:\WINDOWS\System32\NSI.dll
0x00007ffe2a4a0000 - 0x00007ffe2a4b9000 	C:\WINDOWS\SYSTEM32\dhcpcsvc6.DLL
0x00007ffe2a450000 - 0x00007ffe2a46f000 	C:\WINDOWS\SYSTEM32\dhcpcsvc.DLL
0x00007ffe32510000 - 0x00007ffe32602000 	C:\WINDOWS\SYSTEM32\DNSAPI.dll

dbghelp: loaded successfully - version: 4.0.5 - missing functions: none
symbol engine: initialized successfully - sym options: 0x614 - pdb path: .;C:\Program Files\Android\Android Studio\jre\bin;C:\WINDOWS\SYSTEM32;C:\WINDOWS\WinSxS\amd64_microsoft.windows.common-controls_6595b64144ccf1df_6.0.22621.608_none_a9444ca7c10bb01d;C:\Program Files\Android\Android Studio\jre\bin\server;C:\Users\junni\.gradle\native\e1d6ef7f7dcc3fd88c89a11ec53ec762bb8ba0a96d01ffa2cd45eb1d1d8dd5c5\windows-amd64;C:\Users\junni\.gradle\native\0d407fdbe67a94daf76414ababcb853783967236a71b16ec16e742cd7a986fd3\windows-amd64

VM Arguments:
jvm_args: --add-opens=java.base/java.util=ALL-UNNAMED --add-opens=java.base/java.lang=ALL-UNNAMED --add-opens=java.base/java.lang.invoke=ALL-UNNAMED --add-opens=java.base/java.util=ALL-UNNAMED --add-opens=java.prefs/java.util.prefs=ALL-UNNAMED --add-opens=java.prefs/java.util.prefs=ALL-UNNAMED --add-opens=java.base/java.nio.charset=ALL-UNNAMED --add-opens=java.base/java.net=ALL-UNNAMED --add-opens=java.base/java.util.concurrent.atomic=ALL-UNNAMED -Xmx2048m -Dfile.encoding=UTF-8 -Duser.country=KR -Duser.language=ko -Duser.variant 
java_command: org.gradle.launcher.daemon.bootstrap.GradleDaemon 7.4
java_class_path (initial): C:\Users\junni\.gradle\wrapper\dists\gradle-7.4-bin\c0gwcg53nkjbqw7r0h0umtfvt\gradle-7.4\lib\gradle-launcher-7.4.jar
Launcher Type: SUN_STANDARD

[Global flags]
     intx CICompilerCount                          = 4                                         {product} {ergonomic}
     uint ConcGCThreads                            = 2                                         {product} {ergonomic}
     uint G1ConcRefinementThreads                  = 8                                         {product} {ergonomic}
   size_t G1HeapRegionSize                         = 1048576                                   {product} {ergonomic}
    uintx GCDrainStackTargetSize                   = 64                                        {product} {ergonomic}
   size_t InitialHeapSize                          = 264241152                                 {product} {ergonomic}
   size_t MarkStackSize                            = 4194304                                   {product} {ergonomic}
   size_t MaxHeapSize                              = 2147483648                                {product} {command line}
   size_t MaxNewSize                               = 1287651328                                {product} {ergonomic}
   size_t MinHeapDeltaBytes                        = 1048576                                   {product} {ergonomic}
    uintx NonNMethodCodeHeapSize                   = 5836300                                {pd product} {ergonomic}
    uintx NonProfiledCodeHeapSize                  = 122910970                              {pd product} {ergonomic}
    uintx ProfiledCodeHeapSize                     = 122910970                              {pd product} {ergonomic}
    uintx ReservedCodeCacheSize                    = 251658240                              {pd product} {ergonomic}
     bool SegmentedCodeCache                       = true                                      {product} {ergonomic}
     bool UseCompressedClassPointers               = true                                 {lp64_product} {ergonomic}
     bool UseCompressedOops                        = true                                 {lp64_product} {ergonomic}
     bool UseG1GC                                  = true                                      {product} {ergonomic}
     bool UseLargePagesIndividualAllocation        = false                                  {pd product} {ergonomic}

Logging:
Log output configuration:
 #0: stdout all=warning uptime,level,tags
 #1: stderr all=off uptime,level,tags

Environment Variables:
PATH=C:\Program Files\Common Files\Oracle\Java\javapath;C:\WINDOWS\system32;C:\WINDOWS;C:\WINDOWS\System32\Wbem;C:\WINDOWS\System32\WindowsPowerShell\v1.0\;C:\WINDOWS\System32\OpenSSH\;C:\Program Files\MySQL\MySQL Shell 8.0\bin\;C:\Users\junni\AppData\Local\Microsoft\WindowsApps;
USERNAME=junni
OS=Windows_NT
PROCESSOR_IDENTIFIER=Intel64 Family 6 Model 140 Stepping 2, GenuineIntel



---------------  S Y S T E M  ---------------

OS: Windows 11 , 64 bit Build 22621 (10.0.22621.755)
OS uptime: 1 days 6:38 hours

CPU:total 8 (initial active 8) (4 cores per cpu, 2 threads per core) family 6 model 140 stepping 2 microcode 0x16, cmov, cx8, fxsr, mmx, sse, sse2, sse3, ssse3, sse4.1, sse4.2, popcnt, avx, avx2, aes, clmul, erms, 3dnowpref, lzcnt, ht, tsc, tscinvbit, bmi1, bmi2, adx, evex, sha, fma

Memory: 4k page, system-wide physical 16092M (1249M free)
TotalPageFile size 43984M (AvailPageFile size 5M)
current process WorkingSet (physical memory assigned to process): 494M, peak: 495M
current process commit charge ("private bytes"): 568M, peak: 570M

vm_info: OpenJDK 64-Bit Server VM (11.0.13+0-b1751.21-8125866) for windows-amd64 JRE (11.0.13+0-b1751.21-8125866), built on Feb  2 2022 03:00:22 by "builder" with MS VC++ 14.0 (VS2015)

END.
