#
# There is insufficient memory for the Java Runtime Environment to continue.
# Native memory allocation (malloc) failed to allocate 1428816 bytes for Chunk::new
# Possible reasons:
#   The system is out of physical RAM or swap space
#   The process is running with CompressedOops enabled, and the Java Heap may be blocking the growth of the native heap
# Possible solutions:
#   Reduce memory load on the system
#   Increase physical memory or swap space
#   Check if swap backing store is full
#   Decrease Java heap size (-Xmx/-Xms)
#   Decrease number of Java threads
#   Decrease Java thread stack sizes (-Xss)
#   Set larger code cache with -XX:ReservedCodeCacheSize=
#   JVM is running with Unscaled Compressed Oops mode in which the Java heap is
#     placed in the first 4GB address space. The Java Heap base address is the
#     maximum limit for the native heap growth. Please use -XX:HeapBaseMinAddress
#     to set the Java Heap base and to place the Java Heap above 4GB virtual address.
# This output file may be truncated or incomplete.
#
#  Out of Memory Error (./src/hotspot/share/memory/arena.cpp:197), pid=19864, tid=21096
#
# JRE version: OpenJDK Runtime Environment (11.0.13) (build 11.0.13+0-b1751.21-8125866)
# Java VM: OpenJDK 64-Bit Server VM (11.0.13+0-b1751.21-8125866, mixed mode, tiered, compressed oops, g1 gc, windows-amd64)
# No core dump will be written. Minidumps are not enabled by default on client versions of Windows
#

---------------  S U M M A R Y ------------

Command Line: --add-opens=java.base/java.util=ALL-UNNAMED --add-opens=java.base/java.lang=ALL-UNNAMED --add-opens=java.base/java.lang.invoke=ALL-UNNAMED --add-opens=java.base/java.util=ALL-UNNAMED --add-opens=java.prefs/java.util.prefs=ALL-UNNAMED --add-opens=java.prefs/java.util.prefs=ALL-UNNAMED --add-opens=java.base/java.nio.charset=ALL-UNNAMED --add-opens=java.base/java.net=ALL-UNNAMED --add-opens=java.base/java.util.concurrent.atomic=ALL-UNNAMED -Xmx2048m -Dfile.encoding=UTF-8 -Duser.country=KR -Duser.language=ko -Duser.variant org.gradle.launcher.daemon.bootstrap.GradleDaemon 7.4

Host: 11th Gen Intel(R) Core(TM) i5-1155G7 @ 2.50GHz, 8 cores, 15G,  Windows 11 , 64 bit Build 22621 (10.0.22621.755)
Time: Fri Nov 25 22:42:10 2022 대한민국 표준시 elapsed time: 58.538313 seconds (0d 0h 0m 58s)

---------------  T H R E A D  ---------------

Current thread (0x00000167f1924000):  JavaThread "C2 CompilerThread2" daemon [_thread_in_native, id=21096, stack(0x0000000b6ef00000,0x0000000b6f000000)]


Current CompileTask:
C2:  58538 15920       4       java.io.ObjectOutputStream::writeClassDesc (60 bytes)

Stack: [0x0000000b6ef00000,0x0000000b6f000000]
Native frames: (J=compiled Java code, j=interpreted, Vv=VM code, C=native code)
V  [jvm.dll+0x6100fa]
V  [jvm.dll+0x747090]
V  [jvm.dll+0x7486ad]
V  [jvm.dll+0x748d83]
V  [jvm.dll+0x24ab48]
V  [jvm.dll+0xc04dc]
V  [jvm.dll+0xc0a0c]
V  [jvm.dll+0x35eb9d]
V  [jvm.dll+0x32b833]
V  [jvm.dll+0x32ad2a]
V  [jvm.dll+0x2032b2]
V  [jvm.dll+0x202437]
V  [jvm.dll+0x188e01]
V  [jvm.dll+0x21106b]
V  [jvm.dll+0x20f8c1]
V  [jvm.dll+0x70de0f]
V  [jvm.dll+0x706a75]
V  [jvm.dll+0x60ed66]
C  [ucrtbase.dll+0x29363]
C  [KERNEL32.DLL+0x1244d]
C  [ntdll.dll+0x5dfb8]


---------------  P R O C E S S  ---------------

Threads class SMR info:
_java_thread_list=0x00000167f4566370, length=148, elements={
0x00000167d0ca7000, 0x00000167eb186800, 0x00000167eb18a800, 0x00000167eba23800,
0x00000167eba25000, 0x00000167eba71800, 0x00000167eba75000, 0x00000167eba7b800,
0x00000167eba88000, 0x00000167ebbf3000, 0x00000167edf5c800, 0x00000167ed28f000,
0x00000167ed52f000, 0x00000167ee9c7800, 0x00000167edb16000, 0x00000167ed4af800,
0x00000167ed4aa000, 0x00000167ed4b0800, 0x00000167ed4af000, 0x00000167ed4ab000,
0x00000167ef66a000, 0x00000167ef66e000, 0x00000167ef66c800, 0x00000167ef66b800,
0x00000167ef674800, 0x00000167ef8ab800, 0x00000167ef8aa800, 0x00000167ef8ac800,
0x00000167ef8ae000, 0x00000167f10af000, 0x00000167f10ac800, 0x00000167f10ad000,
0x00000167f10b6000, 0x00000167f10b9800, 0x00000167f6515000, 0x00000167f6517000,
0x00000167f6519800, 0x00000167f4a4e000, 0x00000167f4a4f000, 0x00000167f4a4f800,
0x00000167f4a50800, 0x00000167f4a4a800, 0x00000167f4a52000, 0x00000167f4a4c800,
0x00000167ebf9b000, 0x00000167ebf91800, 0x00000167ebf95800, 0x00000167ebf93800,
0x00000167ebf92000, 0x00000167ebf94800, 0x00000167f191e000, 0x00000167f1924000,
0x00000167ebf8f800, 0x00000167ebf93000, 0x00000167ebf96000, 0x00000167ebf90800,
0x00000167ebf9c800, 0x00000167ebf9c000, 0x00000167ebf98000, 0x00000167ebf98800,
0x00000167ebf97000, 0x00000167ebf9e800, 0x00000167ebf9d800, 0x00000167ebf99800,
0x00000167ebf9a000, 0x00000167ef8a3800, 0x00000167ef8a5000, 0x00000167ef8a4000,
0x00000167ef8a1800, 0x00000167ef89f000, 0x00000167ef8a6000, 0x00000167ef8a0000,
0x00000167ef8a2800, 0x00000167ef8a6800, 0x00000167ef8a1000, 0x00000167ef8a9000,
0x00000167ef8ad000, 0x00000167ef8a7800, 0x00000167ef8aa000, 0x00000167ef8a8000,
0x00000167f4a51800, 0x00000167f4a4d000, 0x00000167f4a4b800, 0x00000167f4a54800,
0x00000167f4a55800, 0x00000167f4a58800, 0x00000167f4a56000, 0x00000167f4a57000,
0x00000167f4a53000, 0x00000167f4a59800, 0x00000167f4a58000, 0x00000167f4a53800,
0x00000167f10ab000, 0x00000167f10ab800, 0x00000167f10ae000, 0x00000167f10b7000,
0x00000167f10b1800, 0x00000167f10b8000, 0x00000167f10b4000, 0x00000167f10b4800,
0x00000167f10b5800, 0x00000167f10b2000, 0x00000167f10b8800, 0x00000167ef668800,
0x00000167ef667800, 0x00000167ef670800, 0x00000167ef672000, 0x00000167ef671800,
0x00000167ef674000, 0x00000167ef673000, 0x00000167ef66f000, 0x00000167ef675800,
0x00000167ef670000, 0x00000167ef676800, 0x00000167f6514800, 0x00000167f6518800,
0x00000167f6517800, 0x00000167f6513800, 0x00000167f651a000, 0x00000167ed4ad000,
0x00000167ed4ab800, 0x00000167ed4ae000, 0x00000167ed4ac800, 0x00000167f661d000,
0x00000167f661c800, 0x00000167f661e000, 0x00000167f661b800, 0x00000167f6618000,
0x00000167f661e800, 0x00000167f6619000, 0x00000167f661f800, 0x00000167f661a000,
0x00000167f6620800, 0x00000167f661a800, 0x00000167f6622000, 0x00000167f6624800,
0x00000167f6623800, 0x00000167f6625000, 0x00000167f6621000, 0x00000167f6627000,
0x00000167f6623000, 0x00000167f6626000, 0x00000167ecccd800, 0x00000167eccd1800,
0x00000167eccd2000, 0x00000167eccd4000, 0x00000167eccd3000, 0x00000167ecccf800
}

Java Threads: ( => current thread )
  0x00000167d0ca7000 JavaThread "main" [_thread_blocked, id=13448, stack(0x0000000b6c400000,0x0000000b6c500000)]
  0x00000167eb186800 JavaThread "Reference Handler" daemon [_thread_blocked, id=8408, stack(0x0000000b6cb00000,0x0000000b6cc00000)]
  0x00000167eb18a800 JavaThread "Finalizer" daemon [_thread_blocked, id=14896, stack(0x0000000b6cc00000,0x0000000b6cd00000)]
  0x00000167eba23800 JavaThread "Signal Dispatcher" daemon [_thread_blocked, id=13132, stack(0x0000000b6cd00000,0x0000000b6ce00000)]
  0x00000167eba25000 JavaThread "Attach Listener" daemon [_thread_blocked, id=10064, stack(0x0000000b6ce00000,0x0000000b6cf00000)]
  0x00000167eba71800 JavaThread "Service Thread" daemon [_thread_blocked, id=14872, stack(0x0000000b6cf00000,0x0000000b6d000000)]
  0x00000167eba75000 JavaThread "C2 CompilerThread0" daemon [_thread_in_native, id=18104, stack(0x0000000b6d000000,0x0000000b6d100000)]
  0x00000167eba7b800 JavaThread "C1 CompilerThread0" daemon [_thread_blocked, id=14580, stack(0x0000000b6d100000,0x0000000b6d200000)]
  0x00000167eba88000 JavaThread "Sweeper thread" daemon [_thread_blocked, id=17512, stack(0x0000000b6d200000,0x0000000b6d300000)]
  0x00000167ebbf3000 JavaThread "Common-Cleaner" daemon [_thread_blocked, id=19496, stack(0x0000000b6d300000,0x0000000b6d400000)]
  0x00000167edf5c800 JavaThread "Daemon health stats" [_thread_blocked, id=20004, stack(0x0000000b6dc00000,0x0000000b6dd00000)]
  0x00000167ed28f000 JavaThread "Incoming local TCP Connector on port 51756" [_thread_in_native, id=9368, stack(0x0000000b6d500000,0x0000000b6d600000)]
  0x00000167ed52f000 JavaThread "Daemon periodic checks" [_thread_blocked, id=6852, stack(0x0000000b6db00000,0x0000000b6dc00000)]
  0x00000167ee9c7800 JavaThread "Daemon" [_thread_blocked, id=17880, stack(0x0000000b6dd00000,0x0000000b6de00000)]
  0x00000167edb16000 JavaThread "Daemon worker" [_thread_blocked, id=2688, stack(0x0000000b6e000000,0x0000000b6e100000)]
  0x00000167ed4af800 JavaThread "Cache worker for journal cache (C:\Users\junni\.gradle\caches\journal-1)" [_thread_blocked, id=9932, stack(0x0000000b6e500000,0x0000000b6e600000)]
  0x00000167ed4aa000 JavaThread "File lock request listener" [_thread_in_native, id=16944, stack(0x0000000b6e600000,0x0000000b6e700000)]
  0x00000167ed4b0800 JavaThread "Cache worker for file hash cache (C:\Users\junni\.gradle\caches\7.4\fileHashes)" [_thread_blocked, id=12188, stack(0x0000000b6e700000,0x0000000b6e800000)]
  0x00000167ed4af000 JavaThread "File watcher server" daemon [_thread_in_native, id=21492, stack(0x0000000b6ec00000,0x0000000b6ed00000)]
  0x00000167ed4ab000 JavaThread "File watcher consumer" daemon [_thread_blocked, id=20524, stack(0x0000000b6ed00000,0x0000000b6ee00000)]
  0x00000167ef66a000 JavaThread "Cache worker for execution history cache (C:\Users\junni\.gradle\caches\7.4\executionHistory)" [_thread_blocked, id=13844, stack(0x0000000b6f200000,0x0000000b6f300000)]
  0x00000167ef66e000 JavaThread "jar transforms" [_thread_blocked, id=13432, stack(0x0000000b6f400000,0x0000000b6f500000)]
  0x00000167ef66c800 JavaThread "Cache worker for file content cache (C:\Users\junni\.gradle\caches\7.4\fileContent)" [_thread_blocked, id=15240, stack(0x0000000b6f500000,0x0000000b6f600000)]
  0x00000167ef66b800 JavaThread "jar transforms Thread 2" [_thread_blocked, id=14856, stack(0x0000000b6f600000,0x0000000b6f700000)]
  0x00000167ef674800 JavaThread "jar transforms Thread 3" [_thread_blocked, id=8776, stack(0x0000000b6f800000,0x0000000b6f900000)]
  0x00000167ef8ab800 JavaThread "jar transforms Thread 4" [_thread_blocked, id=20220, stack(0x0000000b74a00000,0x0000000b74b00000)]
  0x00000167ef8aa800 JavaThread "jar transforms Thread 5" [_thread_blocked, id=10148, stack(0x0000000b74b00000,0x0000000b74c00000)]
  0x00000167ef8ac800 JavaThread "jar transforms Thread 6" [_thread_blocked, id=10096, stack(0x0000000b74c00000,0x0000000b74d00000)]
  0x00000167ef8ae000 JavaThread "jar transforms Thread 7" [_thread_blocked, id=4276, stack(0x0000000b74d00000,0x0000000b74e00000)]
  0x00000167f10af000 JavaThread "jar transforms Thread 8" [_thread_blocked, id=16996, stack(0x0000000b74e00000,0x0000000b74f00000)]
  0x00000167f10ac800 JavaThread "Memory manager" [_thread_blocked, id=22452, stack(0x0000000b74f00000,0x0000000b75000000)]
  0x00000167f10ad000 JavaThread "included builds" [_thread_blocked, id=17136, stack(0x0000000b75100000,0x0000000b75200000)]
  0x00000167f10b6000 JavaThread "RMI Scheduler(0)" daemon [_thread_blocked, id=16324, stack(0x0000000b6e100000,0x0000000b6e200000)]
  0x00000167f10b9800 JavaThread "RMI GC Daemon" daemon [_thread_blocked, id=1508, stack(0x0000000b75b00000,0x0000000b75c00000)]
  0x00000167f6515000 JavaThread "RMI TCP Accept-0" daemon [_thread_in_native, id=20820, stack(0x0000000b75d00000,0x0000000b75e00000)]
  0x00000167f6517000 JavaThread "RMI Reaper" [_thread_blocked, id=19976, stack(0x0000000b75e00000,0x0000000b75f00000)]
  0x00000167f6519800 JavaThread "RMI TCP Connection(idle)" daemon [_thread_blocked, id=6104, stack(0x0000000b75f00000,0x0000000b76000000)]
  0x00000167f4a4e000 JavaThread "ForkJoinPool.commonPool-worker-3" daemon [_thread_blocked, id=10580, stack(0x0000000b6f300000,0x0000000b6f400000)]
  0x00000167f4a4f000 JavaThread "ForkJoinPool.commonPool-worker-5" daemon [_thread_blocked, id=7608, stack(0x0000000b76a00000,0x0000000b76b00000)]
  0x00000167f4a4f800 JavaThread "ForkJoinPool.commonPool-worker-7" daemon [_thread_blocked, id=20484, stack(0x0000000b76b00000,0x0000000b76c00000)]
  0x00000167f4a50800 JavaThread "ForkJoinPool.commonPool-worker-9" daemon [_thread_blocked, id=21068, stack(0x0000000b76c00000,0x0000000b76d00000)]
  0x00000167f4a4a800 JavaThread "ForkJoinPool.commonPool-worker-11" daemon [_thread_blocked, id=9020, stack(0x0000000b76d00000,0x0000000b76e00000)]
  0x00000167f4a52000 JavaThread "ForkJoinPool.commonPool-worker-13" daemon [_thread_blocked, id=17584, stack(0x0000000b76e00000,0x0000000b76f00000)]
  0x00000167f4a4c800 JavaThread "ForkJoinPool.commonPool-worker-15" daemon [_thread_blocked, id=13520, stack(0x0000000b76f00000,0x0000000b77000000)]
  0x00000167ebf9b000 JavaThread "included builds" [_thread_blocked, id=11156, stack(0x0000000b75400000,0x0000000b75500000)]
  0x00000167ebf91800 JavaThread "Handler for socket connection from /127.0.0.1:51756 to /127.0.0.1:51800" [_thread_in_native, id=20792, stack(0x0000000b6de00000,0x0000000b6df00000)]
  0x00000167ebf95800 JavaThread "Cancel handler" [_thread_blocked, id=13336, stack(0x0000000b6df00000,0x0000000b6e000000)]
  0x00000167ebf93800 JavaThread "Asynchronous log dispatcher for DefaultDaemonConnection: socket connection from /127.0.0.1:51756 to /127.0.0.1:51800" [_thread_blocked, id=21832, stack(0x0000000b6e200000,0x0000000b6e300000)]
  0x00000167ebf92000 JavaThread "Stdin handler" [_thread_blocked, id=14500, stack(0x0000000b6e300000,0x0000000b6e400000)]
  0x00000167ebf94800 JavaThread "Daemon client event forwarder" [_thread_blocked, id=9080, stack(0x0000000b6e400000,0x0000000b6e500000)]
  0x00000167f191e000 JavaThread "C2 CompilerThread1" daemon [_thread_in_native, id=11228, stack(0x0000000b6ee00000,0x0000000b6ef00000)]
=>0x00000167f1924000 JavaThread "C2 CompilerThread2" daemon [_thread_in_native, id=21096, stack(0x0000000b6ef00000,0x0000000b6f000000)]
  0x00000167ebf8f800 JavaThread "Cache worker for checksums cache (C:\junni\kotlin\Wooda\.gradle\7.4\checksums)" [_thread_blocked, id=18192, stack(0x0000000b6f900000,0x0000000b6fa00000)]
  0x00000167ebf93000 JavaThread "Cache worker for cache directory md-rule (C:\Users\junni\.gradle\caches\7.4\md-rule)" [_thread_blocked, id=7960, stack(0x0000000b6fa00000,0x0000000b6fb00000)]
  0x00000167ebf96000 JavaThread "Cache worker for file hash cache (C:\junni\kotlin\Wooda\.gradle\7.4\fileHashes)" [_thread_blocked, id=13064, stack(0x0000000b6fb00000,0x0000000b6fc00000)]
  0x00000167ebf90800 JavaThread "Cache worker for cache directory md-supplier (C:\Users\junni\.gradle\caches\7.4\md-supplier)" [_thread_blocked, id=1140, stack(0x0000000b6fc00000,0x0000000b6fd00000)]
  0x00000167ebf9c800 JavaThread "Cache worker for dependencies-accessors (C:\junni\kotlin\Wooda\.gradle\7.4\dependencies-accessors)" [_thread_blocked, id=6760, stack(0x0000000b6fd00000,0x0000000b6fe00000)]
  0x00000167ebf9c000 JavaThread "Cache worker for Build Output Cleanup Cache (C:\junni\kotlin\Wooda\.gradle\buildOutputCleanup)" [_thread_blocked, id=9828, stack(0x0000000b6fe00000,0x0000000b6ff00000)]
  0x00000167ebf98000 JavaThread "Unconstrained build operations" [_thread_blocked, id=16420, stack(0x0000000b6ff00000,0x0000000b70000000)]
  0x00000167ebf98800 JavaThread "Unconstrained build operations Thread 2" [_thread_blocked, id=4924, stack(0x0000000b70000000,0x0000000b70100000)]
  0x00000167ebf97000 JavaThread "Unconstrained build operations Thread 3" [_thread_blocked, id=1476, stack(0x0000000b70100000,0x0000000b70200000)]
  0x00000167ebf9e800 JavaThread "Unconstrained build operations Thread 4" [_thread_blocked, id=2464, stack(0x0000000b70200000,0x0000000b70300000)]
  0x00000167ebf9d800 JavaThread "Unconstrained build operations Thread 5" [_thread_blocked, id=16068, stack(0x0000000b70300000,0x0000000b70400000)]
  0x00000167ebf99800 JavaThread "Unconstrained build operations Thread 6" [_thread_blocked, id=7528, stack(0x0000000b70400000,0x0000000b70500000)]
  0x00000167ebf9a000 JavaThread "Unconstrained build operations Thread 7" [_thread_blocked, id=11880, stack(0x0000000b70500000,0x0000000b70600000)]
  0x00000167ef8a3800 JavaThread "Unconstrained build operations Thread 8" [_thread_blocked, id=20264, stack(0x0000000b70600000,0x0000000b70700000)]
  0x00000167ef8a5000 JavaThread "Unconstrained build operations Thread 9" [_thread_blocked, id=18512, stack(0x0000000b70700000,0x0000000b70800000)]
  0x00000167ef8a4000 JavaThread "Unconstrained build operations Thread 10" [_thread_blocked, id=14672, stack(0x0000000b70800000,0x0000000b70900000)]
  0x00000167ef8a1800 JavaThread "Unconstrained build operations Thread 11" [_thread_blocked, id=12144, stack(0x0000000b70900000,0x0000000b70a00000)]
  0x00000167ef89f000 JavaThread "Unconstrained build operations Thread 12" [_thread_blocked, id=8668, stack(0x0000000b70a00000,0x0000000b70b00000)]
  0x00000167ef8a6000 JavaThread "Unconstrained build operations Thread 13" [_thread_blocked, id=18316, stack(0x0000000b70b00000,0x0000000b70c00000)]
  0x00000167ef8a0000 JavaThread "Unconstrained build operations Thread 14" [_thread_blocked, id=14800, stack(0x0000000b70c00000,0x0000000b70d00000)]
  0x00000167ef8a2800 JavaThread "Unconstrained build operations Thread 15" [_thread_blocked, id=16268, stack(0x0000000b70d00000,0x0000000b70e00000)]
  0x00000167ef8a6800 JavaThread "Unconstrained build operations Thread 16" [_thread_blocked, id=18888, stack(0x0000000b70e00000,0x0000000b70f00000)]
  0x00000167ef8a1000 JavaThread "Unconstrained build operations Thread 17" [_thread_blocked, id=14860, stack(0x0000000b70f00000,0x0000000b71000000)]
  0x00000167ef8a9000 JavaThread "Unconstrained build operations Thread 18" [_thread_blocked, id=17048, stack(0x0000000b71000000,0x0000000b71100000)]
  0x00000167ef8ad000 JavaThread "Unconstrained build operations Thread 19" [_thread_blocked, id=15676, stack(0x0000000b71100000,0x0000000b71200000)]
  0x00000167ef8a7800 JavaThread "Unconstrained build operations Thread 20" [_thread_blocked, id=12276, stack(0x0000000b71200000,0x0000000b71300000)]
  0x00000167ef8aa000 JavaThread "Unconstrained build operations Thread 21" [_thread_blocked, id=20304, stack(0x0000000b71300000,0x0000000b71400000)]
  0x00000167ef8a8000 JavaThread "Unconstrained build operations Thread 22" [_thread_blocked, id=19248, stack(0x0000000b71400000,0x0000000b71500000)]
  0x00000167f4a51800 JavaThread "Unconstrained build operations Thread 23" [_thread_blocked, id=7516, stack(0x0000000b71500000,0x0000000b71600000)]
  0x00000167f4a4d000 JavaThread "Unconstrained build operations Thread 24" [_thread_blocked, id=6644, stack(0x0000000b71600000,0x0000000b71700000)]
  0x00000167f4a4b800 JavaThread "Unconstrained build operations Thread 25" [_thread_blocked, id=8656, stack(0x0000000b71700000,0x0000000b71800000)]
  0x00000167f4a54800 JavaThread "Unconstrained build operations Thread 26" [_thread_blocked, id=16964, stack(0x0000000b71800000,0x0000000b71900000)]
  0x00000167f4a55800 JavaThread "Unconstrained build operations Thread 27" [_thread_blocked, id=17876, stack(0x0000000b71900000,0x0000000b71a00000)]
  0x00000167f4a58800 JavaThread "Unconstrained build operations Thread 28" [_thread_blocked, id=2432, stack(0x0000000b71a00000,0x0000000b71b00000)]
  0x00000167f4a56000 JavaThread "Unconstrained build operations Thread 29" [_thread_blocked, id=960, stack(0x0000000b71b00000,0x0000000b71c00000)]
  0x00000167f4a57000 JavaThread "Unconstrained build operations Thread 30" [_thread_blocked, id=11256, stack(0x0000000b71c00000,0x0000000b71d00000)]
  0x00000167f4a53000 JavaThread "Unconstrained build operations Thread 31" [_thread_blocked, id=17948, stack(0x0000000b71d00000,0x0000000b71e00000)]
  0x00000167f4a59800 JavaThread "Unconstrained build operations Thread 32" [_thread_blocked, id=14204, stack(0x0000000b71e00000,0x0000000b71f00000)]
  0x00000167f4a58000 JavaThread "Unconstrained build operations Thread 33" [_thread_blocked, id=5532, stack(0x0000000b71f00000,0x0000000b72000000)]
  0x00000167f4a53800 JavaThread "Unconstrained build operations Thread 34" [_thread_blocked, id=9284, stack(0x0000000b72000000,0x0000000b72100000)]
  0x00000167f10ab000 JavaThread "Unconstrained build operations Thread 35" [_thread_blocked, id=14248, stack(0x0000000b72100000,0x0000000b72200000)]
  0x00000167f10ab800 JavaThread "Unconstrained build operations Thread 36" [_thread_blocked, id=14700, stack(0x0000000b72200000,0x0000000b72300000)]
  0x00000167f10ae000 JavaThread "Unconstrained build operations Thread 37" [_thread_blocked, id=8612, stack(0x0000000b72300000,0x0000000b72400000)]
  0x00000167f10b7000 JavaThread "Unconstrained build operations Thread 38" [_thread_blocked, id=8680, stack(0x0000000b72400000,0x0000000b72500000)]
  0x00000167f10b1800 JavaThread "Unconstrained build operations Thread 39" [_thread_blocked, id=10300, stack(0x0000000b72500000,0x0000000b72600000)]
  0x00000167f10b8000 JavaThread "Unconstrained build operations Thread 40" [_thread_blocked, id=14296, stack(0x0000000b72600000,0x0000000b72700000)]
  0x00000167f10b4000 JavaThread "Unconstrained build operations Thread 41" [_thread_blocked, id=9096, stack(0x0000000b72700000,0x0000000b72800000)]
  0x00000167f10b4800 JavaThread "Unconstrained build operations Thread 42" [_thread_blocked, id=164, stack(0x0000000b72800000,0x0000000b72900000)]
  0x00000167f10b5800 JavaThread "Unconstrained build operations Thread 43" [_thread_blocked, id=20348, stack(0x0000000b72900000,0x0000000b72a00000)]
  0x00000167f10b2000 JavaThread "Unconstrained build operations Thread 44" [_thread_blocked, id=14716, stack(0x0000000b72a00000,0x0000000b72b00000)]
  0x00000167f10b8800 JavaThread "Unconstrained build operations Thread 45" [_thread_blocked, id=17504, stack(0x0000000b72b00000,0x0000000b72c00000)]
  0x00000167ef668800 JavaThread "Unconstrained build operations Thread 46" [_thread_blocked, id=21132, stack(0x0000000b72c00000,0x0000000b72d00000)]
  0x00000167ef667800 JavaThread "Unconstrained build operations Thread 47" [_thread_blocked, id=14128, stack(0x0000000b72d00000,0x0000000b72e00000)]
  0x00000167ef670800 JavaThread "Unconstrained build operations Thread 48" [_thread_blocked, id=6676, stack(0x0000000b72e00000,0x0000000b72f00000)]
  0x00000167ef672000 JavaThread "Unconstrained build operations Thread 49" [_thread_blocked, id=21716, stack(0x0000000b72f00000,0x0000000b73000000)]
  0x00000167ef671800 JavaThread "Unconstrained build operations Thread 50" [_thread_blocked, id=15816, stack(0x0000000b73000000,0x0000000b73100000)]
  0x00000167ef674000 JavaThread "Unconstrained build operations Thread 51" [_thread_blocked, id=19848, stack(0x0000000b73100000,0x0000000b73200000)]
  0x00000167ef673000 JavaThread "Unconstrained build operations Thread 52" [_thread_blocked, id=8160, stack(0x0000000b73200000,0x0000000b73300000)]
  0x00000167ef66f000 JavaThread "Unconstrained build operations Thread 53" [_thread_blocked, id=17940, stack(0x0000000b73300000,0x0000000b73400000)]
  0x00000167ef675800 JavaThread "Unconstrained build operations Thread 54" [_thread_blocked, id=8012, stack(0x0000000b73400000,0x0000000b73500000)]
  0x00000167ef670000 JavaThread "Unconstrained build operations Thread 55" [_thread_blocked, id=10996, stack(0x0000000b73500000,0x0000000b73600000)]
  0x00000167ef676800 JavaThread "Unconstrained build operations Thread 56" [_thread_blocked, id=12652, stack(0x0000000b73600000,0x0000000b73700000)]
  0x00000167f6514800 JavaThread "Unconstrained build operations Thread 57" [_thread_blocked, id=3140, stack(0x0000000b73700000,0x0000000b73800000)]
  0x00000167f6518800 JavaThread "Unconstrained build operations Thread 58" [_thread_blocked, id=20940, stack(0x0000000b73800000,0x0000000b73900000)]
  0x00000167f6517800 JavaThread "Unconstrained build operations Thread 59" [_thread_blocked, id=21264, stack(0x0000000b73900000,0x0000000b73a00000)]
  0x00000167f6513800 JavaThread "Unconstrained build operations Thread 60" [_thread_blocked, id=17832, stack(0x0000000b73a00000,0x0000000b73b00000)]
  0x00000167f651a000 JavaThread "Unconstrained build operations Thread 61" [_thread_blocked, id=22220, stack(0x0000000b73b00000,0x0000000b73c00000)]
  0x00000167ed4ad000 JavaThread "Unconstrained build operations Thread 62" [_thread_blocked, id=15140, stack(0x0000000b73c00000,0x0000000b73d00000)]
  0x00000167ed4ab800 JavaThread "Unconstrained build operations Thread 63" [_thread_blocked, id=20796, stack(0x0000000b73d00000,0x0000000b73e00000)]
  0x00000167ed4ae000 JavaThread "Unconstrained build operations Thread 64" [_thread_blocked, id=20756, stack(0x0000000b73e00000,0x0000000b73f00000)]
  0x00000167ed4ac800 JavaThread "Unconstrained build operations Thread 65" [_thread_blocked, id=22148, stack(0x0000000b73f00000,0x0000000b74000000)]
  0x00000167f661d000 JavaThread "Unconstrained build operations Thread 66" [_thread_blocked, id=11468, stack(0x0000000b74000000,0x0000000b74100000)]
  0x00000167f661c800 JavaThread "Unconstrained build operations Thread 67" [_thread_blocked, id=14036, stack(0x0000000b74100000,0x0000000b74200000)]
  0x00000167f661e000 JavaThread "Unconstrained build operations Thread 68" [_thread_blocked, id=10896, stack(0x0000000b74200000,0x0000000b74300000)]
  0x00000167f661b800 JavaThread "Unconstrained build operations Thread 69" [_thread_blocked, id=20080, stack(0x0000000b74300000,0x0000000b74400000)]
  0x00000167f6618000 JavaThread "Unconstrained build operations Thread 70" [_thread_blocked, id=12532, stack(0x0000000b74400000,0x0000000b74500000)]
  0x00000167f661e800 JavaThread "Unconstrained build operations Thread 71" [_thread_blocked, id=7240, stack(0x0000000b74500000,0x0000000b74600000)]
  0x00000167f6619000 JavaThread "Unconstrained build operations Thread 72" [_thread_blocked, id=10972, stack(0x0000000b74600000,0x0000000b74700000)]
  0x00000167f661f800 JavaThread "Unconstrained build operations Thread 73" [_thread_blocked, id=9508, stack(0x0000000b74700000,0x0000000b74800000)]
  0x00000167f661a000 JavaThread "Unconstrained build operations Thread 74" [_thread_blocked, id=15884, stack(0x0000000b74800000,0x0000000b74900000)]
  0x00000167f6620800 JavaThread "Unconstrained build operations Thread 75" [_thread_blocked, id=21332, stack(0x0000000b74900000,0x0000000b74a00000)]
  0x00000167f661a800 JavaThread "Unconstrained build operations Thread 76" [_thread_blocked, id=19084, stack(0x0000000b75000000,0x0000000b75100000)]
  0x00000167f6622000 JavaThread "Unconstrained build operations Thread 77" [_thread_blocked, id=8348, stack(0x0000000b75200000,0x0000000b75300000)]
  0x00000167f6624800 JavaThread "Unconstrained build operations Thread 78" [_thread_blocked, id=20620, stack(0x0000000b75300000,0x0000000b75400000)]
  0x00000167f6623800 JavaThread "Unconstrained build operations Thread 79" [_thread_blocked, id=14560, stack(0x0000000b75500000,0x0000000b75600000)]
  0x00000167f6625000 JavaThread "Unconstrained build operations Thread 80" [_thread_blocked, id=14472, stack(0x0000000b75600000,0x0000000b75700000)]
  0x00000167f6621000 JavaThread "build event listener" [_thread_blocked, id=13380, stack(0x0000000b75700000,0x0000000b75800000)]
  0x00000167f6627000 JavaThread "included builds" [_thread_blocked, id=9240, stack(0x0000000b75800000,0x0000000b75900000)]
  0x00000167f6623000 JavaThread "Execution worker for ':'" [_thread_blocked, id=19372, stack(0x0000000b75900000,0x0000000b75a00000)]
  0x00000167f6626000 JavaThread "Execution worker for ':' Thread 2" [_thread_blocked, id=17872, stack(0x0000000b75a00000,0x0000000b75b00000)]
  0x00000167ecccd800 JavaThread "Execution worker for ':' Thread 3" [_thread_blocked, id=17480, stack(0x0000000b76100000,0x0000000b76200000)]
  0x00000167eccd1800 JavaThread "Execution worker for ':' Thread 4" [_thread_blocked, id=18536, stack(0x0000000b76200000,0x0000000b76300000)]
  0x00000167eccd2000 JavaThread "Execution worker for ':' Thread 5" [_thread_blocked, id=21116, stack(0x0000000b76300000,0x0000000b76400000)]
  0x00000167eccd4000 JavaThread "Execution worker for ':' Thread 6" [_thread_in_Java, id=8672, stack(0x0000000b76400000,0x0000000b76500000)]
  0x00000167eccd3000 JavaThread "Execution worker for ':' Thread 7" [_thread_blocked, id=19384, stack(0x0000000b76500000,0x0000000b76600000)]
  0x00000167ecccf800 JavaThread "Cache worker for execution history cache (C:\junni\kotlin\Wooda\.gradle\7.4\executionHistory)" [_thread_blocked, id=19748, stack(0x0000000b76600000,0x0000000b76700000)]

Other Threads:
  0x00000167eb172000 VMThread "VM Thread" [stack: 0x0000000b6ca00000,0x0000000b6cb00000] [id=14232]
  0x00000167ebc05000 WatcherThread [stack: 0x0000000b6d400000,0x0000000b6d500000] [id=5600]
  0x00000167d0cc2800 GCTaskThread "GC Thread#0" [stack: 0x0000000b6c500000,0x0000000b6c600000] [id=14908]
  0x00000167ec911000 GCTaskThread "GC Thread#1" [stack: 0x0000000b6d600000,0x0000000b6d700000] [id=8676]
  0x00000167ec9a0000 GCTaskThread "GC Thread#2" [stack: 0x0000000b6d700000,0x0000000b6d800000] [id=20248]
  0x00000167eccf5000 GCTaskThread "GC Thread#3" [stack: 0x0000000b6d800000,0x0000000b6d900000] [id=10248]
  0x00000167eccf6000 GCTaskThread "GC Thread#4" [stack: 0x0000000b6d900000,0x0000000b6da00000] [id=12760]
  0x00000167ecd01000 GCTaskThread "GC Thread#5" [stack: 0x0000000b6da00000,0x0000000b6db00000] [id=17120]
  0x00000167edd5c000 GCTaskThread "GC Thread#6" [stack: 0x0000000b6e800000,0x0000000b6e900000] [id=9152]
  0x00000167edc3a800 GCTaskThread "GC Thread#7" [stack: 0x0000000b6e900000,0x0000000b6ea00000] [id=16920]
  0x00000167d0cf3000 ConcurrentGCThread "G1 Main Marker" [stack: 0x0000000b6c600000,0x0000000b6c700000] [id=17012]
  0x00000167d0cf5000 ConcurrentGCThread "G1 Conc#0" [stack: 0x0000000b6c700000,0x0000000b6c800000] [id=17916]
  0x00000167ec8dc000 ConcurrentGCThread "G1 Conc#1" [stack: 0x0000000b6eb00000,0x0000000b6ec00000] [id=13672]
  0x00000167eb042800 ConcurrentGCThread "G1 Refine#0" [stack: 0x0000000b6c800000,0x0000000b6c900000] [id=20708]
  0x00000167ed458800 ConcurrentGCThread "G1 Refine#1" [stack: 0x0000000b6ea00000,0x0000000b6eb00000] [id=5688]
  0x00000167f1291800 ConcurrentGCThread "G1 Refine#2" [stack: 0x0000000b6f000000,0x0000000b6f100000] [id=19120]
  0x00000167f69de000 ConcurrentGCThread "G1 Refine#3" [stack: 0x0000000b6f100000,0x0000000b6f200000] [id=3336]
  0x00000167f11e5000 ConcurrentGCThread "G1 Refine#4" [stack: 0x0000000b6f700000,0x0000000b6f800000] [id=22012]
  0x00000167eb045800 ConcurrentGCThread "G1 Young RemSet Sampling" [stack: 0x0000000b6c900000,0x0000000b6ca00000] [id=16768]

Threads with active compile tasks:
C2 CompilerThread0  58559 15885   !   4       org.gradle.internal.operations.DefaultBuildOperationRunner$2::execute (110 bytes)
C2 CompilerThread1  58559 15911   !   4       java.io.ObjectOutputStream::writeObject0 (619 bytes)
C2 CompilerThread2  58559 15920       4       java.io.ObjectOutputStream::writeClassDesc (60 bytes)

VM state:not at safepoint (normal execution)

VM Mutex/Monitor currently owned by a thread: None

Heap address: 0x0000000080000000, size: 2048 MB, Compressed Oops mode: 32-bit
Narrow klass base: 0x0000000000000000, Narrow klass shift: 3
Compressed class space size: 1073741824 Address: 0x0000000100000000

Heap:
 garbage-first heap   total 258048K, used 138675K [0x0000000080000000, 0x0000000100000000)
  region size 1024K, 49 young (50176K), 12 survivors (12288K)
 Metaspace       used 116467K, capacity 120681K, committed 120732K, reserved 1153024K
  class space    used 15433K, capacity 17113K, committed 17152K, reserved 1048576K
Heap Regions: E=young(eden), S=young(survivor), O=old, HS=humongous(starts), HC=humongous(continues), CS=collection set, F=free, A=archive, TAMS=top-at-mark-start (previous, next)
|   0|0x0000000080000000, 0x0000000080100000, 0x0000000080100000|100%| O|  |TAMS 0x0000000080100000, 0x0000000080000000| Untracked 
|   1|0x0000000080100000, 0x0000000080200000, 0x0000000080200000|100%| O|  |TAMS 0x0000000080200000, 0x0000000080100000| Untracked 
|   2|0x0000000080200000, 0x0000000080300000, 0x0000000080300000|100%| O|  |TAMS 0x0000000080300000, 0x0000000080200000| Untracked 
|   3|0x0000000080300000, 0x0000000080400000, 0x0000000080400000|100%|HS|  |TAMS 0x0000000080400000, 0x0000000080300000| Complete 
|   4|0x0000000080400000, 0x0000000080500000, 0x0000000080500000|100%|HC|  |TAMS 0x0000000080500000, 0x0000000080400000| Complete 
|   5|0x0000000080500000, 0x0000000080600000, 0x0000000080600000|100%|HC|  |TAMS 0x0000000080600000, 0x0000000080500000| Complete 
|   6|0x0000000080600000, 0x0000000080700000, 0x0000000080700000|100%| O|  |TAMS 0x0000000080700000, 0x0000000080600000| Untracked 
|   7|0x0000000080700000, 0x0000000080800000, 0x0000000080800000|100%| O|  |TAMS 0x0000000080800000, 0x0000000080700000| Untracked 
|   8|0x0000000080800000, 0x0000000080900000, 0x0000000080900000|100%| O|  |TAMS 0x0000000080900000, 0x0000000080800000| Untracked 
|   9|0x0000000080900000, 0x0000000080a00000, 0x0000000080a00000|100%| O|  |TAMS 0x0000000080a00000, 0x0000000080900000| Untracked 
|  10|0x0000000080a00000, 0x0000000080b00000, 0x0000000080b00000|100%| O|  |TAMS 0x0000000080b00000, 0x0000000080a00000| Untracked 
|  11|0x0000000080b00000, 0x0000000080c00000, 0x0000000080c00000|100%| O|  |TAMS 0x0000000080c00000, 0x0000000080b00000| Untracked 
|  12|0x0000000080c00000, 0x0000000080d00000, 0x0000000080d00000|100%| O|  |TAMS 0x0000000080d00000, 0x0000000080c00000| Untracked 
|  13|0x0000000080d00000, 0x0000000080e00000, 0x0000000080e00000|100%| O|  |TAMS 0x0000000080e00000, 0x0000000080d00000| Untracked 
|  14|0x0000000080e00000, 0x0000000080f00000, 0x0000000080f00000|100%| O|  |TAMS 0x0000000080f00000, 0x0000000080e00000| Untracked 
|  15|0x0000000080f00000, 0x0000000081000000, 0x0000000081000000|100%| O|  |TAMS 0x0000000081000000, 0x0000000080f00000| Untracked 
|  16|0x0000000081000000, 0x0000000081100000, 0x0000000081100000|100%| O|  |TAMS 0x0000000081100000, 0x0000000081000000| Untracked 
|  17|0x0000000081100000, 0x0000000081200000, 0x0000000081200000|100%|HS|  |TAMS 0x0000000081200000, 0x0000000081100000| Complete 
|  18|0x0000000081200000, 0x0000000081300000, 0x0000000081300000|100%|HS|  |TAMS 0x0000000081300000, 0x0000000081200000| Complete 
|  19|0x0000000081300000, 0x0000000081400000, 0x0000000081400000|100%|HS|  |TAMS 0x0000000081400000, 0x0000000081300000| Complete 
|  20|0x0000000081400000, 0x0000000081500000, 0x0000000081500000|100%|HS|  |TAMS 0x0000000081500000, 0x0000000081400000| Complete 
|  21|0x0000000081500000, 0x0000000081600000, 0x0000000081600000|100%|HC|  |TAMS 0x0000000081600000, 0x0000000081500000| Complete 
|  22|0x0000000081600000, 0x0000000081700000, 0x0000000081700000|100%|HC|  |TAMS 0x0000000081700000, 0x0000000081600000| Complete 
|  23|0x0000000081700000, 0x0000000081800000, 0x0000000081800000|100%|HC|  |TAMS 0x0000000081800000, 0x0000000081700000| Complete 
|  24|0x0000000081800000, 0x0000000081900000, 0x0000000081900000|100%| O|  |TAMS 0x0000000081900000, 0x0000000081800000| Untracked 
|  25|0x0000000081900000, 0x0000000081a00000, 0x0000000081a00000|100%|HS|  |TAMS 0x0000000081a00000, 0x0000000081900000| Complete 
|  26|0x0000000081a00000, 0x0000000081b00000, 0x0000000081b00000|100%|HC|  |TAMS 0x0000000081b00000, 0x0000000081a00000| Complete 
|  27|0x0000000081b00000, 0x0000000081c00000, 0x0000000081c00000|100%| O|  |TAMS 0x0000000081c00000, 0x0000000081b00000| Untracked 
|  28|0x0000000081c00000, 0x0000000081d00000, 0x0000000081d00000|100%| O|  |TAMS 0x0000000081d00000, 0x0000000081c00000| Untracked 
|  29|0x0000000081d00000, 0x0000000081e00000, 0x0000000081e00000|100%| O|  |TAMS 0x0000000081e00000, 0x0000000081d00000| Untracked 
|  30|0x0000000081e00000, 0x0000000081f00000, 0x0000000081f00000|100%| O|  |TAMS 0x0000000081f00000, 0x0000000081e00000| Untracked 
|  31|0x0000000081f00000, 0x0000000082000000, 0x0000000082000000|100%| O|  |TAMS 0x0000000082000000, 0x0000000081f00000| Untracked 
|  32|0x0000000082000000, 0x0000000082100000, 0x0000000082100000|100%| O|  |TAMS 0x0000000082100000, 0x0000000082000000| Untracked 
|  33|0x0000000082100000, 0x0000000082200000, 0x0000000082200000|100%| O|  |TAMS 0x0000000082200000, 0x0000000082100000| Untracked 
|  34|0x0000000082200000, 0x0000000082300000, 0x0000000082300000|100%| O|  |TAMS 0x0000000082300000, 0x0000000082200000| Untracked 
|  35|0x0000000082300000, 0x0000000082400000, 0x0000000082400000|100%| O|  |TAMS 0x0000000082400000, 0x0000000082300000| Untracked 
|  36|0x0000000082400000, 0x0000000082500000, 0x0000000082500000|100%| O|  |TAMS 0x0000000082500000, 0x0000000082400000| Untracked 
|  37|0x0000000082500000, 0x0000000082600000, 0x0000000082600000|100%| O|  |TAMS 0x0000000082600000, 0x0000000082500000| Untracked 
|  38|0x0000000082600000, 0x0000000082700000, 0x0000000082700000|100%| O|  |TAMS 0x0000000082700000, 0x0000000082600000| Untracked 
|  39|0x0000000082700000, 0x0000000082800000, 0x0000000082800000|100%| O|  |TAMS 0x0000000082800000, 0x0000000082700000| Untracked 
|  40|0x0000000082800000, 0x0000000082900000, 0x0000000082900000|100%| O|  |TAMS 0x0000000082900000, 0x0000000082800000| Untracked 
|  41|0x0000000082900000, 0x0000000082a00000, 0x0000000082a00000|100%| O|  |TAMS 0x0000000082a00000, 0x0000000082900000| Untracked 
|  42|0x0000000082a00000, 0x0000000082b00000, 0x0000000082b00000|100%| O|  |TAMS 0x0000000082b00000, 0x0000000082a00000| Untracked 
|  43|0x0000000082b00000, 0x0000000082c00000, 0x0000000082c00000|100%| O|  |TAMS 0x0000000082c00000, 0x0000000082b00000| Untracked 
|  44|0x0000000082c00000, 0x0000000082d00000, 0x0000000082d00000|100%| O|  |TAMS 0x0000000082d00000, 0x0000000082c00000| Untracked 
|  45|0x0000000082d00000, 0x0000000082e00000, 0x0000000082e00000|100%| O|  |TAMS 0x0000000082e00000, 0x0000000082d00000| Untracked 
|  46|0x0000000082e00000, 0x0000000082f00000, 0x0000000082f00000|100%| O|  |TAMS 0x0000000082f00000, 0x0000000082e00000| Untracked 
|  47|0x0000000082f00000, 0x0000000083000000, 0x0000000083000000|100%| O|  |TAMS 0x0000000083000000, 0x0000000082f00000| Untracked 
|  48|0x0000000083000000, 0x0000000083100000, 0x0000000083100000|100%| O|  |TAMS 0x0000000083100000, 0x0000000083000000| Untracked 
|  49|0x0000000083100000, 0x0000000083200000, 0x0000000083200000|100%| O|  |TAMS 0x0000000083200000, 0x0000000083100000| Untracked 
|  50|0x0000000083200000, 0x0000000083300000, 0x0000000083300000|100%| O|  |TAMS 0x0000000083300000, 0x0000000083200000| Untracked 
|  51|0x0000000083300000, 0x0000000083400000, 0x0000000083400000|100%| O|  |TAMS 0x0000000083400000, 0x0000000083300000| Untracked 
|  52|0x0000000083400000, 0x0000000083500000, 0x0000000083500000|100%| O|  |TAMS 0x0000000083500000, 0x0000000083400000| Untracked 
|  53|0x0000000083500000, 0x0000000083600000, 0x0000000083600000|100%| O|  |TAMS 0x0000000083600000, 0x0000000083500000| Untracked 
|  54|0x0000000083600000, 0x0000000083700000, 0x0000000083700000|100%| O|  |TAMS 0x0000000083700000, 0x0000000083600000| Untracked 
|  55|0x0000000083700000, 0x0000000083800000, 0x0000000083800000|100%| O|  |TAMS 0x0000000083800000, 0x0000000083700000| Untracked 
|  56|0x0000000083800000, 0x0000000083900000, 0x0000000083900000|100%| O|  |TAMS 0x0000000083900000, 0x0000000083800000| Untracked 
|  57|0x0000000083900000, 0x0000000083a00000, 0x0000000083a00000|100%| O|  |TAMS 0x0000000083a00000, 0x0000000083900000| Untracked 
|  58|0x0000000083a00000, 0x0000000083b00000, 0x0000000083b00000|100%| O|  |TAMS 0x0000000083b00000, 0x0000000083a00000| Untracked 
|  59|0x0000000083b00000, 0x0000000083c00000, 0x0000000083c00000|100%| O|  |TAMS 0x0000000083c00000, 0x0000000083b00000| Untracked 
|  60|0x0000000083c00000, 0x0000000083d00000, 0x0000000083d00000|100%| O|  |TAMS 0x0000000083d00000, 0x0000000083c00000| Untracked 
|  61|0x0000000083d00000, 0x0000000083e00000, 0x0000000083e00000|100%| O|  |TAMS 0x0000000083e00000, 0x0000000083d00000| Untracked 
|  62|0x0000000083e00000, 0x0000000083f00000, 0x0000000083f00000|100%| O|  |TAMS 0x0000000083f00000, 0x0000000083e00000| Untracked 
|  63|0x0000000083f00000, 0x0000000084000000, 0x0000000084000000|100%| O|  |TAMS 0x0000000084000000, 0x0000000083f00000| Untracked 
|  64|0x0000000084000000, 0x0000000084100000, 0x0000000084100000|100%| O|  |TAMS 0x0000000084100000, 0x0000000084000000| Untracked 
|  65|0x0000000084100000, 0x0000000084200000, 0x0000000084200000|100%| O|  |TAMS 0x0000000084200000, 0x0000000084100000| Untracked 
|  66|0x0000000084200000, 0x0000000084300000, 0x0000000084300000|100%| O|  |TAMS 0x0000000084300000, 0x0000000084200000| Untracked 
|  67|0x0000000084300000, 0x0000000084400000, 0x0000000084400000|100%| O|  |TAMS 0x0000000084400000, 0x0000000084300000| Untracked 
|  68|0x0000000084400000, 0x0000000084500000, 0x0000000084500000|100%| O|  |TAMS 0x0000000084500000, 0x0000000084400000| Untracked 
|  69|0x0000000084500000, 0x0000000084600000, 0x0000000084600000|100%| O|  |TAMS 0x0000000084600000, 0x0000000084500000| Untracked 
|  70|0x0000000084600000, 0x0000000084700000, 0x0000000084700000|100%| O|  |TAMS 0x0000000084700000, 0x0000000084600000| Untracked 
|  71|0x0000000084700000, 0x0000000084800000, 0x0000000084800000|100%| O|  |TAMS 0x0000000084800000, 0x0000000084700000| Untracked 
|  72|0x0000000084800000, 0x0000000084900000, 0x0000000084900000|100%| O|  |TAMS 0x0000000084900000, 0x0000000084800000| Untracked 
|  73|0x0000000084900000, 0x0000000084a00000, 0x0000000084a00000|100%| O|  |TAMS 0x0000000084a00000, 0x0000000084900000| Untracked 
|  74|0x0000000084a00000, 0x0000000084b00000, 0x0000000084b00000|100%| O|  |TAMS 0x0000000084b00000, 0x0000000084a00000| Untracked 
|  75|0x0000000084b00000, 0x0000000084c00000, 0x0000000084c00000|100%| O|  |TAMS 0x0000000084c00000, 0x0000000084b00000| Untracked 
|  76|0x0000000084c00000, 0x0000000084d00000, 0x0000000084d00000|100%| O|  |TAMS 0x0000000084d00000, 0x0000000084c00000| Untracked 
|  77|0x0000000084d00000, 0x0000000084e00000, 0x0000000084e00000|100%| O|  |TAMS 0x0000000084e00000, 0x0000000084d00000| Untracked 
|  78|0x0000000084e00000, 0x0000000084f00000, 0x0000000084f00000|100%| O|  |TAMS 0x0000000084f00000, 0x0000000084e00000| Untracked 
|  79|0x0000000084f00000, 0x0000000085000000, 0x0000000085000000|100%| O|  |TAMS 0x0000000085000000, 0x0000000084f00000| Untracked 
|  80|0x0000000085000000, 0x0000000085100000, 0x0000000085100000|100%| O|  |TAMS 0x0000000085100000, 0x0000000085000000| Untracked 
|  81|0x0000000085100000, 0x0000000085200000, 0x0000000085200000|100%| O|  |TAMS 0x0000000085200000, 0x0000000085100000| Untracked 
|  82|0x0000000085200000, 0x0000000085200000, 0x0000000085300000|  0%| F|  |TAMS 0x0000000085200000, 0x0000000085200000| Untracked 
|  83|0x0000000085300000, 0x0000000085300000, 0x0000000085400000|  0%| F|  |TAMS 0x0000000085300000, 0x0000000085300000| Untracked 
|  84|0x0000000085400000, 0x0000000085400000, 0x0000000085500000|  0%| F|  |TAMS 0x0000000085400000, 0x0000000085400000| Untracked 
|  85|0x0000000085500000, 0x0000000085500000, 0x0000000085600000|  0%| F|  |TAMS 0x0000000085500000, 0x0000000085500000| Untracked 
|  86|0x0000000085600000, 0x0000000085600000, 0x0000000085700000|  0%| F|  |TAMS 0x0000000085600000, 0x0000000085600000| Untracked 
|  87|0x0000000085700000, 0x0000000085700000, 0x0000000085800000|  0%| F|  |TAMS 0x0000000085700000, 0x0000000085700000| Untracked 
|  88|0x0000000085800000, 0x0000000085800000, 0x0000000085900000|  0%| F|  |TAMS 0x0000000085800000, 0x0000000085800000| Untracked 
|  89|0x0000000085900000, 0x0000000085900000, 0x0000000085a00000|  0%| F|  |TAMS 0x0000000085900000, 0x0000000085900000| Untracked 
|  90|0x0000000085a00000, 0x0000000085a00000, 0x0000000085b00000|  0%| F|  |TAMS 0x0000000085a00000, 0x0000000085a00000| Untracked 
|  91|0x0000000085b00000, 0x0000000085b00000, 0x0000000085c00000|  0%| F|  |TAMS 0x0000000085b00000, 0x0000000085b00000| Untracked 
|  92|0x0000000085c00000, 0x0000000085c00000, 0x0000000085d00000|  0%| F|  |TAMS 0x0000000085c00000, 0x0000000085c00000| Untracked 
|  93|0x0000000085d00000, 0x0000000085e00000, 0x0000000085e00000|100%| O|  |TAMS 0x0000000085e00000, 0x0000000085d00000| Untracked 
|  94|0x0000000085e00000, 0x0000000085f00000, 0x0000000085f00000|100%| O|  |TAMS 0x0000000085f00000, 0x0000000085e00000| Untracked 
|  95|0x0000000085f00000, 0x0000000086000000, 0x0000000086000000|100%| O|  |TAMS 0x0000000086000000, 0x0000000085f00000| Untracked 
|  96|0x0000000086000000, 0x0000000086100000, 0x0000000086100000|100%| O|  |TAMS 0x0000000086100000, 0x0000000086000000| Untracked 
|  97|0x0000000086100000, 0x0000000086200000, 0x0000000086200000|100%| O|  |TAMS 0x0000000086200000, 0x0000000086100000| Untracked 
|  98|0x0000000086200000, 0x0000000086300000, 0x0000000086300000|100%| O|  |TAMS 0x0000000086300000, 0x0000000086200000| Untracked 
|  99|0x0000000086300000, 0x000000008637ce00, 0x0000000086400000| 48%| O|  |TAMS 0x000000008637ce00, 0x0000000086300000| Untracked 
| 100|0x0000000086400000, 0x0000000086400000, 0x0000000086500000|  0%| F|  |TAMS 0x0000000086400000, 0x0000000086400000| Untracked 
| 101|0x0000000086500000, 0x0000000086500000, 0x0000000086600000|  0%| F|  |TAMS 0x0000000086500000, 0x0000000086500000| Untracked 
| 102|0x0000000086600000, 0x0000000086600000, 0x0000000086700000|  0%| F|  |TAMS 0x0000000086600000, 0x0000000086600000| Untracked 
| 103|0x0000000086700000, 0x0000000086700000, 0x0000000086800000|  0%| F|  |TAMS 0x0000000086700000, 0x0000000086700000| Untracked 
| 104|0x0000000086800000, 0x0000000086800000, 0x0000000086900000|  0%| F|  |TAMS 0x0000000086800000, 0x0000000086800000| Untracked 
| 105|0x0000000086900000, 0x0000000086900000, 0x0000000086a00000|  0%| F|  |TAMS 0x0000000086900000, 0x0000000086900000| Untracked 
| 106|0x0000000086a00000, 0x0000000086a00000, 0x0000000086b00000|  0%| F|  |TAMS 0x0000000086a00000, 0x0000000086a00000| Untracked 
| 107|0x0000000086b00000, 0x0000000086b00000, 0x0000000086c00000|  0%| F|  |TAMS 0x0000000086b00000, 0x0000000086b00000| Untracked 
| 108|0x0000000086c00000, 0x0000000086c00000, 0x0000000086d00000|  0%| F|  |TAMS 0x0000000086c00000, 0x0000000086c00000| Untracked 
| 109|0x0000000086d00000, 0x0000000086d00000, 0x0000000086e00000|  0%| F|  |TAMS 0x0000000086d00000, 0x0000000086d00000| Untracked 
| 110|0x0000000086e00000, 0x0000000086e00000, 0x0000000086f00000|  0%| F|  |TAMS 0x0000000086e00000, 0x0000000086e00000| Untracked 
| 111|0x0000000086f00000, 0x0000000086f00000, 0x0000000087000000|  0%| F|  |TAMS 0x0000000086f00000, 0x0000000086f00000| Untracked 
| 112|0x0000000087000000, 0x0000000087000000, 0x0000000087100000|  0%| F|  |TAMS 0x0000000087000000, 0x0000000087000000| Untracked 
| 113|0x0000000087100000, 0x0000000087100000, 0x0000000087200000|  0%| F|  |TAMS 0x0000000087100000, 0x0000000087100000| Untracked 
| 114|0x0000000087200000, 0x0000000087200000, 0x0000000087300000|  0%| F|  |TAMS 0x0000000087200000, 0x0000000087200000| Untracked 
| 115|0x0000000087300000, 0x0000000087300000, 0x0000000087400000|  0%| F|  |TAMS 0x0000000087300000, 0x0000000087300000| Untracked 
| 116|0x0000000087400000, 0x0000000087400000, 0x0000000087500000|  0%| F|  |TAMS 0x0000000087400000, 0x0000000087400000| Untracked 
| 117|0x0000000087500000, 0x0000000087500000, 0x0000000087600000|  0%| F|  |TAMS 0x0000000087500000, 0x0000000087500000| Untracked 
| 118|0x0000000087600000, 0x0000000087600000, 0x0000000087700000|  0%| F|  |TAMS 0x0000000087600000, 0x0000000087600000| Untracked 
| 119|0x0000000087700000, 0x0000000087700000, 0x0000000087800000|  0%| F|  |TAMS 0x0000000087700000, 0x0000000087700000| Untracked 
| 120|0x0000000087800000, 0x0000000087800000, 0x0000000087900000|  0%| F|  |TAMS 0x0000000087800000, 0x0000000087800000| Untracked 
| 121|0x0000000087900000, 0x0000000087900000, 0x0000000087a00000|  0%| F|  |TAMS 0x0000000087900000, 0x0000000087900000| Untracked 
| 122|0x0000000087a00000, 0x0000000087a00000, 0x0000000087b00000|  0%| F|  |TAMS 0x0000000087a00000, 0x0000000087a00000| Untracked 
| 123|0x0000000087b00000, 0x0000000087b00000, 0x0000000087c00000|  0%| F|  |TAMS 0x0000000087b00000, 0x0000000087b00000| Untracked 
| 124|0x0000000087c00000, 0x0000000087c00000, 0x0000000087d00000|  0%| F|  |TAMS 0x0000000087c00000, 0x0000000087c00000| Untracked 
| 125|0x0000000087d00000, 0x0000000087d00000, 0x0000000087e00000|  0%| F|  |TAMS 0x0000000087d00000, 0x0000000087d00000| Untracked 
| 126|0x0000000087e00000, 0x0000000087e00000, 0x0000000087f00000|  0%| F|  |TAMS 0x0000000087e00000, 0x0000000087e00000| Untracked 
| 127|0x0000000087f00000, 0x0000000087f00000, 0x0000000088000000|  0%| F|  |TAMS 0x0000000087f00000, 0x0000000087f00000| Untracked 
| 128|0x0000000088000000, 0x0000000088000000, 0x0000000088100000|  0%| F|  |TAMS 0x0000000088000000, 0x0000000088000000| Untracked 
| 129|0x0000000088100000, 0x0000000088100000, 0x0000000088200000|  0%| F|  |TAMS 0x0000000088100000, 0x0000000088100000| Untracked 
| 130|0x0000000088200000, 0x00000000882efe70, 0x0000000088300000| 93%| S|CS|TAMS 0x0000000088200000, 0x0000000088200000| Complete 
| 131|0x0000000088300000, 0x0000000088400000, 0x0000000088400000|100%| S|CS|TAMS 0x0000000088300000, 0x0000000088300000| Complete 
| 132|0x0000000088400000, 0x0000000088500000, 0x0000000088500000|100%| S|CS|TAMS 0x0000000088400000, 0x0000000088400000| Complete 
| 133|0x0000000088500000, 0x0000000088600000, 0x0000000088600000|100%| S|CS|TAMS 0x0000000088500000, 0x0000000088500000| Complete 
| 134|0x0000000088600000, 0x0000000088700000, 0x0000000088700000|100%| S|CS|TAMS 0x0000000088600000, 0x0000000088600000| Complete 
| 135|0x0000000088700000, 0x0000000088800000, 0x0000000088800000|100%| S|CS|TAMS 0x0000000088700000, 0x0000000088700000| Complete 
| 136|0x0000000088800000, 0x0000000088900000, 0x0000000088900000|100%| S|CS|TAMS 0x0000000088800000, 0x0000000088800000| Complete 
| 137|0x0000000088900000, 0x0000000088a00000, 0x0000000088a00000|100%| S|CS|TAMS 0x0000000088900000, 0x0000000088900000| Complete 
| 138|0x0000000088a00000, 0x0000000088b00000, 0x0000000088b00000|100%| S|CS|TAMS 0x0000000088a00000, 0x0000000088a00000| Complete 
| 139|0x0000000088b00000, 0x0000000088c00000, 0x0000000088c00000|100%| S|CS|TAMS 0x0000000088b00000, 0x0000000088b00000| Complete 
| 140|0x0000000088c00000, 0x0000000088d00000, 0x0000000088d00000|100%| S|CS|TAMS 0x0000000088c00000, 0x0000000088c00000| Complete 
| 141|0x0000000088d00000, 0x0000000088e00000, 0x0000000088e00000|100%| S|CS|TAMS 0x0000000088d00000, 0x0000000088d00000| Complete 
| 142|0x0000000088e00000, 0x0000000088e00000, 0x0000000088f00000|  0%| F|  |TAMS 0x0000000088e00000, 0x0000000088e00000| Untracked 
| 143|0x0000000088f00000, 0x0000000088f00000, 0x0000000089000000|  0%| F|  |TAMS 0x0000000088f00000, 0x0000000088f00000| Untracked 
| 144|0x0000000089000000, 0x0000000089000000, 0x0000000089100000|  0%| F|  |TAMS 0x0000000089000000, 0x0000000089000000| Untracked 
| 145|0x0000000089100000, 0x0000000089100000, 0x0000000089200000|  0%| F|  |TAMS 0x0000000089100000, 0x0000000089100000| Untracked 
| 146|0x0000000089200000, 0x0000000089200000, 0x0000000089300000|  0%| F|  |TAMS 0x0000000089200000, 0x0000000089200000| Untracked 
| 147|0x0000000089300000, 0x0000000089300000, 0x0000000089400000|  0%| F|  |TAMS 0x0000000089300000, 0x0000000089300000| Untracked 
| 148|0x0000000089400000, 0x0000000089400000, 0x0000000089500000|  0%| F|  |TAMS 0x0000000089400000, 0x0000000089400000| Untracked 
| 149|0x0000000089500000, 0x0000000089500000, 0x0000000089600000|  0%| F|  |TAMS 0x0000000089500000, 0x0000000089500000| Untracked 
| 150|0x0000000089600000, 0x0000000089600000, 0x0000000089700000|  0%| F|  |TAMS 0x0000000089600000, 0x0000000089600000| Untracked 
| 151|0x0000000089700000, 0x0000000089700000, 0x0000000089800000|  0%| F|  |TAMS 0x0000000089700000, 0x0000000089700000| Untracked 
| 152|0x0000000089800000, 0x0000000089800000, 0x0000000089900000|  0%| F|  |TAMS 0x0000000089800000, 0x0000000089800000| Untracked 
| 153|0x0000000089900000, 0x0000000089900000, 0x0000000089a00000|  0%| F|  |TAMS 0x0000000089900000, 0x0000000089900000| Untracked 
| 154|0x0000000089a00000, 0x0000000089a00000, 0x0000000089b00000|  0%| F|  |TAMS 0x0000000089a00000, 0x0000000089a00000| Untracked 
| 155|0x0000000089b00000, 0x0000000089b00000, 0x0000000089c00000|  0%| F|  |TAMS 0x0000000089b00000, 0x0000000089b00000| Untracked 
| 156|0x0000000089c00000, 0x0000000089c00000, 0x0000000089d00000|  0%| F|  |TAMS 0x0000000089c00000, 0x0000000089c00000| Untracked 
| 157|0x0000000089d00000, 0x0000000089d00000, 0x0000000089e00000|  0%| F|  |TAMS 0x0000000089d00000, 0x0000000089d00000| Untracked 
| 158|0x0000000089e00000, 0x0000000089e00000, 0x0000000089f00000|  0%| F|  |TAMS 0x0000000089e00000, 0x0000000089e00000| Untracked 
| 159|0x0000000089f00000, 0x0000000089f00000, 0x000000008a000000|  0%| F|  |TAMS 0x0000000089f00000, 0x0000000089f00000| Untracked 
| 160|0x000000008a000000, 0x000000008a000000, 0x000000008a100000|  0%| F|  |TAMS 0x000000008a000000, 0x000000008a000000| Untracked 
| 161|0x000000008a100000, 0x000000008a100000, 0x000000008a200000|  0%| F|  |TAMS 0x000000008a100000, 0x000000008a100000| Untracked 
| 162|0x000000008a200000, 0x000000008a200000, 0x000000008a300000|  0%| F|  |TAMS 0x000000008a200000, 0x000000008a200000| Untracked 
| 163|0x000000008a300000, 0x000000008a300000, 0x000000008a400000|  0%| F|  |TAMS 0x000000008a300000, 0x000000008a300000| Untracked 
| 164|0x000000008a400000, 0x000000008a400000, 0x000000008a500000|  0%| F|  |TAMS 0x000000008a400000, 0x000000008a400000| Untracked 
| 165|0x000000008a500000, 0x000000008a500000, 0x000000008a600000|  0%| F|  |TAMS 0x000000008a500000, 0x000000008a500000| Untracked 
| 166|0x000000008a600000, 0x000000008a600000, 0x000000008a700000|  0%| F|  |TAMS 0x000000008a600000, 0x000000008a600000| Untracked 
| 167|0x000000008a700000, 0x000000008a700000, 0x000000008a800000|  0%| F|  |TAMS 0x000000008a700000, 0x000000008a700000| Untracked 
| 168|0x000000008a800000, 0x000000008a800000, 0x000000008a900000|  0%| F|  |TAMS 0x000000008a800000, 0x000000008a800000| Untracked 
| 169|0x000000008a900000, 0x000000008a900000, 0x000000008aa00000|  0%| F|  |TAMS 0x000000008a900000, 0x000000008a900000| Untracked 
| 170|0x000000008aa00000, 0x000000008aa00000, 0x000000008ab00000|  0%| F|  |TAMS 0x000000008aa00000, 0x000000008aa00000| Untracked 
| 171|0x000000008ab00000, 0x000000008ab00000, 0x000000008ac00000|  0%| F|  |TAMS 0x000000008ab00000, 0x000000008ab00000| Untracked 
| 172|0x000000008ac00000, 0x000000008ac00000, 0x000000008ad00000|  0%| F|  |TAMS 0x000000008ac00000, 0x000000008ac00000| Untracked 
| 173|0x000000008ad00000, 0x000000008ad00000, 0x000000008ae00000|  0%| F|  |TAMS 0x000000008ad00000, 0x000000008ad00000| Untracked 
| 174|0x000000008ae00000, 0x000000008ae00000, 0x000000008af00000|  0%| F|  |TAMS 0x000000008ae00000, 0x000000008ae00000| Untracked 
| 175|0x000000008af00000, 0x000000008af00000, 0x000000008b000000|  0%| F|  |TAMS 0x000000008af00000, 0x000000008af00000| Untracked 
| 176|0x000000008b000000, 0x000000008b000000, 0x000000008b100000|  0%| F|  |TAMS 0x000000008b000000, 0x000000008b000000| Untracked 
| 177|0x000000008b100000, 0x000000008b100000, 0x000000008b200000|  0%| F|  |TAMS 0x000000008b100000, 0x000000008b100000| Untracked 
| 178|0x000000008b200000, 0x000000008b200000, 0x000000008b300000|  0%| F|  |TAMS 0x000000008b200000, 0x000000008b200000| Untracked 
| 179|0x000000008b300000, 0x000000008b300000, 0x000000008b400000|  0%| F|  |TAMS 0x000000008b300000, 0x000000008b300000| Untracked 
| 180|0x000000008b400000, 0x000000008b400000, 0x000000008b500000|  0%| F|  |TAMS 0x000000008b400000, 0x000000008b400000| Untracked 
| 181|0x000000008b500000, 0x000000008b500000, 0x000000008b600000|  0%| F|  |TAMS 0x000000008b500000, 0x000000008b500000| Untracked 
| 182|0x000000008b600000, 0x000000008b600000, 0x000000008b700000|  0%| F|  |TAMS 0x000000008b600000, 0x000000008b600000| Untracked 
| 183|0x000000008b700000, 0x000000008b700000, 0x000000008b800000|  0%| F|  |TAMS 0x000000008b700000, 0x000000008b700000| Untracked 
| 184|0x000000008b800000, 0x000000008b800000, 0x000000008b900000|  0%| F|  |TAMS 0x000000008b800000, 0x000000008b800000| Untracked 
| 185|0x000000008b900000, 0x000000008b900000, 0x000000008ba00000|  0%| F|  |TAMS 0x000000008b900000, 0x000000008b900000| Untracked 
| 186|0x000000008ba00000, 0x000000008ba00000, 0x000000008bb00000|  0%| F|  |TAMS 0x000000008ba00000, 0x000000008ba00000| Untracked 
| 187|0x000000008bb00000, 0x000000008bb00000, 0x000000008bc00000|  0%| F|  |TAMS 0x000000008bb00000, 0x000000008bb00000| Untracked 
| 188|0x000000008bc00000, 0x000000008bc00000, 0x000000008bd00000|  0%| F|  |TAMS 0x000000008bc00000, 0x000000008bc00000| Untracked 
| 189|0x000000008bd00000, 0x000000008bd00000, 0x000000008be00000|  0%| F|  |TAMS 0x000000008bd00000, 0x000000008bd00000| Untracked 
| 190|0x000000008be00000, 0x000000008be00000, 0x000000008bf00000|  0%| F|  |TAMS 0x000000008be00000, 0x000000008be00000| Untracked 
| 191|0x000000008bf00000, 0x000000008bf00000, 0x000000008c000000|  0%| F|  |TAMS 0x000000008bf00000, 0x000000008bf00000| Untracked 
| 192|0x000000008c000000, 0x000000008c000000, 0x000000008c100000|  0%| F|  |TAMS 0x000000008c000000, 0x000000008c000000| Untracked 
| 193|0x000000008c100000, 0x000000008c100000, 0x000000008c200000|  0%| F|  |TAMS 0x000000008c100000, 0x000000008c100000| Untracked 
| 194|0x000000008c200000, 0x000000008c200000, 0x000000008c300000|  0%| F|  |TAMS 0x000000008c200000, 0x000000008c200000| Untracked 
| 195|0x000000008c300000, 0x000000008c300000, 0x000000008c400000|  0%| F|  |TAMS 0x000000008c300000, 0x000000008c300000| Untracked 
| 196|0x000000008c400000, 0x000000008c400000, 0x000000008c500000|  0%| F|  |TAMS 0x000000008c400000, 0x000000008c400000| Untracked 
| 197|0x000000008c500000, 0x000000008c500000, 0x000000008c600000|  0%| F|  |TAMS 0x000000008c500000, 0x000000008c500000| Untracked 
| 198|0x000000008c600000, 0x000000008c600000, 0x000000008c700000|  0%| F|  |TAMS 0x000000008c600000, 0x000000008c600000| Untracked 
| 199|0x000000008c700000, 0x000000008c700000, 0x000000008c800000|  0%| F|  |TAMS 0x000000008c700000, 0x000000008c700000| Untracked 
| 200|0x000000008c800000, 0x000000008c800000, 0x000000008c900000|  0%| F|  |TAMS 0x000000008c800000, 0x000000008c800000| Untracked 
| 201|0x000000008c900000, 0x000000008c900000, 0x000000008ca00000|  0%| F|  |TAMS 0x000000008c900000, 0x000000008c900000| Untracked 
| 202|0x000000008ca00000, 0x000000008ca00000, 0x000000008cb00000|  0%| F|  |TAMS 0x000000008ca00000, 0x000000008ca00000| Untracked 
| 203|0x000000008cb00000, 0x000000008cb00000, 0x000000008cc00000|  0%| F|  |TAMS 0x000000008cb00000, 0x000000008cb00000| Untracked 
| 204|0x000000008cc00000, 0x000000008cc00000, 0x000000008cd00000|  0%| F|  |TAMS 0x000000008cc00000, 0x000000008cc00000| Untracked 
| 205|0x000000008cd00000, 0x000000008cd00000, 0x000000008ce00000|  0%| F|  |TAMS 0x000000008cd00000, 0x000000008cd00000| Untracked 
| 206|0x000000008ce00000, 0x000000008ce00000, 0x000000008cf00000|  0%| F|  |TAMS 0x000000008ce00000, 0x000000008ce00000| Untracked 
| 207|0x000000008cf00000, 0x000000008cf00000, 0x000000008d000000|  0%| F|  |TAMS 0x000000008cf00000, 0x000000008cf00000| Untracked 
| 208|0x000000008d000000, 0x000000008d000000, 0x000000008d100000|  0%| F|  |TAMS 0x000000008d000000, 0x000000008d000000| Untracked 
| 209|0x000000008d100000, 0x000000008d100000, 0x000000008d200000|  0%| F|  |TAMS 0x000000008d100000, 0x000000008d100000| Untracked 
| 210|0x000000008d200000, 0x000000008d200000, 0x000000008d300000|  0%| F|  |TAMS 0x000000008d200000, 0x000000008d200000| Untracked 
| 211|0x000000008d300000, 0x000000008d300000, 0x000000008d400000|  0%| F|  |TAMS 0x000000008d300000, 0x000000008d300000| Untracked 
| 212|0x000000008d400000, 0x000000008d400000, 0x000000008d500000|  0%| F|  |TAMS 0x000000008d400000, 0x000000008d400000| Untracked 
| 213|0x000000008d500000, 0x000000008d500000, 0x000000008d600000|  0%| F|  |TAMS 0x000000008d500000, 0x000000008d500000| Untracked 
| 214|0x000000008d600000, 0x000000008d64dfa0, 0x000000008d700000| 30%| E|  |TAMS 0x000000008d600000, 0x000000008d600000| Complete 
| 215|0x000000008d700000, 0x000000008d800000, 0x000000008d800000|100%| E|CS|TAMS 0x000000008d700000, 0x000000008d700000| Complete 
| 216|0x000000008d800000, 0x000000008d900000, 0x000000008d900000|100%| E|CS|TAMS 0x000000008d800000, 0x000000008d800000| Complete 
| 217|0x000000008d900000, 0x000000008da00000, 0x000000008da00000|100%| E|  |TAMS 0x000000008d900000, 0x000000008d900000| Complete 
| 218|0x000000008da00000, 0x000000008db00000, 0x000000008db00000|100%| E|CS|TAMS 0x000000008da00000, 0x000000008da00000| Complete 
| 219|0x000000008db00000, 0x000000008dc00000, 0x000000008dc00000|100%| E|CS|TAMS 0x000000008db00000, 0x000000008db00000| Complete 
| 220|0x000000008dc00000, 0x000000008dd00000, 0x000000008dd00000|100%| E|CS|TAMS 0x000000008dc00000, 0x000000008dc00000| Complete 
| 221|0x000000008dd00000, 0x000000008de00000, 0x000000008de00000|100%| E|CS|TAMS 0x000000008dd00000, 0x000000008dd00000| Complete 
| 222|0x000000008de00000, 0x000000008df00000, 0x000000008df00000|100%| E|CS|TAMS 0x000000008de00000, 0x000000008de00000| Complete 
| 223|0x000000008df00000, 0x000000008e000000, 0x000000008e000000|100%| E|CS|TAMS 0x000000008df00000, 0x000000008df00000| Complete 
| 224|0x000000008e000000, 0x000000008e100000, 0x000000008e100000|100%| E|CS|TAMS 0x000000008e000000, 0x000000008e000000| Complete 
| 225|0x000000008e100000, 0x000000008e200000, 0x000000008e200000|100%| E|CS|TAMS 0x000000008e100000, 0x000000008e100000| Complete 
| 226|0x000000008e200000, 0x000000008e300000, 0x000000008e300000|100%| E|CS|TAMS 0x000000008e200000, 0x000000008e200000| Complete 
| 227|0x000000008e300000, 0x000000008e400000, 0x000000008e400000|100%| E|CS|TAMS 0x000000008e300000, 0x000000008e300000| Complete 
| 228|0x000000008e400000, 0x000000008e500000, 0x000000008e500000|100%| E|CS|TAMS 0x000000008e400000, 0x000000008e400000| Complete 
| 229|0x000000008e500000, 0x000000008e600000, 0x000000008e600000|100%| E|CS|TAMS 0x000000008e500000, 0x000000008e500000| Complete 
| 230|0x000000008e600000, 0x000000008e700000, 0x000000008e700000|100%| E|CS|TAMS 0x000000008e600000, 0x000000008e600000| Complete 
| 231|0x000000008e700000, 0x000000008e800000, 0x000000008e800000|100%| E|CS|TAMS 0x000000008e700000, 0x000000008e700000| Complete 
| 232|0x000000008e800000, 0x000000008e900000, 0x000000008e900000|100%| E|CS|TAMS 0x000000008e800000, 0x000000008e800000| Complete 
| 233|0x000000008e900000, 0x000000008ea00000, 0x000000008ea00000|100%| E|CS|TAMS 0x000000008e900000, 0x000000008e900000| Complete 
| 234|0x000000008ea00000, 0x000000008eb00000, 0x000000008eb00000|100%| E|CS|TAMS 0x000000008ea00000, 0x000000008ea00000| Complete 
| 235|0x000000008eb00000, 0x000000008ec00000, 0x000000008ec00000|100%| E|CS|TAMS 0x000000008eb00000, 0x000000008eb00000| Complete 
| 236|0x000000008ec00000, 0x000000008ed00000, 0x000000008ed00000|100%| E|CS|TAMS 0x000000008ec00000, 0x000000008ec00000| Complete 
| 237|0x000000008ed00000, 0x000000008ee00000, 0x000000008ee00000|100%| E|CS|TAMS 0x000000008ed00000, 0x000000008ed00000| Complete 
| 238|0x000000008ee00000, 0x000000008ef00000, 0x000000008ef00000|100%| E|CS|TAMS 0x000000008ee00000, 0x000000008ee00000| Complete 
| 239|0x000000008ef00000, 0x000000008f000000, 0x000000008f000000|100%| E|CS|TAMS 0x000000008ef00000, 0x000000008ef00000| Complete 
| 240|0x000000008f000000, 0x000000008f100000, 0x000000008f100000|100%| E|CS|TAMS 0x000000008f000000, 0x000000008f000000| Complete 
| 241|0x000000008f100000, 0x000000008f200000, 0x000000008f200000|100%| E|CS|TAMS 0x000000008f100000, 0x000000008f100000| Complete 
| 242|0x000000008f200000, 0x000000008f300000, 0x000000008f300000|100%| E|CS|TAMS 0x000000008f200000, 0x000000008f200000| Complete 
| 243|0x000000008f300000, 0x000000008f400000, 0x000000008f400000|100%| E|CS|TAMS 0x000000008f300000, 0x000000008f300000| Complete 
| 244|0x000000008f400000, 0x000000008f500000, 0x000000008f500000|100%| E|CS|TAMS 0x000000008f400000, 0x000000008f400000| Complete 
| 245|0x000000008f500000, 0x000000008f600000, 0x000000008f600000|100%| E|CS|TAMS 0x000000008f500000, 0x000000008f500000| Complete 
| 246|0x000000008f600000, 0x000000008f700000, 0x000000008f700000|100%| E|CS|TAMS 0x000000008f600000, 0x000000008f600000| Complete 
| 247|0x000000008f700000, 0x000000008f800000, 0x000000008f800000|100%| E|CS|TAMS 0x000000008f700000, 0x000000008f700000| Complete 
| 248|0x000000008f800000, 0x000000008f900000, 0x000000008f900000|100%| E|CS|TAMS 0x000000008f800000, 0x000000008f800000| Complete 
| 249|0x000000008f900000, 0x000000008fa00000, 0x000000008fa00000|100%| E|CS|TAMS 0x000000008f900000, 0x000000008f900000| Complete 
| 250|0x000000008fa00000, 0x000000008fb00000, 0x000000008fb00000|100%| E|CS|TAMS 0x000000008fa00000, 0x000000008fa00000| Complete 
| 251|0x000000008fb00000, 0x000000008fc00000, 0x000000008fc00000|100%| E|CS|TAMS 0x000000008fb00000, 0x000000008fb00000| Complete 

Card table byte_map: [0x00000167e3f10000,0x00000167e4310000] _byte_map_base: 0x00000167e3b10000

Marking Bits (Prev, Next): (CMBitMap*) 0x00000167d0cea420, (CMBitMap*) 0x00000167d0cea3e8
 Prev Bits: [0x00000167e6710000, 0x00000167e8710000)
 Next Bits: [0x00000167e4710000, 0x00000167e6710000)

Polling page: 0x00000167cec50000

Metaspace:

Usage:
  Non-class:    101.14 MB capacity,    98.67 MB ( 98%) used,     1.99 MB (  2%) free+waste,   496.44 KB ( <1%) overhead. 
      Class:     16.71 MB capacity,    15.07 MB ( 90%) used,     1.41 MB (  8%) free+waste,   238.63 KB (  1%) overhead. 
       Both:    117.85 MB capacity,   113.74 MB ( 97%) used,     3.39 MB (  3%) free+waste,   735.06 KB ( <1%) overhead. 

Virtual space:
  Non-class space:      102.00 MB reserved,     101.15 MB (>99%) committed 
      Class space:        1.00 GB reserved,      16.75 MB (  2%) committed 
             Both:        1.10 GB reserved,     117.90 MB ( 10%) committed 

Chunk freelists:
   Non-Class:  12.00 KB
       Class:  0 bytes
        Both:  12.00 KB

MaxMetaspaceSize: 17179869184.00 GB
CompressedClassSpaceSize: 1.00 GB
Initial GC threshold: 20.80 MB
Current GC threshold: 193.80 MB
CDS: off

CodeHeap 'non-profiled nmethods': size=120000Kb used=10172Kb max_used=10172Kb free=109827Kb
 bounds [0x00000167dc290000, 0x00000167dcc80000, 0x00000167e37c0000]
CodeHeap 'profiled nmethods': size=120000Kb used=34895Kb max_used=34895Kb free=85104Kb
 bounds [0x00000167d4d60000, 0x00000167d6f80000, 0x00000167dc290000]
CodeHeap 'non-nmethods': size=5760Kb used=2467Kb max_used=2523Kb free=3292Kb
 bounds [0x00000167d47c0000, 0x00000167d4a40000, 0x00000167d4d60000]
 total_blobs=16969 nmethods=15974 adapters=907
 compilation: enabled
              stopped_count=0, restarted_count=0
 full_count=0

Compilation events (20 events):
Event: 58.520 Thread 0x00000167eba7b800 15985       3       org.gradle.execution.plan.DefaultPlanExecutor::access$100 (4 bytes)
Event: 58.520 Thread 0x00000167eba7b800 nmethod 15985 0x00000167d6f61010 code [0x00000167d6f611c0, 0x00000167d6f612b8]
Event: 58.520 Thread 0x00000167eba7b800 15986       3       org.gradle.api.internal.tasks.properties.FileParameterUtils::resolveOutputFilePropertySpecs (136 bytes)
Event: 58.521 Thread 0x00000167eba7b800 nmethod 15986 0x00000167d6f61390 code [0x00000167d6f61660, 0x00000167d6f62718]
Event: 58.524 Thread 0x00000167eba7b800 15987       3       org.gradle.api.internal.changedetection.state.SplitResourceSnapshotterCacheService::hashFile (47 bytes)
Event: 58.525 Thread 0x00000167eba7b800 nmethod 15987 0x00000167d6f62b90 code [0x00000167d6f62da0, 0x00000167d6f63328]
Event: 58.526 Thread 0x00000167eba7b800 15988       3       org.gradle.api.specs.CompositeSpec::<init> (115 bytes)
Event: 58.527 Thread 0x00000167eba7b800 nmethod 15988 0x00000167d6f63590 code [0x00000167d6f638a0, 0x00000167d6f64d08]
Event: 58.531 Thread 0x00000167eba7b800 15989       3       org.gradle.launcher.daemon.server.exec.DaemonConnectionBackedEventConsumer::dispatch (12 bytes)
Event: 58.531 Thread 0x00000167eba7b800 nmethod 15989 0x00000167d6f65210 code [0x00000167d6f653c0, 0x00000167d6f65588]
Event: 58.531 Thread 0x00000167eba7b800 15990   !   3       org.gradle.launcher.daemon.server.exec.DaemonConnectionBackedEventConsumer$ForwardEvents::dispatchEvent (26 bytes)
Event: 58.532 Thread 0x00000167eba7b800 nmethod 15990 0x00000167d6f65690 code [0x00000167d6f65880, 0x00000167d6f65d08]
Event: 58.532 Thread 0x00000167eba7b800 15991       3       org.gradle.launcher.daemon.server.DefaultDaemonConnection::event (16 bytes)
Event: 58.532 Thread 0x00000167eba7b800 nmethod 15991 0x00000167d6f66010 code [0x00000167d6f661e0, 0x00000167d6f66508]
Event: 58.536 Thread 0x00000167eba7b800 15992       3       java.util.concurrent.ConcurrentHashMap$KeySetView::add (36 bytes)
Event: 58.536 Thread 0x00000167eba7b800 nmethod 15992 0x00000167d6f66690 code [0x00000167d6f66860, 0x00000167d6f66af8]
Event: 58.536 Thread 0x00000167eba7b800 15993       3       org.gradle.api.internal.provider.DefaultListProperty$1::get (5 bytes)
Event: 58.536 Thread 0x00000167eba7b800 nmethod 15993 0x00000167d6f66c10 code [0x00000167d6f66e00, 0x00000167d6f67298]
Event: 58.536 Thread 0x00000167eba7b800 15994       3       org.gradle.api.internal.provider.DefaultListProperty$1::get (4 bytes)
Event: 58.537 Thread 0x00000167eba7b800 nmethod 15994 0x00000167d6f67490 code [0x00000167d6f67660, 0x00000167d6f67a98]

GC Heap History (20 events):
Event: 7.218 GC heap before
{Heap before GC invocations=7 (full 0):
 garbage-first heap   total 258048K, used 162164K [0x0000000080000000, 0x0000000100000000)
  region size 1024K, 133 young (136192K), 13 survivors (13312K)
 Metaspace       used 50904K, capacity 52180K, committed 52432K, reserved 1095680K
  class space    used 6442K, capacity 6949K, committed 7040K, reserved 1048576K
}
Event: 7.228 GC heap after
{Heap after GC invocations=8 (full 0):
 garbage-first heap   total 258048K, used 49074K [0x0000000080000000, 0x0000000100000000)
  region size 1024K, 17 young (17408K), 17 survivors (17408K)
 Metaspace       used 50904K, capacity 52180K, committed 52432K, reserved 1095680K
  class space    used 6442K, capacity 6949K, committed 7040K, reserved 1048576K
}
Event: 7.854 GC heap before
{Heap before GC invocations=8 (full 0):
 garbage-first heap   total 258048K, used 103346K [0x0000000080000000, 0x0000000100000000)
  region size 1024K, 71 young (72704K), 17 survivors (17408K)
 Metaspace       used 58769K, capacity 60107K, committed 60296K, reserved 1101824K
  class space    used 7420K, capacity 7945K, committed 8064K, reserved 1048576K
}
Event: 7.866 GC heap after
{Heap after GC invocations=9 (full 0):
 garbage-first heap   total 258048K, used 51584K [0x0000000080000000, 0x0000000100000000)
  region size 1024K, 4 young (4096K), 4 survivors (4096K)
 Metaspace       used 58769K, capacity 60107K, committed 60296K, reserved 1101824K
  class space    used 7420K, capacity 7945K, committed 8064K, reserved 1048576K
}
Event: 9.346 GC heap before
{Heap before GC invocations=10 (full 0):
 garbage-first heap   total 258048K, used 191872K [0x0000000080000000, 0x0000000100000000)
  region size 1024K, 134 young (137216K), 4 survivors (4096K)
 Metaspace       used 67815K, capacity 69426K, committed 69640K, reserved 1110016K
  class space    used 8556K, capacity 9197K, committed 9216K, reserved 1048576K
}
Event: 9.354 GC heap after
{Heap after GC invocations=11 (full 0):
 garbage-first heap   total 258048K, used 60374K [0x0000000080000000, 0x0000000100000000)
  region size 1024K, 12 young (12288K), 12 survivors (12288K)
 Metaspace       used 67815K, capacity 69426K, committed 69640K, reserved 1110016K
  class space    used 8556K, capacity 9197K, committed 9216K, reserved 1048576K
}
Event: 10.940 GC heap before
{Heap before GC invocations=11 (full 0):
 garbage-first heap   total 258048K, used 187350K [0x0000000080000000, 0x0000000100000000)
  region size 1024K, 136 young (139264K), 12 survivors (12288K)
 Metaspace       used 77723K, capacity 79413K, committed 79624K, reserved 1118208K
  class space    used 10020K, capacity 10686K, committed 10752K, reserved 1048576K
}
Event: 10.953 GC heap after
{Heap after GC invocations=12 (full 0):
 garbage-first heap   total 258048K, used 68997K [0x0000000080000000, 0x0000000100000000)
  region size 1024K, 9 young (9216K), 9 survivors (9216K)
 Metaspace       used 77723K, capacity 79413K, committed 79624K, reserved 1118208K
  class space    used 10020K, capacity 10686K, committed 10752K, reserved 1048576K
}
Event: 12.360 GC heap before
{Heap before GC invocations=12 (full 0):
 garbage-first heap   total 258048K, used 192901K [0x0000000080000000, 0x0000000100000000)
  region size 1024K, 131 young (134144K), 9 survivors (9216K)
 Metaspace       used 86169K, capacity 88291K, committed 88456K, reserved 1126400K
  class space    used 11228K, capacity 12047K, committed 12160K, reserved 1048576K
}
Event: 12.370 GC heap after
{Heap after GC invocations=13 (full 0):
 garbage-first heap   total 258048K, used 76268K [0x0000000080000000, 0x0000000100000000)
  region size 1024K, 16 young (16384K), 16 survivors (16384K)
 Metaspace       used 86169K, capacity 88291K, committed 88456K, reserved 1126400K
  class space    used 11228K, capacity 12047K, committed 12160K, reserved 1048576K
}
Event: 13.217 GC heap before
{Heap before GC invocations=13 (full 0):
 garbage-first heap   total 258048K, used 197100K [0x0000000080000000, 0x0000000100000000)
  region size 1024K, 135 young (138240K), 16 survivors (16384K)
 Metaspace       used 89727K, capacity 91869K, committed 92168K, reserved 1128448K
  class space    used 11648K, capacity 12469K, committed 12544K, reserved 1048576K
}
Event: 13.232 GC heap after
{Heap after GC invocations=14 (full 0):
 garbage-first heap   total 258048K, used 84084K [0x0000000080000000, 0x0000000100000000)
  region size 1024K, 16 young (16384K), 16 survivors (16384K)
 Metaspace       used 89727K, capacity 91869K, committed 92168K, reserved 1128448K
  class space    used 11648K, capacity 12469K, committed 12544K, reserved 1048576K
}
Event: 14.184 GC heap before
{Heap before GC invocations=14 (full 0):
 garbage-first heap   total 258048K, used 200820K [0x0000000080000000, 0x0000000100000000)
  region size 1024K, 131 young (134144K), 16 survivors (16384K)
 Metaspace       used 94844K, capacity 97092K, committed 97160K, reserved 1134592K
  class space    used 12279K, capacity 13145K, committed 13184K, reserved 1048576K
}
Event: 14.200 GC heap after
{Heap after GC invocations=15 (full 0):
 garbage-first heap   total 258048K, used 90937K [0x0000000080000000, 0x0000000100000000)
  region size 1024K, 15 young (15360K), 15 survivors (15360K)
 Metaspace       used 94844K, capacity 97092K, committed 97160K, reserved 1134592K
  class space    used 12279K, capacity 13145K, committed 13184K, reserved 1048576K
}
Event: 34.422 GC heap before
{Heap before GC invocations=15 (full 0):
 garbage-first heap   total 258048K, used 134969K [0x0000000080000000, 0x0000000100000000)
  region size 1024K, 60 young (61440K), 15 survivors (15360K)
 Metaspace       used 98179K, capacity 100731K, committed 100872K, reserved 1136640K
  class space    used 12727K, capacity 13702K, committed 13824K, reserved 1048576K
}
Event: 34.434 GC heap after
{Heap after GC invocations=16 (full 0):
 garbage-first heap   total 258048K, used 93533K [0x0000000080000000, 0x0000000100000000)
  region size 1024K, 10 young (10240K), 10 survivors (10240K)
 Metaspace       used 98179K, capacity 100731K, committed 100872K, reserved 1136640K
  class space    used 12727K, capacity 13702K, committed 13824K, reserved 1048576K
}
Event: 36.264 GC heap before
{Heap before GC invocations=17 (full 0):
 garbage-first heap   total 258048K, used 219485K [0x0000000080000000, 0x0000000100000000)
  region size 1024K, 123 young (125952K), 10 survivors (10240K)
 Metaspace       used 114822K, capacity 118834K, committed 119068K, reserved 1150976K
  class space    used 15379K, capacity 16990K, committed 17024K, reserved 1048576K
}
Event: 36.276 GC heap after
{Heap after GC invocations=18 (full 0):
 garbage-first heap   total 258048K, used 98512K [0x0000000080000000, 0x0000000100000000)
  region size 1024K, 8 young (8192K), 8 survivors (8192K)
 Metaspace       used 114822K, capacity 118834K, committed 119068K, reserved 1150976K
  class space    used 15379K, capacity 16990K, committed 17024K, reserved 1048576K
}
Event: 58.287 GC heap before
{Heap before GC invocations=19 (full 0):
 garbage-first heap   total 258048K, used 210128K [0x0000000080000000, 0x0000000100000000)
  region size 1024K, 118 young (120832K), 8 survivors (8192K)
 Metaspace       used 116154K, capacity 120382K, committed 120476K, reserved 1153024K
  class space    used 15418K, capacity 17085K, committed 17152K, reserved 1048576K
}
Event: 58.296 GC heap after
{Heap after GC invocations=20 (full 0):
 garbage-first heap   total 258048K, used 102835K [0x0000000080000000, 0x0000000100000000)
  region size 1024K, 12 young (12288K), 12 survivors (12288K)
 Metaspace       used 116154K, capacity 120382K, committed 120476K, reserved 1153024K
  class space    used 15418K, capacity 17085K, committed 17152K, reserved 1048576K
}

Deoptimization events (20 events):
Event: 58.035 Thread 0x00000167edb16000 Uncommon trap: trap_request=0xffffffc6 fr.pc=0x00000167dcb81744 relative=0x00000000000007e4
Event: 58.035 Thread 0x00000167edb16000 Uncommon trap: reason=bimorphic_or_optimized_type_check action=maybe_recompile pc=0x00000167dcb81744 method=org.gradle.internal.operations.DefaultBuildOperationListenerManager$ProgressShieldingBuildOperationListener.finished(Lorg/gradle/internal/operation
Event: 58.035 Thread 0x00000167edb16000 DEOPT PACKING pc=0x00000167dcb81744 sp=0x0000000b6e0f9670
Event: 58.035 Thread 0x00000167edb16000 DEOPT UNPACKING pc=0x00000167d47c85af sp=0x0000000b6e0f9638 mode 2
Event: 58.035 Thread 0x00000167edb16000 Uncommon trap: trap_request=0xffffffc6 fr.pc=0x00000167dcb81744 relative=0x00000000000007e4
Event: 58.035 Thread 0x00000167edb16000 Uncommon trap: reason=bimorphic_or_optimized_type_check action=maybe_recompile pc=0x00000167dcb81744 method=org.gradle.internal.operations.DefaultBuildOperationListenerManager$ProgressShieldingBuildOperationListener.finished(Lorg/gradle/internal/operation
Event: 58.035 Thread 0x00000167edb16000 DEOPT PACKING pc=0x00000167dcb81744 sp=0x0000000b6e0fabd0
Event: 58.035 Thread 0x00000167edb16000 DEOPT UNPACKING pc=0x00000167d47c85af sp=0x0000000b6e0fab98 mode 2
Event: 58.065 Thread 0x00000167edb16000 Uncommon trap: trap_request=0xffffffde fr.pc=0x00000167dcb2b1ec relative=0x000000000000042c
Event: 58.065 Thread 0x00000167edb16000 Uncommon trap: reason=class_check action=maybe_recompile pc=0x00000167dcb2b1ec method=org.gradle.cache.internal.LockOnDemandCrossProcessCacheAccess.incrementLockCount()V @ 97 c2
Event: 58.065 Thread 0x00000167edb16000 DEOPT PACKING pc=0x00000167dcb2b1ec sp=0x0000000b6e0f6fc0
Event: 58.065 Thread 0x00000167edb16000 DEOPT UNPACKING pc=0x00000167d47c85af sp=0x0000000b6e0f6f70 mode 2
Event: 58.208 Thread 0x00000167edb16000 Uncommon trap: trap_request=0xfffffff4 fr.pc=0x00000167dcb9cf24 relative=0x0000000000000164
Event: 58.208 Thread 0x00000167edb16000 Uncommon trap: reason=null_check action=make_not_entrant pc=0x00000167dcb9cf24 method=org.gradle.api.internal.collections.CollectionFilter.filter(Ljava/lang/Object;)Ljava/lang/Object; @ 5 c2
Event: 58.208 Thread 0x00000167edb16000 DEOPT PACKING pc=0x00000167dcb9cf24 sp=0x0000000b6e0f7400
Event: 58.208 Thread 0x00000167edb16000 DEOPT UNPACKING pc=0x00000167d47c85af sp=0x0000000b6e0f73a0 mode 2
Event: 58.267 Thread 0x00000167edb16000 DEOPT PACKING pc=0x00000167d520f0f9 sp=0x0000000b6e0f88f0
Event: 58.267 Thread 0x00000167edb16000 DEOPT UNPACKING pc=0x00000167d4809d0e sp=0x0000000b6e0f7db8 mode 0
Event: 58.527 Thread 0x00000167eccd4000 DEOPT PACKING pc=0x00000167d553e2f1 sp=0x0000000b764fe4a0
Event: 58.527 Thread 0x00000167eccd4000 DEOPT UNPACKING pc=0x00000167d4809d0e sp=0x0000000b764fd998 mode 0

Classes redefined (0 events):
No events

Internal exceptions (20 events):
Event: 36.164 Thread 0x00000167edb16000 Exception <a 'sun/nio/fs/WindowsException'{0x0000000088811f38}> (0x0000000088811f38) thrown at [./src/hotspot/share/prims/jni.cpp, line 616]
Event: 36.164 Thread 0x00000167edb16000 Exception <a 'sun/nio/fs/WindowsException'{0x0000000088813858}> (0x0000000088813858) thrown at [./src/hotspot/share/prims/jni.cpp, line 616]
Event: 36.211 Thread 0x00000167edb16000 Exception <a 'java/lang/NoSuchMethodError'{0x0000000088644d60}: 'java.lang.Object java.lang.invoke.DirectMethodHandle$Holder.invokeSpecial(java.lang.Object, java.lang.Object, java.lang.Object, java.lang.Object, int, java.lang.Object, java.lang.Object)'> (0x0000000088644d60) thrown at [./src/hotspot/share/interpreter/linkResolver.cpp, line 773]
Event: 48.520 Thread 0x00000167edb16000 Exception <a 'sun/nio/fs/WindowsException'{0x000000008e157730}> (0x000000008e157730) thrown at [./src/hotspot/share/prims/jni.cpp, line 616]
Event: 48.677 Thread 0x00000167edb16000 Exception <a 'sun/nio/fs/WindowsException'{0x000000008d6fac18}> (0x000000008d6fac18) thrown at [./src/hotspot/share/prims/jni.cpp, line 616]
Event: 48.684 Thread 0x00000167edb16000 Exception <a 'sun/nio/fs/WindowsException'{0x000000008d597ba0}> (0x000000008d597ba0) thrown at [./src/hotspot/share/prims/jni.cpp, line 616]
Event: 48.684 Thread 0x00000167edb16000 Exception <a 'sun/nio/fs/WindowsException'{0x000000008d598f18}> (0x000000008d598f18) thrown at [./src/hotspot/share/prims/jni.cpp, line 616]
Event: 48.684 Thread 0x00000167edb16000 Exception <a 'sun/nio/fs/WindowsException'{0x000000008d59a2e0}> (0x000000008d59a2e0) thrown at [./src/hotspot/share/prims/jni.cpp, line 616]
Event: 48.684 Thread 0x00000167edb16000 Exception <a 'sun/nio/fs/WindowsException'{0x000000008d59b6a8}> (0x000000008d59b6a8) thrown at [./src/hotspot/share/prims/jni.cpp, line 616]
Event: 49.034 Thread 0x00000167edb16000 Exception <a 'sun/nio/fs/WindowsException'{0x000000008b129158}> (0x000000008b129158) thrown at [./src/hotspot/share/prims/jni.cpp, line 616]
Event: 49.034 Thread 0x00000167edb16000 Exception <a 'sun/nio/fs/WindowsException'{0x000000008b1291d8}> (0x000000008b1291d8) thrown at [./src/hotspot/share/prims/jni.cpp, line 616]
Event: 49.034 Thread 0x00000167edb16000 Exception <a 'sun/nio/fs/WindowsException'{0x000000008b12aab0}> (0x000000008b12aab0) thrown at [./src/hotspot/share/prims/jni.cpp, line 616]
Event: 49.079 Thread 0x00000167edb16000 Implicit null exception at 0x00000167dcb7f6a0 to 0x00000167dcb7fa98
Event: 58.192 Thread 0x00000167edb16000 Exception <a 'sun/nio/fs/WindowsException'{0x00000000898fdad0}> (0x00000000898fdad0) thrown at [./src/hotspot/share/prims/jni.cpp, line 616]
Event: 58.208 Thread 0x00000167edb16000 Implicit null exception at 0x00000167dcb9cdfe to 0x00000167dcb9cf10
Event: 58.310 Thread 0x00000167edb16000 Exception <a 'sun/nio/fs/WindowsException'{0x000000008fa75570}> (0x000000008fa75570) thrown at [./src/hotspot/share/prims/jni.cpp, line 616]
Event: 58.316 Thread 0x00000167edb16000 Exception <a 'sun/nio/fs/WindowsException'{0x000000008f912500}> (0x000000008f912500) thrown at [./src/hotspot/share/prims/jni.cpp, line 616]
Event: 58.316 Thread 0x00000167edb16000 Exception <a 'sun/nio/fs/WindowsException'{0x000000008f913878}> (0x000000008f913878) thrown at [./src/hotspot/share/prims/jni.cpp, line 616]
Event: 58.316 Thread 0x00000167edb16000 Exception <a 'sun/nio/fs/WindowsException'{0x000000008f914c40}> (0x000000008f914c40) thrown at [./src/hotspot/share/prims/jni.cpp, line 616]
Event: 58.316 Thread 0x00000167edb16000 Exception <a 'sun/nio/fs/WindowsException'{0x000000008f916008}> (0x000000008f916008) thrown at [./src/hotspot/share/prims/jni.cpp, line 616]

Events (20 events):
Event: 58.450 Executing VM operation: RevokeBias
Event: 58.450 Executing VM operation: RevokeBias done
Event: 58.464 Executing VM operation: RevokeBias
Event: 58.464 Executing VM operation: RevokeBias done
Event: 58.464 Executing VM operation: RevokeBias
Event: 58.464 Executing VM operation: RevokeBias done
Event: 58.464 Executing VM operation: RevokeBias
Event: 58.464 Executing VM operation: RevokeBias done
Event: 58.464 Executing VM operation: BulkRevokeBias
Event: 58.465 Executing VM operation: BulkRevokeBias done
Event: 58.490 Executing VM operation: RevokeBias
Event: 58.490 Executing VM operation: RevokeBias done
Event: 58.491 Executing VM operation: RevokeBias
Event: 58.491 Executing VM operation: RevokeBias done
Event: 58.506 Executing VM operation: RevokeBias
Event: 58.506 Executing VM operation: RevokeBias done
Event: 58.506 Executing VM operation: RevokeBias
Event: 58.507 Executing VM operation: RevokeBias done
Event: 58.507 Executing VM operation: RevokeBias
Event: 58.507 Executing VM operation: RevokeBias done


Dynamic libraries:
0x00007ff7ecfe0000 - 0x00007ff7ecfea000 	C:\Program Files\Android\Android Studio\jre\bin\java.exe
0x00007ffe36490000 - 0x00007ffe366a4000 	C:\WINDOWS\SYSTEM32\ntdll.dll
0x00007ffe34c70000 - 0x00007ffe34d32000 	C:\WINDOWS\System32\KERNEL32.DLL
0x00007ffe33ba0000 - 0x00007ffe33f3d000 	C:\WINDOWS\System32\KERNELBASE.dll
0x00007ffe34170000 - 0x00007ffe34281000 	C:\WINDOWS\System32\ucrtbase.dll
0x00007ffe2b200000 - 0x00007ffe2b217000 	C:\Program Files\Android\Android Studio\jre\bin\VCRUNTIME140.dll
0x00007ffe2cf70000 - 0x00007ffe2cf89000 	C:\Program Files\Android\Android Studio\jre\bin\jli.dll
0x00007ffe35840000 - 0x00007ffe359ea000 	C:\WINDOWS\System32\USER32.dll
0x00007ffe33b70000 - 0x00007ffe33b96000 	C:\WINDOWS\System32\win32u.dll
0x00007ffe196c0000 - 0x00007ffe1994e000 	C:\WINDOWS\WinSxS\amd64_microsoft.windows.common-controls_6595b64144ccf1df_6.0.22621.608_none_a9444ca7c10bb01d\COMCTL32.dll
0x00007ffe34820000 - 0x00007ffe34849000 	C:\WINDOWS\System32\GDI32.dll
0x00007ffe33a50000 - 0x00007ffe33b62000 	C:\WINDOWS\System32\gdi32full.dll
0x00007ffe359f0000 - 0x00007ffe35a97000 	C:\WINDOWS\System32\msvcrt.dll
0x00007ffe33940000 - 0x00007ffe339da000 	C:\WINDOWS\System32\msvcp_win.dll
0x00007ffe346a0000 - 0x00007ffe346d2000 	C:\WINDOWS\System32\IMM32.DLL
0x00007ffdcaa90000 - 0x00007ffdcab2d000 	C:\Program Files\Android\Android Studio\jre\bin\msvcp140.dll
0x00007ffdb62f0000 - 0x00007ffdb6df2000 	C:\Program Files\Android\Android Studio\jre\bin\server\jvm.dll
0x00007ffe346e0000 - 0x00007ffe3478e000 	C:\WINDOWS\System32\ADVAPI32.dll
0x00007ffe35f30000 - 0x00007ffe35fd4000 	C:\WINDOWS\System32\sechost.dll
0x00007ffe36210000 - 0x00007ffe36325000 	C:\WINDOWS\System32\RPCRT4.dll
0x00007ffe35f20000 - 0x00007ffe35f28000 	C:\WINDOWS\System32\PSAPI.DLL
0x00007ffe2dda0000 - 0x00007ffe2ddd4000 	C:\WINDOWS\SYSTEM32\WINMM.dll
0x00007ffe214b0000 - 0x00007ffe214b9000 	C:\WINDOWS\SYSTEM32\WSOCK32.dll
0x00007ffe314f0000 - 0x00007ffe314fa000 	C:\WINDOWS\SYSTEM32\VERSION.dll
0x00007ffe349c0000 - 0x00007ffe34a31000 	C:\WINDOWS\System32\WS2_32.dll
0x00007ffe32a20000 - 0x00007ffe32a38000 	C:\WINDOWS\SYSTEM32\kernel.appcore.dll
0x00007ffdd9610000 - 0x00007ffdd9621000 	C:\Program Files\Android\Android Studio\jre\bin\verify.dll
0x00007ffe30960000 - 0x00007ffe30b8e000 	C:\WINDOWS\SYSTEM32\DBGHELP.DLL
0x00007ffe34290000 - 0x00007ffe3461a000 	C:\WINDOWS\System32\combase.dll
0x00007ffe35ff0000 - 0x00007ffe360c7000 	C:\WINDOWS\System32\OLEAUT32.dll
0x00007ffe2de00000 - 0x00007ffe2de32000 	C:\WINDOWS\SYSTEM32\dbgcore.DLL
0x00007ffe338c0000 - 0x00007ffe3393b000 	C:\WINDOWS\System32\bcryptPrimitives.dll
0x00007ffdd95e0000 - 0x00007ffdd9609000 	C:\Program Files\Android\Android Studio\jre\bin\java.dll
0x00007ffe2a030000 - 0x00007ffe2a03b000 	C:\Program Files\Android\Android Studio\jre\bin\jimage.dll
0x00007ffdd95c0000 - 0x00007ffdd95d8000 	C:\Program Files\Android\Android Studio\jre\bin\zip.dll
0x00007ffe35060000 - 0x00007ffe35840000 	C:\WINDOWS\System32\SHELL32.dll
0x00007ffe31910000 - 0x00007ffe321d5000 	C:\WINDOWS\SYSTEM32\windows.storage.dll
0x00007ffe317d0000 - 0x00007ffe3190e000 	C:\WINDOWS\SYSTEM32\wintypes.dll
0x00007ffe36330000 - 0x00007ffe36421000 	C:\WINDOWS\System32\SHCORE.dll
0x00007ffe34850000 - 0x00007ffe348ae000 	C:\WINDOWS\System32\shlwapi.dll
0x00007ffe337f0000 - 0x00007ffe33811000 	C:\WINDOWS\SYSTEM32\profapi.dll
0x00007ffdd95a0000 - 0x00007ffdd95ba000 	C:\Program Files\Android\Android Studio\jre\bin\net.dll
0x00007ffe2b800000 - 0x00007ffe2b92f000 	C:\WINDOWS\SYSTEM32\WINHTTP.dll
0x00007ffe32e80000 - 0x00007ffe32ee9000 	C:\WINDOWS\system32\mswsock.dll
0x00007ffdd9580000 - 0x00007ffdd9594000 	C:\Program Files\Android\Android Studio\jre\bin\nio.dll
0x00007ffe1d2a0000 - 0x00007ffe1d2c7000 	C:\Users\junni\.gradle\native\e1d6ef7f7dcc3fd88c89a11ec53ec762bb8ba0a96d01ffa2cd45eb1d1d8dd5c5\windows-amd64\native-platform.dll
0x00007ffdf8a00000 - 0x00007ffdf8b44000 	C:\Users\junni\.gradle\native\0d407fdbe67a94daf76414ababcb853783967236a71b16ec16e742cd7a986fd3\windows-amd64\native-platform-file-events.dll
0x00007ffe1ef00000 - 0x00007ffe1ef0a000 	C:\Program Files\Android\Android Studio\jre\bin\management.dll
0x00007ffe0d0f0000 - 0x00007ffe0d0fd000 	C:\Program Files\Android\Android Studio\jre\bin\management_ext.dll
0x00007ffe330c0000 - 0x00007ffe330db000 	C:\WINDOWS\SYSTEM32\CRYPTSP.dll
0x00007ffe32990000 - 0x00007ffe329c5000 	C:\WINDOWS\system32\rsaenh.dll
0x00007ffe32f70000 - 0x00007ffe32f98000 	C:\WINDOWS\SYSTEM32\USERENV.dll
0x00007ffe33280000 - 0x00007ffe332a8000 	C:\WINDOWS\SYSTEM32\bcrypt.dll
0x00007ffe330e0000 - 0x00007ffe330ec000 	C:\WINDOWS\SYSTEM32\CRYPTBASE.dll
0x00007ffe324a0000 - 0x00007ffe324cd000 	C:\WINDOWS\SYSTEM32\IPHLPAPI.DLL
0x00007ffe349b0000 - 0x00007ffe349b9000 	C:\WINDOWS\System32\NSI.dll
0x00007ffe2a4a0000 - 0x00007ffe2a4b9000 	C:\WINDOWS\SYSTEM32\dhcpcsvc6.DLL
0x00007ffe2a450000 - 0x00007ffe2a46f000 	C:\WINDOWS\SYSTEM32\dhcpcsvc.DLL
0x00007ffe32510000 - 0x00007ffe32602000 	C:\WINDOWS\SYSTEM32\DNSAPI.dll
0x00007ffe2aed0000 - 0x00007ffe2aeee000 	C:\Users\junni\AppData\Local\Temp\native-platform8267560871157145601dir\native-platform.dll
0x00007ffe2cfd0000 - 0x00007ffe2cfd8000 	C:\Program Files\Android\Android Studio\jre\bin\rmi.dll
0x00007ffdd9330000 - 0x00007ffdd9357000 	C:\Program Files\Android\Android Studio\jre\bin\sunec.dll

dbghelp: loaded successfully - version: 4.0.5 - missing functions: none
symbol engine: initialized successfully - sym options: 0x614 - pdb path: .;C:\Program Files\Android\Android Studio\jre\bin;C:\WINDOWS\SYSTEM32;C:\WINDOWS\WinSxS\amd64_microsoft.windows.common-controls_6595b64144ccf1df_6.0.22621.608_none_a9444ca7c10bb01d;C:\Program Files\Android\Android Studio\jre\bin\server;C:\Users\junni\.gradle\native\e1d6ef7f7dcc3fd88c89a11ec53ec762bb8ba0a96d01ffa2cd45eb1d1d8dd5c5\windows-amd64;C:\Users\junni\.gradle\native\0d407fdbe67a94daf76414ababcb853783967236a71b16ec16e742cd7a986fd3\windows-amd64;C:\Users\junni\AppData\Local\Temp\native-platform8267560871157145601dir

VM Arguments:
jvm_args: --add-opens=java.base/java.util=ALL-UNNAMED --add-opens=java.base/java.lang=ALL-UNNAMED --add-opens=java.base/java.lang.invoke=ALL-UNNAMED --add-opens=java.base/java.util=ALL-UNNAMED --add-opens=java.prefs/java.util.prefs=ALL-UNNAMED --add-opens=java.prefs/java.util.prefs=ALL-UNNAMED --add-opens=java.base/java.nio.charset=ALL-UNNAMED --add-opens=java.base/java.net=ALL-UNNAMED --add-opens=java.base/java.util.concurrent.atomic=ALL-UNNAMED -Xmx2048m -Dfile.encoding=UTF-8 -Duser.country=KR -Duser.language=ko -Duser.variant 
java_command: org.gradle.launcher.daemon.bootstrap.GradleDaemon 7.4
java_class_path (initial): C:\Users\junni\.gradle\wrapper\dists\gradle-7.4-bin\c0gwcg53nkjbqw7r0h0umtfvt\gradle-7.4\lib\gradle-launcher-7.4.jar
Launcher Type: SUN_STANDARD

[Global flags]
     intx CICompilerCount                          = 4                                         {product} {ergonomic}
     uint ConcGCThreads                            = 2                                         {product} {ergonomic}
     uint G1ConcRefinementThreads                  = 8                                         {product} {ergonomic}
   size_t G1HeapRegionSize                         = 1048576                                   {product} {ergonomic}
    uintx GCDrainStackTargetSize                   = 64                                        {product} {ergonomic}
   size_t InitialHeapSize                          = 264241152                                 {product} {ergonomic}
   size_t MarkStackSize                            = 4194304                                   {product} {ergonomic}
   size_t MaxHeapSize                              = 2147483648                                {product} {command line}
   size_t MaxNewSize                               = 1287651328                                {product} {ergonomic}
   size_t MinHeapDeltaBytes                        = 1048576                                   {product} {ergonomic}
    uintx NonNMethodCodeHeapSize                   = 5836300                                {pd product} {ergonomic}
    uintx NonProfiledCodeHeapSize                  = 122910970                              {pd product} {ergonomic}
    uintx ProfiledCodeHeapSize                     = 122910970                              {pd product} {ergonomic}
    uintx ReservedCodeCacheSize                    = 251658240                              {pd product} {ergonomic}
     bool SegmentedCodeCache                       = true                                      {product} {ergonomic}
     bool UseCompressedClassPointers               = true                                 {lp64_product} {ergonomic}
     bool UseCompressedOops                        = true                                 {lp64_product} {ergonomic}
     bool UseG1GC                                  = true                                      {product} {ergonomic}
     bool UseLargePagesIndividualAllocation        = false                                  {pd product} {ergonomic}

Logging:
Log output configuration:
 #0: stdout all=warning uptime,level,tags
 #1: stderr all=off uptime,level,tags

Environment Variables:
PATH=C:\Program Files\Common Files\Oracle\Java\javapath;C:\WINDOWS\system32;C:\WINDOWS;C:\WINDOWS\System32\Wbem;C:\WINDOWS\System32\WindowsPowerShell\v1.0\;C:\WINDOWS\System32\OpenSSH\;C:\Program Files\MySQL\MySQL Shell 8.0\bin\;C:\Users\junni\AppData\Local\Microsoft\WindowsApps;
USERNAME=junni
OS=Windows_NT
PROCESSOR_IDENTIFIER=Intel64 Family 6 Model 140 Stepping 2, GenuineIntel



---------------  S Y S T E M  ---------------

OS: Windows 11 , 64 bit Build 22621 (10.0.22621.755)
OS uptime: 1 days 6:38 hours

CPU:total 8 (initial active 8) (4 cores per cpu, 2 threads per core) family 6 model 140 stepping 2 microcode 0x16, cmov, cx8, fxsr, mmx, sse, sse2, sse3, ssse3, sse4.1, sse4.2, popcnt, avx, avx2, aes, clmul, erms, 3dnowpref, lzcnt, ht, tsc, tscinvbit, bmi1, bmi2, adx, evex, sha, fma

Memory: 4k page, system-wide physical 16092M (1258M free)
TotalPageFile size 43984M (AvailPageFile size 5M)
current process WorkingSet (physical memory assigned to process): 574M, peak: 575M
current process commit charge ("private bytes"): 624M, peak: 625M

vm_info: OpenJDK 64-Bit Server VM (11.0.13+0-b1751.21-8125866) for windows-amd64 JRE (11.0.13+0-b1751.21-8125866), built on Feb  2 2022 03:00:22 by "builder" with MS VC++ 14.0 (VS2015)

END.
